Log file open, 01/24/18 03:36:48
LogWindows: Failed to load 'aqProf.dll' (GetLastError=126)
LogWindows: File 'aqProf.dll' does not exist
LogWindows: Failed to load 'VtuneApi.dll' (GetLastError=126)
LogWindows: File 'VtuneApi.dll' does not exist
LogWindows: Failed to load 'VtuneApi32e.dll' (GetLastError=126)
LogWindows: File 'VtuneApi32e.dll' does not exist
LogInit: Display: Running engine for game: Bomberman
LogPlatformFile: Not using cached read wrapper
LogInit: Display: RandInit(1964360580) SRandInit(1964360580).
LogInit: Read version file with build ID '3709383'
LogInit: Overriding engine version to CL 3832480, compatible CL 3709383
LogInit: Registered custom module enumerator with build ID '3709383'
LogTaskGraph: Started task graph with 5 named threads and 14 total threads with 3 sets of task threads.
LogStats: Stats thread started at 0.171340
LogD3D11RHI: Aftermath initialized
LogPluginManager: Mounting plugin Paper2D
LogPluginManager: Mounting plugin LightPropagationVolume
LogPluginManager: Mounting plugin CodeLiteSourceCodeAccess
LogPluginManager: Mounting plugin GitSourceControl
LogPluginManager: Mounting plugin KDevelopSourceCodeAccess
LogPluginManager: Mounting plugin NullSourceCodeAccess
LogPluginManager: Mounting plugin PerforceSourceControl
LogPluginManager: Mounting plugin SubversionSourceControl
LogPluginManager: Mounting plugin UObjectPlugin
LogPluginManager: Mounting plugin VisualStudioCodeSourceCodeAccess
LogPluginManager: Mounting plugin VisualStudioSourceCodeAccess
LogPluginManager: Mounting plugin XCodeSourceCodeAccess
LogPluginManager: Mounting plugin AssetManagerEditor
LogPluginManager: Mounting plugin AudioCapture
LogPluginManager: Mounting plugin FacialAnimation
LogPluginManager: Mounting plugin GameplayTagsEditor
LogPluginManager: Mounting plugin MobileLauncherProfileWizard
LogPluginManager: Mounting plugin PluginBrowser
LogPluginManager: Mounting plugin SpeedTreeImporter
LogPluginManager: Mounting plugin AlembicImporter
LogPluginManager: Mounting plugin CharacterAI
LogPluginManager: Mounting plugin HTML5Networking
LogPluginManager: Mounting plugin AndroidMedia
LogPluginManager: Mounting plugin AvfMedia
LogPluginManager: Mounting plugin ImgMedia
LogPluginManager: Mounting plugin MediaCompositing
LogPluginManager: Mounting plugin MediaPlayerEditor
LogPluginManager: Mounting plugin WmfMedia
LogPluginManager: Mounting plugin TcpMessaging
LogPluginManager: Mounting plugin UdpMessaging
LogPluginManager: Mounting plugin ActorSequence
LogPluginManager: Mounting plugin LevelSequenceEditor
LogPluginManager: Mounting plugin MatineeToLevelSequence
LogPluginManager: Mounting plugin OnlineSubsystemGooglePlay
LogPluginManager: Mounting plugin OnlineSubsystemIOS
LogPluginManager: Mounting plugin OnlineSubsystem
LogPluginManager: Mounting plugin OnlineSubsystemNull
LogPluginManager: Mounting plugin OnlineSubsystemUtils
LogPluginManager: Mounting plugin AndroidDeviceProfileSelector
LogPluginManager: Mounting plugin AndroidMoviePlayer
LogPluginManager: Mounting plugin AndroidPermission
LogPluginManager: Mounting plugin AppleARKit
LogPluginManager: Mounting plugin AppleMoviePlayer
LogPluginManager: Mounting plugin ArchVisCharacter
LogPluginManager: Mounting plugin CableComponent
LogPluginManager: Mounting plugin CustomMeshComponent
LogPluginManager: Mounting plugin ExampleDeviceProfileSelector
LogPluginManager: Mounting plugin GoogleCloudMessaging
LogPluginManager: Mounting plugin ImmediatePhysics
LogPluginManager: Mounting plugin IOSDeviceProfileSelector
LogPluginManager: Mounting plugin LinuxDeviceProfileSelector
LogPluginManager: Mounting plugin LocationServicesBPLibrary
LogPluginManager: Mounting plugin MobilePatchingUtils
LogPluginManager: Mounting plugin OculusVR
LogPluginManager: Plugin shader directory ../../../Engine/Plugins/Runtime/Oculus/OculusVR/Shaders found
LogPluginManager: Mapping shader source directory ../../../Engine/Plugins/Runtime/Oculus/OculusVR/Shaders to virtual directory /Plugin/OculusVR
LogPluginManager: Mounting plugin PhysXVehicles
LogPluginManager: Mounting plugin ProceduralMeshComponent
LogPluginManager: Mounting plugin RuntimePhysXCooking
LogPluginManager: Mounting plugin SteamVR
LogPluginManager: Mounting plugin WindowsMoviePlayer
LogModuleManager: Warning: Module file ../../../../../../Users/Luke/Documents/Unreal Projects/bomberman-ue4/Bomberman/Binaries/Win64/UE4Editor-Bomberman-9975.dll is missing. This is likely a stale module that must be recompiled.
LogModuleManager: Display: Found up-to-date module file ../../../Engine/Plugins/2D/Paper2D/Binaries/Win64/UE4Editor-Paper2D.dll (API version 3709383).
LogModuleManager: Display: Found up-to-date module file ../../../Engine/Plugins/2D/Paper2D/Binaries/Win64/UE4Editor-Paper2DEditor.dll (API version 3709383).
LogModuleManager: Display: Found up-to-date module file ../../../Engine/Plugins/2D/Paper2D/Binaries/Win64/UE4Editor-PaperSpriteSheetImporter.dll (API version 3709383).
LogModuleManager: Display: Found up-to-date module file ../../../Engine/Plugins/2D/Paper2D/Binaries/Win64/UE4Editor-PaperTiledImporter.dll (API version 3709383).
LogModuleManager: Display: Found up-to-date module file ../../../Engine/Plugins/2D/Paper2D/Binaries/Win64/UE4Editor-SmartSnapping.dll (API version 3709383).
LogModuleManager: Display: Found up-to-date module file ../../../Engine/Plugins/Blendables/LightPropagationVolume/Binaries/Win64/UE4Editor-LightPropagationVolumeRuntime.dll (API version 3709383).
LogModuleManager: Display: Found up-to-date module file ../../../Engine/Plugins/Blendables/LightPropagationVolume/Binaries/Win64/UE4Editor-LightPropagationVolumeEditor.dll (API version 3709383).
LogModuleManager: Display: Found up-to-date module file ../../../Engine/Plugins/Developer/GitSourceControl/Binaries/Win64/UE4Editor-GitSourceControl.dll (API version 3709383).
LogModuleManager: Display: Found up-to-date module file ../../../Engine/Plugins/Developer/PerforceSourceControl/Binaries/Win64/UE4Editor-PerforceSourceControl.dll (API version 3709383).
LogModuleManager: Display: Found up-to-date module file ../../../Engine/Plugins/Developer/SubversionSourceControl/Binaries/Win64/UE4Editor-SubversionSourceControl.dll (API version 3709383).
LogModuleManager: Display: Found up-to-date module file ../../../Engine/Plugins/Developer/UObjectPlugin/Binaries/Win64/UE4Editor-UObjectPlugin.dll (API version 3709383).
LogModuleManager: Display: Found up-to-date module file ../../../Engine/Plugins/Developer/VisualStudioCodeSourceCodeAccess/Binaries/Win64/UE4Editor-VisualStudioCodeSourceCodeAccess.dll (API version 3709383).
LogModuleManager: Display: Found up-to-date module file ../../../Engine/Plugins/Developer/VisualStudioSourceCodeAccess/Binaries/Win64/UE4Editor-VisualStudioSourceCodeAccess.dll (API version 3709383).
LogModuleManager: Display: Found up-to-date module file ../../../Engine/Plugins/Editor/AssetManagerEditor/Binaries/Win64/UE4Editor-AssetManagerEditor.dll (API version 3709383).
LogModuleManager: Display: Found up-to-date module file ../../../Engine/Plugins/Editor/AudioCapture/Binaries/Win64/UE4Editor-AudioCapture.dll (API version 3709383).
LogModuleManager: Display: Found up-to-date module file ../../../Engine/Plugins/Editor/FacialAnimation/Binaries/Win64/UE4Editor-FacialAnimation.dll (API version 3709383).
LogModuleManager: Display: Found up-to-date module file ../../../Engine/Plugins/Editor/FacialAnimation/Binaries/Win64/UE4Editor-FacialAnimationEditor.dll (API version 3709383).
LogModuleManager: Display: Found up-to-date module file ../../../Engine/Plugins/Editor/GameplayTagsEditor/Binaries/Win64/UE4Editor-GameplayTagsEditor.dll (API version 3709383).
LogModuleManager: Display: Found up-to-date module file ../../../Engine/Plugins/Editor/MobileLauncherProfileWizard/Binaries/Win64/UE4Editor-MobileLauncherProfileWizard.dll (API version 3709383).
LogModuleManager: Display: Found up-to-date module file ../../../Engine/Plugins/Editor/PluginBrowser/Binaries/Win64/UE4Editor-PluginBrowser.dll (API version 3709383).
LogModuleManager: Display: Found up-to-date module file ../../../Engine/Plugins/Editor/SpeedTreeImporter/Binaries/Win64/UE4Editor-SpeedTreeImporter.dll (API version 3709383).
LogModuleManager: Display: Found up-to-date module file ../../../Engine/Plugins/Experimental/AlembicImporter/Binaries/Win64/UE4Editor-AlembicImporter.dll (API version 3709383).
LogModuleManager: Display: Found up-to-date module file ../../../Engine/Plugins/Experimental/AlembicImporter/Binaries/Win64/UE4Editor-AlembicLibrary.dll (API version 3709383).
LogModuleManager: Display: Found up-to-date module file ../../../Engine/Plugins/Experimental/CharacterAI/Binaries/Win64/UE4Editor-CharacterAI.dll (API version 3709383).
LogModuleManager: Display: Found up-to-date module file ../../../Engine/Plugins/Experimental/HTML5Networking/Binaries/Win64/UE4Editor-HTML5Networking.dll (API version 3709383).
LogModuleManager: Display: Found up-to-date module file ../../../Engine/Plugins/Media/AndroidMedia/Binaries/Win64/UE4Editor-AndroidMediaEditor.dll (API version 3709383).
LogModuleManager: Display: Found up-to-date module file ../../../Engine/Plugins/Media/AndroidMedia/Binaries/Win64/UE4Editor-AndroidMediaFactory.dll (API version 3709383).
LogModuleManager: Display: Found up-to-date module file ../../../Engine/Plugins/Media/AvfMedia/Binaries/Win64/UE4Editor-AvfMediaEditor.dll (API version 3709383).
LogModuleManager: Display: Found up-to-date module file ../../../Engine/Plugins/Media/AvfMedia/Binaries/Win64/UE4Editor-AvfMediaFactory.dll (API version 3709383).
LogModuleManager: Display: Found up-to-date module file ../../../Engine/Plugins/Media/AvfMedia/Binaries/Win64/UE4Editor-AvfMediaFactory.dll (API version 3709383).
LogModuleManager: Display: Found up-to-date module file ../../../Engine/Plugins/Media/ImgMedia/Binaries/Win64/UE4Editor-ImgMedia.dll (API version 3709383).
LogModuleManager: Display: Found up-to-date module file ../../../Engine/Plugins/Media/ImgMedia/Binaries/Win64/UE4Editor-ImgMediaEditor.dll (API version 3709383).
LogModuleManager: Display: Found up-to-date module file ../../../Engine/Plugins/Media/ImgMedia/Binaries/Win64/UE4Editor-ImgMediaFactory.dll (API version 3709383).
LogModuleManager: Display: Found up-to-date module file ../../../Engine/Plugins/Media/ImgMedia/Binaries/Win64/UE4Editor-ImgMediaFactory.dll (API version 3709383).
LogModuleManager: Display: Found up-to-date module file ../../../Engine/Plugins/Media/ImgMedia/Binaries/Win64/UE4Editor-OpenExrWrapper.dll (API version 3709383).
LogModuleManager: Display: Found up-to-date module file ../../../Engine/Plugins/Media/MediaCompositing/Binaries/Win64/UE4Editor-MediaCompositing.dll (API version 3709383).
LogModuleManager: Display: Found up-to-date module file ../../../Engine/Plugins/Media/MediaCompositing/Binaries/Win64/UE4Editor-MediaCompositingEditor.dll (API version 3709383).
LogModuleManager: Display: Found up-to-date module file ../../../Engine/Plugins/Media/MediaPlayerEditor/Binaries/Win64/UE4Editor-MediaPlayerEditor.dll (API version 3709383).
LogModuleManager: Display: Found up-to-date module file ../../../Engine/Plugins/Media/WmfMedia/Binaries/Win64/UE4Editor-WmfMedia.dll (API version 3709383).
LogModuleManager: Display: Found up-to-date module file ../../../Engine/Plugins/Media/WmfMedia/Binaries/Win64/UE4Editor-WmfMediaEditor.dll (API version 3709383).
LogModuleManager: Display: Found up-to-date module file ../../../Engine/Plugins/Media/WmfMedia/Binaries/Win64/UE4Editor-WmfMediaFactory.dll (API version 3709383).
LogModuleManager: Display: Found up-to-date module file ../../../Engine/Plugins/Media/WmfMedia/Binaries/Win64/UE4Editor-WmfMediaFactory.dll (API version 3709383).
LogModuleManager: Display: Found up-to-date module file ../../../Engine/Plugins/Messaging/TcpMessaging/Binaries/Win64/UE4Editor-TcpMessaging.dll (API version 3709383).
LogModuleManager: Display: Found up-to-date module file ../../../Engine/Plugins/Messaging/UdpMessaging/Binaries/Win64/UE4Editor-UdpMessaging.dll (API version 3709383).
LogModuleManager: Display: Found up-to-date module file ../../../Engine/Plugins/MovieScene/ActorSequence/Binaries/Win64/UE4Editor-ActorSequence.dll (API version 3709383).
LogModuleManager: Display: Found up-to-date module file ../../../Engine/Plugins/MovieScene/LevelSequenceEditor/Binaries/Win64/UE4Editor-LevelSequenceEditor.dll (API version 3709383).
LogModuleManager: Display: Found up-to-date module file ../../../Engine/Plugins/MovieScene/MatineeToLevelSequence/Binaries/Win64/UE4Editor-MatineeToLevelSequence.dll (API version 3709383).
LogModuleManager: Display: Found up-to-date module file ../../../Engine/Plugins/Online/OnlineSubsystem/Binaries/Win64/UE4Editor-OnlineSubsystem.dll (API version 3709383).
LogModuleManager: Display: Found up-to-date module file ../../../Engine/Plugins/Online/OnlineSubsystemNull/Binaries/Win64/UE4Editor-OnlineSubsystemNull.dll (API version 3709383).
LogModuleManager: Display: Found up-to-date module file ../../../Engine/Plugins/Online/OnlineSubsystemUtils/Binaries/Win64/UE4Editor-OnlineSubsystemUtils.dll (API version 3709383).
LogModuleManager: Display: Found up-to-date module file ../../../Engine/Plugins/Online/OnlineSubsystemUtils/Binaries/Win64/UE4Editor-OnlineBlueprintSupport.dll (API version 3709383).
LogModuleManager: Display: Found up-to-date module file ../../../Engine/Plugins/Runtime/AndroidDeviceProfileSelector/Binaries/Win64/UE4Editor-AndroidDeviceProfileSelector.dll (API version 3709383).
LogModuleManager: Display: Found up-to-date module file ../../../Engine/Plugins/Runtime/AndroidPermission/Binaries/Win64/UE4Editor-AndroidPermission.dll (API version 3709383).
LogModuleManager: Display: Found up-to-date module file ../../../Engine/Plugins/Runtime/AppleARKit/Binaries/Win64/UE4Editor-AppleARKit.dll (API version 3709383).
LogModuleManager: Display: Found up-to-date module file ../../../Engine/Plugins/Runtime/ArchVisCharacter/Binaries/Win64/UE4Editor-ArchVisCharacter.dll (API version 3709383).
LogModuleManager: Display: Found up-to-date module file ../../../Engine/Plugins/Runtime/CableComponent/Binaries/Win64/UE4Editor-CableComponent.dll (API version 3709383).
LogModuleManager: Display: Found up-to-date module file ../../../Engine/Plugins/Runtime/CustomMeshComponent/Binaries/Win64/UE4Editor-CustomMeshComponent.dll (API version 3709383).
LogModuleManager: Display: Found up-to-date module file ../../../Engine/Plugins/Runtime/ExampleDeviceProfileSelector/Binaries/Win64/UE4Editor-ExampleDeviceProfileSelector.dll (API version 3709383).
LogModuleManager: Display: Found up-to-date module file ../../../Engine/Plugins/Runtime/ImmediatePhysics/Binaries/Win64/UE4Editor-ImmediatePhysics.dll (API version 3709383).
LogModuleManager: Display: Found up-to-date module file ../../../Engine/Plugins/Runtime/ImmediatePhysics/Binaries/Win64/UE4Editor-ImmediatePhysicsEditor.dll (API version 3709383).
LogModuleManager: Display: Found up-to-date module file ../../../Engine/Plugins/Runtime/LocationServicesBPLibrary/Binaries/Win64/UE4Editor-LocationServicesBPLibrary.dll (API version 3709383).
LogModuleManager: Display: Found up-to-date module file ../../../Engine/Plugins/Runtime/MobilePatchingUtils/Binaries/Win64/UE4Editor-MobilePatchingUtils.dll (API version 3709383).
LogModuleManager: Display: Found up-to-date module file ../../../Engine/Plugins/Runtime/Oculus/OculusVR/Binaries/Win64/UE4Editor-OculusHMD.dll (API version 3709383).
LogModuleManager: Display: Found up-to-date module file ../../../Engine/Plugins/Runtime/Oculus/OculusVR/Binaries/Win64/UE4Editor-OculusInput.dll (API version 3709383).
LogModuleManager: Display: Found up-to-date module file ../../../Engine/Plugins/Runtime/Oculus/OculusVR/Binaries/Win64/UE4Editor-OculusEditor.dll (API version 3709383).
LogModuleManager: Display: Found up-to-date module file ../../../Engine/Plugins/Runtime/PhysXVehicles/Binaries/Win64/UE4Editor-PhysXVehicles.dll (API version 3709383).
LogModuleManager: Display: Found up-to-date module file ../../../Engine/Plugins/Runtime/PhysXVehicles/Binaries/Win64/UE4Editor-PhysXVehiclesEditor.dll (API version 3709383).
LogModuleManager: Display: Found up-to-date module file ../../../Engine/Plugins/Runtime/ProceduralMeshComponent/Binaries/Win64/UE4Editor-ProceduralMeshComponent.dll (API version 3709383).
LogModuleManager: Display: Found up-to-date module file ../../../Engine/Plugins/Runtime/ProceduralMeshComponent/Binaries/Win64/UE4Editor-ProceduralMeshComponentEditor.dll (API version 3709383).
LogModuleManager: Display: Found up-to-date module file ../../../Engine/Plugins/Runtime/RuntimePhysXCooking/Binaries/Win64/UE4Editor-RuntimePhysXCooking.dll (API version 3709383).
LogModuleManager: Display: Found up-to-date module file ../../../Engine/Plugins/Runtime/Steam/SteamVR/Binaries/Win64/UE4Editor-SteamVR.dll (API version 3709383).
LogModuleManager: Display: Found up-to-date module file ../../../Engine/Plugins/Runtime/Steam/SteamVR/Binaries/Win64/UE4Editor-SteamVRController.dll (API version 3709383).
LogModuleManager: Display: Found up-to-date module file ../../../Engine/Plugins/Runtime/WindowsMoviePlayer/Binaries/Win64/UE4Editor-WindowsMoviePlayer.dll (API version 3709383).
LogInit: Warning: Incompatible or missing module: UE4Editor-Bomberman.dll
Running C:/Program Files/Epic Games/UE_4.18/Engine/Binaries/DotNET/UnrealBuildTool.exe Bomberman Development Win64 -project="C:/Users/Luke/Documents/Unreal Projects/bomberman-ue4/Bomberman/Bomberman.uproject" -editorrecompile -progress -NoHotReloadFromIDE
Using 'git status' to determine working set for adaptive non-unity build.
@progress push 5%
@progress pop
Performing 4 actions (4 in parallel)
[2/4] Resource PCLaunch.rc
BombermanGameModeBase.cpp
[3/4] Link UE4Editor-Bomberman.dll
[4/4] Link UE4Editor-Bomberman.lib
   Creating library C:\Users\Luke\Documents\Unreal Projects\bomberman-ue4\Bomberman\Intermediate\Build\Win64\UE4Editor\Development\UE4Editor-Bomberman.lib and object C:\Users\Luke\Documents\Unreal Projects\bomberman-ue4\Bomberman\Intermediate\Build\Win64\UE4Editor\Development\UE4Editor-Bomberman.exp
   Creating library C:\Users\Luke\Documents\Unreal Projects\bomberman-ue4\Bomberman\Intermediate\Build\Win64\UE4Editor\Development\UE4Editor-Bomberman.suppressed.lib and object C:\Users\Luke\Documents\Unreal Projects\bomberman-ue4\Bomberman\Intermediate\Build\Win64\UE4Editor\Development\UE4Editor-Bomberman.suppressed.exp
Deploying BombermanEditor Win64 Development...
Total build time: 2.84 seconds (Local executor: 2.12 seconds)
LogModuleManager: Display: Found up-to-date module file ../../../../../../Users/Luke/Documents/Unreal Projects/bomberman-ue4/Bomberman/Binaries/Win64/UE4Editor-Bomberman.dll (API version 3709383).
LogModuleManager: Display: Found up-to-date module file ../../../Engine/Plugins/2D/Paper2D/Binaries/Win64/UE4Editor-Paper2D.dll (API version 3709383).
LogModuleManager: Display: Found up-to-date module file ../../../Engine/Plugins/2D/Paper2D/Binaries/Win64/UE4Editor-Paper2DEditor.dll (API version 3709383).
LogModuleManager: Display: Found up-to-date module file ../../../Engine/Plugins/2D/Paper2D/Binaries/Win64/UE4Editor-PaperSpriteSheetImporter.dll (API version 3709383).
LogModuleManager: Display: Found up-to-date module file ../../../Engine/Plugins/2D/Paper2D/Binaries/Win64/UE4Editor-PaperTiledImporter.dll (API version 3709383).
LogModuleManager: Display: Found up-to-date module file ../../../Engine/Plugins/2D/Paper2D/Binaries/Win64/UE4Editor-SmartSnapping.dll (API version 3709383).
LogModuleManager: Display: Found up-to-date module file ../../../Engine/Plugins/Blendables/LightPropagationVolume/Binaries/Win64/UE4Editor-LightPropagationVolumeRuntime.dll (API version 3709383).
LogModuleManager: Display: Found up-to-date module file ../../../Engine/Plugins/Blendables/LightPropagationVolume/Binaries/Win64/UE4Editor-LightPropagationVolumeEditor.dll (API version 3709383).
LogModuleManager: Display: Found up-to-date module file ../../../Engine/Plugins/Developer/GitSourceControl/Binaries/Win64/UE4Editor-GitSourceControl.dll (API version 3709383).
LogModuleManager: Display: Found up-to-date module file ../../../Engine/Plugins/Developer/PerforceSourceControl/Binaries/Win64/UE4Editor-PerforceSourceControl.dll (API version 3709383).
LogModuleManager: Display: Found up-to-date module file ../../../Engine/Plugins/Developer/SubversionSourceControl/Binaries/Win64/UE4Editor-SubversionSourceControl.dll (API version 3709383).
LogModuleManager: Display: Found up-to-date module file ../../../Engine/Plugins/Developer/UObjectPlugin/Binaries/Win64/UE4Editor-UObjectPlugin.dll (API version 3709383).
LogModuleManager: Display: Found up-to-date module file ../../../Engine/Plugins/Developer/VisualStudioCodeSourceCodeAccess/Binaries/Win64/UE4Editor-VisualStudioCodeSourceCodeAccess.dll (API version 3709383).
LogModuleManager: Display: Found up-to-date module file ../../../Engine/Plugins/Developer/VisualStudioSourceCodeAccess/Binaries/Win64/UE4Editor-VisualStudioSourceCodeAccess.dll (API version 3709383).
LogModuleManager: Display: Found up-to-date module file ../../../Engine/Plugins/Editor/AssetManagerEditor/Binaries/Win64/UE4Editor-AssetManagerEditor.dll (API version 3709383).
LogModuleManager: Display: Found up-to-date module file ../../../Engine/Plugins/Editor/AudioCapture/Binaries/Win64/UE4Editor-AudioCapture.dll (API version 3709383).
LogModuleManager: Display: Found up-to-date module file ../../../Engine/Plugins/Editor/FacialAnimation/Binaries/Win64/UE4Editor-FacialAnimation.dll (API version 3709383).
LogModuleManager: Display: Found up-to-date module file ../../../Engine/Plugins/Editor/FacialAnimation/Binaries/Win64/UE4Editor-FacialAnimationEditor.dll (API version 3709383).
LogModuleManager: Display: Found up-to-date module file ../../../Engine/Plugins/Editor/GameplayTagsEditor/Binaries/Win64/UE4Editor-GameplayTagsEditor.dll (API version 3709383).
LogModuleManager: Display: Found up-to-date module file ../../../Engine/Plugins/Editor/MobileLauncherProfileWizard/Binaries/Win64/UE4Editor-MobileLauncherProfileWizard.dll (API version 3709383).
LogModuleManager: Display: Found up-to-date module file ../../../Engine/Plugins/Editor/PluginBrowser/Binaries/Win64/UE4Editor-PluginBrowser.dll (API version 3709383).
LogModuleManager: Display: Found up-to-date module file ../../../Engine/Plugins/Editor/SpeedTreeImporter/Binaries/Win64/UE4Editor-SpeedTreeImporter.dll (API version 3709383).
LogModuleManager: Display: Found up-to-date module file ../../../Engine/Plugins/Experimental/AlembicImporter/Binaries/Win64/UE4Editor-AlembicImporter.dll (API version 3709383).
LogModuleManager: Display: Found up-to-date module file ../../../Engine/Plugins/Experimental/AlembicImporter/Binaries/Win64/UE4Editor-AlembicLibrary.dll (API version 3709383).
LogModuleManager: Display: Found up-to-date module file ../../../Engine/Plugins/Experimental/CharacterAI/Binaries/Win64/UE4Editor-CharacterAI.dll (API version 3709383).
LogModuleManager: Display: Found up-to-date module file ../../../Engine/Plugins/Experimental/HTML5Networking/Binaries/Win64/UE4Editor-HTML5Networking.dll (API version 3709383).
LogModuleManager: Display: Found up-to-date module file ../../../Engine/Plugins/Media/AndroidMedia/Binaries/Win64/UE4Editor-AndroidMediaEditor.dll (API version 3709383).
LogModuleManager: Display: Found up-to-date module file ../../../Engine/Plugins/Media/AndroidMedia/Binaries/Win64/UE4Editor-AndroidMediaFactory.dll (API version 3709383).
LogModuleManager: Display: Found up-to-date module file ../../../Engine/Plugins/Media/AvfMedia/Binaries/Win64/UE4Editor-AvfMediaEditor.dll (API version 3709383).
LogModuleManager: Display: Found up-to-date module file ../../../Engine/Plugins/Media/AvfMedia/Binaries/Win64/UE4Editor-AvfMediaFactory.dll (API version 3709383).
LogModuleManager: Display: Found up-to-date module file ../../../Engine/Plugins/Media/AvfMedia/Binaries/Win64/UE4Editor-AvfMediaFactory.dll (API version 3709383).
LogModuleManager: Display: Found up-to-date module file ../../../Engine/Plugins/Media/ImgMedia/Binaries/Win64/UE4Editor-ImgMedia.dll (API version 3709383).
LogModuleManager: Display: Found up-to-date module file ../../../Engine/Plugins/Media/ImgMedia/Binaries/Win64/UE4Editor-ImgMediaEditor.dll (API version 3709383).
LogModuleManager: Display: Found up-to-date module file ../../../Engine/Plugins/Media/ImgMedia/Binaries/Win64/UE4Editor-ImgMediaFactory.dll (API version 3709383).
LogModuleManager: Display: Found up-to-date module file ../../../Engine/Plugins/Media/ImgMedia/Binaries/Win64/UE4Editor-ImgMediaFactory.dll (API version 3709383).
LogModuleManager: Display: Found up-to-date module file ../../../Engine/Plugins/Media/ImgMedia/Binaries/Win64/UE4Editor-OpenExrWrapper.dll (API version 3709383).
LogModuleManager: Display: Found up-to-date module file ../../../Engine/Plugins/Media/MediaCompositing/Binaries/Win64/UE4Editor-MediaCompositing.dll (API version 3709383).
LogModuleManager: Display: Found up-to-date module file ../../../Engine/Plugins/Media/MediaCompositing/Binaries/Win64/UE4Editor-MediaCompositingEditor.dll (API version 3709383).
LogModuleManager: Display: Found up-to-date module file ../../../Engine/Plugins/Media/MediaPlayerEditor/Binaries/Win64/UE4Editor-MediaPlayerEditor.dll (API version 3709383).
LogModuleManager: Display: Found up-to-date module file ../../../Engine/Plugins/Media/WmfMedia/Binaries/Win64/UE4Editor-WmfMedia.dll (API version 3709383).
LogModuleManager: Display: Found up-to-date module file ../../../Engine/Plugins/Media/WmfMedia/Binaries/Win64/UE4Editor-WmfMediaEditor.dll (API version 3709383).
LogModuleManager: Display: Found up-to-date module file ../../../Engine/Plugins/Media/WmfMedia/Binaries/Win64/UE4Editor-WmfMediaFactory.dll (API version 3709383).
LogModuleManager: Display: Found up-to-date module file ../../../Engine/Plugins/Media/WmfMedia/Binaries/Win64/UE4Editor-WmfMediaFactory.dll (API version 3709383).
LogModuleManager: Display: Found up-to-date module file ../../../Engine/Plugins/Messaging/TcpMessaging/Binaries/Win64/UE4Editor-TcpMessaging.dll (API version 3709383).
LogModuleManager: Display: Found up-to-date module file ../../../Engine/Plugins/Messaging/UdpMessaging/Binaries/Win64/UE4Editor-UdpMessaging.dll (API version 3709383).
LogModuleManager: Display: Found up-to-date module file ../../../Engine/Plugins/MovieScene/ActorSequence/Binaries/Win64/UE4Editor-ActorSequence.dll (API version 3709383).
LogModuleManager: Display: Found up-to-date module file ../../../Engine/Plugins/MovieScene/LevelSequenceEditor/Binaries/Win64/UE4Editor-LevelSequenceEditor.dll (API version 3709383).
LogModuleManager: Display: Found up-to-date module file ../../../Engine/Plugins/MovieScene/MatineeToLevelSequence/Binaries/Win64/UE4Editor-MatineeToLevelSequence.dll (API version 3709383).
LogModuleManager: Display: Found up-to-date module file ../../../Engine/Plugins/Online/OnlineSubsystem/Binaries/Win64/UE4Editor-OnlineSubsystem.dll (API version 3709383).
LogModuleManager: Display: Found up-to-date module file ../../../Engine/Plugins/Online/OnlineSubsystemNull/Binaries/Win64/UE4Editor-OnlineSubsystemNull.dll (API version 3709383).
LogModuleManager: Display: Found up-to-date module file ../../../Engine/Plugins/Online/OnlineSubsystemUtils/Binaries/Win64/UE4Editor-OnlineSubsystemUtils.dll (API version 3709383).
LogModuleManager: Display: Found up-to-date module file ../../../Engine/Plugins/Online/OnlineSubsystemUtils/Binaries/Win64/UE4Editor-OnlineBlueprintSupport.dll (API version 3709383).
LogModuleManager: Display: Found up-to-date module file ../../../Engine/Plugins/Runtime/AndroidDeviceProfileSelector/Binaries/Win64/UE4Editor-AndroidDeviceProfileSelector.dll (API version 3709383).
LogModuleManager: Display: Found up-to-date module file ../../../Engine/Plugins/Runtime/AndroidPermission/Binaries/Win64/UE4Editor-AndroidPermission.dll (API version 3709383).
LogModuleManager: Display: Found up-to-date module file ../../../Engine/Plugins/Runtime/AppleARKit/Binaries/Win64/UE4Editor-AppleARKit.dll (API version 3709383).
LogModuleManager: Display: Found up-to-date module file ../../../Engine/Plugins/Runtime/ArchVisCharacter/Binaries/Win64/UE4Editor-ArchVisCharacter.dll (API version 3709383).
LogModuleManager: Display: Found up-to-date module file ../../../Engine/Plugins/Runtime/CableComponent/Binaries/Win64/UE4Editor-CableComponent.dll (API version 3709383).
LogModuleManager: Display: Found up-to-date module file ../../../Engine/Plugins/Runtime/CustomMeshComponent/Binaries/Win64/UE4Editor-CustomMeshComponent.dll (API version 3709383).
LogModuleManager: Display: Found up-to-date module file ../../../Engine/Plugins/Runtime/ExampleDeviceProfileSelector/Binaries/Win64/UE4Editor-ExampleDeviceProfileSelector.dll (API version 3709383).
LogModuleManager: Display: Found up-to-date module file ../../../Engine/Plugins/Runtime/ImmediatePhysics/Binaries/Win64/UE4Editor-ImmediatePhysics.dll (API version 3709383).
LogModuleManager: Display: Found up-to-date module file ../../../Engine/Plugins/Runtime/ImmediatePhysics/Binaries/Win64/UE4Editor-ImmediatePhysicsEditor.dll (API version 3709383).
LogModuleManager: Display: Found up-to-date module file ../../../Engine/Plugins/Runtime/LocationServicesBPLibrary/Binaries/Win64/UE4Editor-LocationServicesBPLibrary.dll (API version 3709383).
LogModuleManager: Display: Found up-to-date module file ../../../Engine/Plugins/Runtime/MobilePatchingUtils/Binaries/Win64/UE4Editor-MobilePatchingUtils.dll (API version 3709383).
LogModuleManager: Display: Found up-to-date module file ../../../Engine/Plugins/Runtime/Oculus/OculusVR/Binaries/Win64/UE4Editor-OculusHMD.dll (API version 3709383).
LogModuleManager: Display: Found up-to-date module file ../../../Engine/Plugins/Runtime/Oculus/OculusVR/Binaries/Win64/UE4Editor-OculusInput.dll (API version 3709383).
LogModuleManager: Display: Found up-to-date module file ../../../Engine/Plugins/Runtime/Oculus/OculusVR/Binaries/Win64/UE4Editor-OculusEditor.dll (API version 3709383).
LogModuleManager: Display: Found up-to-date module file ../../../Engine/Plugins/Runtime/PhysXVehicles/Binaries/Win64/UE4Editor-PhysXVehicles.dll (API version 3709383).
LogModuleManager: Display: Found up-to-date module file ../../../Engine/Plugins/Runtime/PhysXVehicles/Binaries/Win64/UE4Editor-PhysXVehiclesEditor.dll (API version 3709383).
LogModuleManager: Display: Found up-to-date module file ../../../Engine/Plugins/Runtime/ProceduralMeshComponent/Binaries/Win64/UE4Editor-ProceduralMeshComponent.dll (API version 3709383).
LogModuleManager: Display: Found up-to-date module file ../../../Engine/Plugins/Runtime/ProceduralMeshComponent/Binaries/Win64/UE4Editor-ProceduralMeshComponentEditor.dll (API version 3709383).
LogModuleManager: Display: Found up-to-date module file ../../../Engine/Plugins/Runtime/RuntimePhysXCooking/Binaries/Win64/UE4Editor-RuntimePhysXCooking.dll (API version 3709383).
LogModuleManager: Display: Found up-to-date module file ../../../Engine/Plugins/Runtime/Steam/SteamVR/Binaries/Win64/UE4Editor-SteamVR.dll (API version 3709383).
LogModuleManager: Display: Found up-to-date module file ../../../Engine/Plugins/Runtime/Steam/SteamVR/Binaries/Win64/UE4Editor-SteamVRController.dll (API version 3709383).
LogModuleManager: Display: Found up-to-date module file ../../../Engine/Plugins/Runtime/WindowsMoviePlayer/Binaries/Win64/UE4Editor-WindowsMoviePlayer.dll (API version 3709383).
LogInit: Using libcurl 7.47.1
LogInit:  - built for x86_64-pc-win32
LogInit:  - supports SSL with OpenSSL/1.0.2g
LogInit:  - supports HTTP deflate (compression) using libz 1.2.8
LogInit:  - other features:
LogInit:      CURL_VERSION_SSL
LogInit:      CURL_VERSION_LIBZ
LogInit:      CURL_VERSION_IPV6
LogInit:      CURL_VERSION_ASYNCHDNS
LogInit:      CURL_VERSION_LARGEFILE
LogInit:      CURL_VERSION_IDN
LogInit:  CurlRequestOptions (configurable via config and command line):
LogInit:  - bVerifyPeer = false  - Libcurl will NOT verify peer certificate
LogInit:  - bUseHttpProxy = false  - Libcurl will NOT use HTTP proxy
LogInit:  - bDontReuseConnections = false  - Libcurl will reuse connections
LogInit:  - CertBundlePath = nullptr  - Libcurl will use whatever was configured at build time.
LogInit: Build: ++UE4+Release-4.18-CL-3832480
LogInit: Engine Version: 4.18.3-3832480+++UE4+Release-4.18
LogInit: Compatible Engine Version: 4.18.0-3709383+++UE4+Release-4.18
LogInit: Net CL: 3709383
LogDevObjectVersion: Number of dev versions registered: 16
LogDevObjectVersion:   Dev-Blueprints (B0D832E4-1F89-4F0D-ACCF-7EB736FD4AA2): 10
LogDevObjectVersion:   Dev-Build (E1C64328-A22C-4D53-A36C-8E866417BD8C): 0
LogDevObjectVersion:   Dev-Core (375EC13C-06E4-48FB-B500-84F0262A717E): 2
LogDevObjectVersion:   Dev-Editor (E4B068ED-F494-42E9-A231-DA0B2E46BB41): 20
LogDevObjectVersion:   Dev-Framework (CFFC743F-43B0-4480-9391-14DF171D2073): 30
LogDevObjectVersion:   Dev-Mobile (B02B49B5-BB20-44E9-A304-32B752E40360): 0
LogDevObjectVersion:   Dev-Networking (A4E4105C-59A1-49B5-A7C5-40C4547EDFEE): 0
LogDevObjectVersion:   Dev-Online (39C831C9-5AE6-47DC-9A44-9C173E1C8E7C): 0
LogDevObjectVersion:   Dev-Physics (78F01B33-EBEA-4F98-B9B4-84EACCB95AA2): 0
LogDevObjectVersion:   Dev-Platform (6631380F-2D4D-43E0-8009-CF276956A95A): 0
LogDevObjectVersion:   Dev-Rendering (12F88B9F-8875-4AFC-A67C-D90C383ABD29): 20
LogDevObjectVersion:   Dev-Sequencer (7B5AE74C-D270-4C10-A958-57980B212A5A): 4
LogDevObjectVersion:   Dev-VR (D7296918-1DD6-4BDD-9DE2-64A83CC13884): 0
LogDevObjectVersion:   Dev-LoadTimes (C2A15278-BFE7-4AFE-6C17-90FF531DF755): 1
LogDevObjectVersion:   Private-Geometry (6EACA3D4-40EC-4CC1-B786-8BED09428FC5): 1
LogDevObjectVersion:   Dev-AnimPhys (29E575DD-E0A3-4627-9D10-D276232CDCEA): 12
LogInit: Compiled (64-bit): Jan 12 2018 02:04:55
LogInit: Compiled with Visual C++: 19.00.24215.01
LogInit: Build Configuration: Development
LogInit: Branch Name: ++UE4+Release-4.18
LogInit: Command line: 
LogInit: Base directory: C:/Program Files/Epic Games/UE_4.18/Engine/Binaries/Win64/
LogInit: Installed Engine Build: 1
LogInit: Presizing for max 8388607 objects, including 0 objects not considered by GC, pre-allocating 0 bytes for permanent pool.
LogInit: Object subsystem initialized
[2018.01.24-03.36.56:649][  0]LogInit: Selected Device Profile: [Windows]
[2018.01.24-03.36.56:649][  0]LogInit: Applying CVar settings loaded from the selected device profile: [Windows]
[2018.01.24-03.36.56:662][  0]LogInit: Computer: DESKTOP-3HBJQFL
[2018.01.24-03.36.56:662][  0]LogInit: User: Luke
[2018.01.24-03.36.56:662][  0]LogInit: CPU Page size=4096, Cores=4
[2018.01.24-03.36.56:662][  0]LogInit: High frequency timer resolution =2.533207 MHz
[2018.01.24-03.36.56:662][  0]LogMemory: Memory total: Physical=15.9GB (16GB approx)
[2018.01.24-03.36.56:662][  0]LogMemory: Platform Memory Stats for Windows
[2018.01.24-03.36.56:662][  0]LogMemory: Process Physical Memory: 276.98 MB used, 276.98 MB peak
[2018.01.24-03.36.56:662][  0]LogMemory: Process Virtual Memory: 270.45 MB used, 270.45 MB peak
[2018.01.24-03.36.56:662][  0]LogMemory: Physical Memory: 6975.11 MB used,  9327.81 MB free, 16302.92 MB total
[2018.01.24-03.36.56:663][  0]LogMemory: Virtual Memory: 726.25 MB used,  9327.81 MB free, 134217728.00 MB total
[2018.01.24-03.36.57:011][  0]LogInit: Using OS detected language (en-US).
[2018.01.24-03.36.57:011][  0]LogInit: Using OS detected locale (en-US).
[2018.01.24-03.36.57:016][  0]LogTextLocalizationManager: No specific localization for 'en-US' exists, so the 'en' localization will be used.
[2018.01.24-03.36.57:423][  0]LogInit: Setting process to per monitor DPI aware
[2018.01.24-03.36.57:662][  0]LogD3D11RHI: D3D11 adapters:
[2018.01.24-03.36.57:702][  0]LogD3D11RHI:    0. 'NVIDIA GeForce GTX 960M' (Feature Level 11_0)
[2018.01.24-03.36.57:702][  0]LogD3D11RHI:       4055/0/8151 MB DedicatedVideo/DedicatedSystem/SharedSystem, Outputs:1, VendorId:0x10de
[2018.01.24-03.36.57:707][  0]LogD3D11RHI:    1. 'Intel(R) HD Graphics 4600' (Feature Level 11_0)
[2018.01.24-03.36.57:707][  0]LogD3D11RHI:       112/0/2048 MB DedicatedVideo/DedicatedSystem/SharedSystem, Outputs:0, VendorId:0x8086
[2018.01.24-03.36.57:709][  0]LogD3D11RHI:    2. 'Microsoft Basic Render Driver' (Feature Level 11_0)
[2018.01.24-03.36.57:709][  0]LogD3D11RHI:       0/0/8151 MB DedicatedVideo/DedicatedSystem/SharedSystem, Outputs:0, VendorId:0x1414
[2018.01.24-03.36.57:709][  0]LogD3D11RHI: Chosen D3D11 Adapter: 0
[2018.01.24-03.36.57:715][  0]LogD3D11RHI: Creating new Direct3DDevice
[2018.01.24-03.36.57:715][  0]LogD3D11RHI:     GPU DeviceId: 0x139b (for the marketing name, search the web for "GPU Device Id")
[2018.01.24-03.36.57:715][  0]LogWindows: EnumDisplayDevices:
[2018.01.24-03.36.57:715][  0]LogWindows:    0. 'Intel(R) HD Graphics 4600' (P:1 D:1)
[2018.01.24-03.36.57:716][  0]LogWindows:    1. 'Intel(R) HD Graphics 4600' (P:0 D:0)
[2018.01.24-03.36.57:716][  0]LogWindows:    2. 'Intel(R) HD Graphics 4600' (P:0 D:0)
[2018.01.24-03.36.57:716][  0]LogWindows: DebugString: GetVideoDriverDetailsInvalid PrimaryIsNotTheChoosenAdapter GetVideoDriverDetailsInvalid PrimaryIsNotTheChoosenAdapter GetVideoDriverDetailsInvalid PrimaryIsNotTheChoosenAdapter FoundDriverCount:0 
[2018.01.24-03.36.57:716][  0]LogD3D11RHI:     Adapter Name: NVIDIA GeForce GTX 960M
[2018.01.24-03.36.57:716][  0]LogD3D11RHI:   Driver Version: Unknown (internal:Unknown, unified:Unknown)
[2018.01.24-03.36.57:716][  0]LogD3D11RHI:      Driver Date: Unknown
[2018.01.24-03.36.57:716][  0]LogRHI: Texture pool is 2839 MB (70% of 4055 MB)
[2018.01.24-03.36.57:739][  0]LogD3D11RHI: Async texture creation enabled
[2018.01.24-03.36.57:757][  0]LogD3D11RHI: GPU Timing Frequency: 1000.000000 (Debug: 2 2)
[2018.01.24-03.36.57:758][  0]LogShaderCompilers: Guid format shader working directory is -33 characters bigger than the processId version (../../../../../../Users/Luke/Documents/Unreal Projects/bomberman-ue4/Bomberman/Intermediate/Shaders/WorkingDirectory/6308/).
[2018.01.24-03.36.57:758][  0]LogShaderCompilers: Cleaned the shader compiler working directory 'C:/Users/Luke/AppData/Local/Temp/UnrealShaderWorkingDir/A14A7B2842DB085B7F9314A4DF1AF94F/'.
[2018.01.24-03.36.57:758][  0]LogShaderCompilers: Display: Using Local Shader Compiler.
[2018.01.24-03.36.58:719][  0]LogTemp: Display: Loaded TP AllDesktopTargetPlatform
[2018.01.24-03.36.58:776][  0]LogTemp: Display: Loaded TP MacClientTargetPlatform
[2018.01.24-03.36.58:830][  0]LogTemp: Display: Loaded TP MacNoEditorTargetPlatform
[2018.01.24-03.36.58:879][  0]LogTemp: Display: Loaded TP MacServerTargetPlatform
[2018.01.24-03.36.58:928][  0]LogTemp: Display: Loaded TP MacTargetPlatform
[2018.01.24-03.36.58:977][  0]LogTemp: Display: Loaded TP WindowsClientTargetPlatform
[2018.01.24-03.36.59:027][  0]LogTemp: Display: Loaded TP WindowsNoEditorTargetPlatform
[2018.01.24-03.36.59:076][  0]LogTemp: Display: Loaded TP WindowsServerTargetPlatform
[2018.01.24-03.36.59:123][  0]LogTemp: Display: Loaded TP WindowsTargetPlatform
[2018.01.24-03.36.59:174][  0]LogTemp: Display: Loaded TP Android_ASTCTargetPlatform
[2018.01.24-03.36.59:222][  0]LogTemp: Display: Loaded TP Android_ATCTargetPlatform
[2018.01.24-03.36.59:280][  0]LogTemp: Display: Loaded TP Android_DXTTargetPlatform
[2018.01.24-03.36.59:329][  0]LogTemp: Display: Loaded TP Android_ETC1TargetPlatform
[2018.01.24-03.36.59:381][  0]LogTemp: Display: Loaded TP Android_ETC2TargetPlatform
[2018.01.24-03.36.59:488][  0]LogTemp: Display: Loaded TP Android_MultiTargetPlatform
[2018.01.24-03.36.59:488][  0]LogTemp: Display: Loaded TP Android_PVRTCTargetPlatform
[2018.01.24-03.36.59:539][  0]LogTemp: Display: Loaded TP AndroidTargetPlatform
[2018.01.24-03.36.59:582][  0]LogTemp: Display: Loaded TP HTML5TargetPlatform
[2018.01.24-03.36.59:684][  0]LogTemp: Display: Loaded TP IOSTargetPlatform
[2018.01.24-03.36.59:709][  0]LogTemp: Display: Loaded TP TVOSTargetPlatform
[2018.01.24-03.36.59:756][  0]LogTemp: Display: Loaded TP LinuxClientTargetPlatform
[2018.01.24-03.36.59:804][  0]LogTemp: Display: Loaded TP LinuxNoEditorTargetPlatform
[2018.01.24-03.36.59:852][  0]LogTemp: Display: Loaded TP LinuxServerTargetPlatform
[2018.01.24-03.36.59:900][  0]LogTemp: Display: Loaded TP LinuxTargetPlatform
[2018.01.24-03.36.59:900][  0]LogTargetPlatformManager: Display: Building Assets For Windows
[2018.01.24-03.37.00:346][  0]LogDerivedDataCache: Display: Max Cache Size: 512 MB
[2018.01.24-03.37.00:414][  0]LogDerivedDataCache: Loaded boot cache 0.07s 78MB C:/Users/Luke/AppData/Local/UnrealEngine/4.18/DerivedDataCache/Boot.ddc.
[2018.01.24-03.37.00:414][  0]LogDerivedDataCache: Display: Loaded Boot cache: C:/Users/Luke/AppData/Local/UnrealEngine/4.18/DerivedDataCache/Boot.ddc
[2018.01.24-03.37.00:414][  0]LogDerivedDataCache: FDerivedDataBackendGraph:  Pak pak cache file ../../../../../../Users/Luke/Documents/Unreal Projects/bomberman-ue4/Bomberman/DerivedDataCache/DDC.ddp not found, will not use a pak cache.
[2018.01.24-03.37.00:414][  0]LogDerivedDataCache: Unable to find inner node Pak for hierarchical cache Hierarchy.
[2018.01.24-03.37.00:414][  0]LogDerivedDataCache: FDerivedDataBackendGraph:  CompressedPak pak cache file ../../../../../../Users/Luke/Documents/Unreal Projects/bomberman-ue4/Bomberman/DerivedDataCache/Compressed.ddp not found, will not use a pak cache.
[2018.01.24-03.37.00:414][  0]LogDerivedDataCache: Unable to find inner node CompressedPak for hierarchical cache Hierarchy.
[2018.01.24-03.37.00:430][  0]LogDerivedDataCache: Display: Pak cache opened for reading ../../../Engine/DerivedDataCache/Compressed.ddp.
[2018.01.24-03.37.00:442][  0]LogDerivedDataCache: Using Local data cache path C:/Users/Luke/AppData/Local/UnrealEngine/Common/DerivedDataCache: Writable
[2018.01.24-03.37.00:453][  0]LogMaterial: Verifying Global Shaders for PCD3D_SM5
[2018.01.24-03.37.00:453][  0]LogSlate: Using Freetype 2.6.0
[2018.01.24-03.37.00:454][  0]LogSlate: SlateFontCache - WITH_FREETYPE: 1, WITH_HARFBUZZ: 1
[2018.01.24-03.37.00:454][  0]LogSlate: SlateFontCache - WITH_FREETYPE: 1, WITH_HARFBUZZ: 1
[2018.01.24-03.37.00:834][  0]LogInit: Selected Device Profile: [Windows]
[2018.01.24-03.37.01:177][  0]LogSimplygon: Simplygon DLL not present - disabling.
[2018.01.24-03.37.01:215][  0]LogMeshReduction: Using SimplygonSwarm for distributed automatic mesh merging
[2018.01.24-03.37.01:215][  0]LogMeshReduction: Using QuadricMeshReduction for automatic static mesh reduction
[2018.01.24-03.37.01:215][  0]LogMeshReduction: No automatic skeletal mesh reduction module available
[2018.01.24-03.37.01:215][  0]LogMeshReduction: No automatic mesh merging module available
[2018.01.24-03.37.01:215][  0]LogMeshMerging: No automatic mesh merging module available
[2018.01.24-03.37.01:246][  0]LogNetVersion: Bomberman , NetCL: 3709383, EngineNetVer: 2, GameNetVer: 0 (Checksum: 2909264662)
[2018.01.24-03.37.01:406][  0]LogAssetRegistry: FAssetRegistry took 0.0254 seconds to start up
[2018.01.24-03.37.01:896][  0]LogPackageLocalizationCache: Processed 7 localized package path(s) for 2 prioritized culture(s) in 0.073092 seconds
[2018.01.24-03.37.01:902][  0]LogUObjectArray: 35870 objects as part of root set at end of initial load.
[2018.01.24-03.37.01:902][  0]LogUObjectAllocator: 7363696 out of 0 bytes used by permanent object pool.
[2018.01.24-03.37.01:902][  0]LogUObjectArray: CloseDisregardForGC: 0/0 objects in disregard for GC pool
[2018.01.24-03.37.01:954][  0]LogInit: WinSock: version 1.1 (2.2), MaxSocks=32767, MaxUdp=65467
[2018.01.24-03.37.04:605][  0]LogTcpMessaging: Initializing TcpMessaging bridge
[2018.01.24-03.37.04:645][  0]LogUdpMessaging: Initializing bridge on interface 0.0.0.0:0 to multicast group 230.0.0.1:6666.
[2018.01.24-03.37.05:339][  0]LogMaterial: Uniform references updated for custom material expression Custom.
[2018.01.24-03.37.05:759][  0]SourceControl: Source control is disabled
[2018.01.24-03.37.05:759][  0]SourceControl: Source control is disabled
[2018.01.24-03.37.05:812][  0]SourceControl: Source control is disabled
[2018.01.24-03.37.05:862][  0]SourceControl: Source control is disabled
[2018.01.24-03.37.06:688][  0]LogAndroidPermission: UAndroidPermissionCallbackProxy::GetInstance
[2018.01.24-03.37.06:944][  0]LogOcInput: OculusInput pre-init called
[2018.01.24-03.37.07:202][  0]LogEngine: Initializing Engine...
[2018.01.24-03.37.07:204][  0]LogHMD: Failed to initialize OpenVR with code 110
[2018.01.24-03.37.07:397][  0]LogStats: UGameplayTagsManager::ConstructGameplayTagTree: Construct from data asset -  0.000 s
[2018.01.24-03.37.07:397][  0]LogStats: UGameplayTagsManager::ConstructGameplayTagTree: GameplayTagTreeChangedEvent.Broadcast -  0.000 s
[2018.01.24-03.37.07:533][  0]LogAIModule: Creating AISystem for world Untitled
[2018.01.24-03.37.07:548][  0]LogInit: XAudio2 using 'Speakers (Realtek High Definition Audio)' : 2 channels at 48 kHz using 32 bits per sample (channel mask 0x3)
[2018.01.24-03.37.07:564][  0]LogInit: FAudioDevice initialized.
[2018.01.24-03.37.07:647][  0]LogDerivedDataCache: Saved boot cache 0.08s 78MB C:/Users/Luke/AppData/Local/UnrealEngine/4.18/DerivedDataCache/Boot.ddc.
[2018.01.24-03.37.07:658][  0]LogInit: Texture streaming: Enabled
[2018.01.24-03.37.07:757][  0]LogEngineSessionManager: EngineSessionManager initialized
[2018.01.24-03.37.07:757][  0]LogEngineSessionManager: EngineSessionManager sent abnormal shutdown report. Type=Crashed, SessionId={09F8E14A-46F0-08C8-6420-C799FADDF8D6}
[2018.01.24-03.37.07:890][  0]LogInit: Transaction tracking system initialized
[2018.01.24-03.37.08:202][  0]BlueprintLog: New page: Editor Load
[2018.01.24-03.37.09:111][  0]LocalizationService: Localization service is disabled
[2018.01.24-03.37.09:925][  0]LogConsoleResponse: Display: 
[2018.01.24-03.37.10:123][  0]LogCook: Display: Max memory allowance for cook 16384mb min free memory 0mb
[2018.01.24-03.37.10:123][  0]LogCook: Display: Mobile HDR setting 1
[2018.01.24-03.37.10:123][  0]LogGameplayTags: Display: UGameplayTagsManager::DoneAddingNativeTags. DelegateIsBound: 0
[2018.01.24-03.37.10:128][  0]LogFileCache: Scanning file cache for directory 'C:/Users/Luke/Documents/Unreal Projects/bomberman-ue4/Bomberman/Content/' took 0.01s
[2018.01.24-03.37.11:379][  0]SourceControl: Source control is disabled
[2018.01.24-03.37.11:379][  0]Cmd: MAP LOAD FILE="../../../../../../Users/Luke/Documents/Unreal Projects/bomberman-ue4/Bomberman/Content/Maps/Bomberman_Level.umap" TEMPLATE=0 SHOWPROGRESS=1 FEATURELEVEL=3
[2018.01.24-03.37.11:379][  0]LightingResults: New page: Lighting Build
[2018.01.24-03.37.11:420][  0]MapCheck: New page: Map Check
[2018.01.24-03.37.11:420][  0]LightingResults: New page: Lighting Build
[2018.01.24-03.37.11:796][  0]LogAIModule: Creating AISystem for world Bomberman_Level
[2018.01.24-03.37.11:800][  0]LogEditorServer: Finished looking for orphan Actors (0.000 secs)
[2018.01.24-03.37.11:812][  0]Cmd: MAP CHECKDEP NOCLEARLOG
[2018.01.24-03.37.11:867][  0]MapCheck: Map check complete: 0 Error(s), 0 Warning(s), took 54.63ms to complete.
[2018.01.24-03.37.11:867][  0]LogFileHelpers: Loading map 'Bomberman_Level' took 0.488
[2018.01.24-03.37.11:924][  0]LogWindowsTextInputMethodSystem: Display: IME system now deactivated.
[2018.01.24-03.37.12:028][  0]LogCollectionManager: Loaded 0 collections in 0.001864 seconds
[2018.01.24-03.37.12:125][  0]LogFileCache: Scanning file cache for directory 'C:/Users/Luke/Documents/Unreal Projects/bomberman-ue4/Bomberman/Saved/Collections/' took 0.01s
[2018.01.24-03.37.12:125][  0]LogFileCache: Scanning file cache for directory 'C:/Users/Luke/Documents/Unreal Projects/bomberman-ue4/Bomberman/Content/Developers/Luke/Collections/' took 0.01s
[2018.01.24-03.37.12:125][  0]LogFileCache: Scanning file cache for directory 'C:/Users/Luke/Documents/Unreal Projects/bomberman-ue4/Bomberman/Content/Collections/' took 0.01s
[2018.01.24-03.37.12:125][  0]LogCollectionManager: Rebuilt the GUID cache for 0 collections in 0.000000 seconds
[2018.01.24-03.37.12:139][  0]LogContentBrowser: Native class hierarchy populated in 0.0136 seconds. Added 2369 classes and 521 folders.
[2018.01.24-03.37.12:213][  0]LogContentBrowser: Native class hierarchy updated for 'WidgetCarousel' in 0.0005 seconds. Added 0 classes and 0 folders.
[2018.01.24-03.37.12:248][  0]LogContentBrowser: Native class hierarchy updated for 'AddContentDialog' in 0.0005 seconds. Added 0 classes and 0 folders.
[2018.01.24-03.37.12:294][  0]LogContentBrowser: Native class hierarchy updated for 'SceneOutliner' in 0.0008 seconds. Added 1 classes and 2 folders.
[2018.01.24-03.37.12:365][  0]LogSlate: Took 0.000334 seconds to synchronously load lazily loaded font '../../../Engine/Content/Slate/Fonts/Roboto-Regular.ttf' (155K)
[2018.01.24-03.37.12:368][  0]LogSlate: Took 0.000246 seconds to synchronously load lazily loaded font '../../../Engine/Content/Slate/Fonts/Roboto-Bold.ttf' (160K)
[2018.01.24-03.37.12:374][  0]LogSlate: Took 0.000212 seconds to synchronously load lazily loaded font '../../../Engine/Content/Editor/Slate/Fonts/FontAwesome.ttf' (139K)
[2018.01.24-03.37.12:479][  0]LogRenderer: Reallocating scene render targets to support 1208x576 Format 10 NumSamples 1 (Frame:1).
[2018.01.24-03.37.12:636][  0]LogContentBrowser: Native class hierarchy updated for 'HierarchicalLODOutliner' in 0.0006 seconds. Added 1 classes and 2 folders.
[2018.01.24-03.37.12:636][  0]LogLoad: (Engine Initialization) Total time: 25.50 seconds
[2018.01.24-03.37.12:636][  0]LogLoad: (Engine Initialization) Total Blueprint compile time: 0.00 seconds
[2018.01.24-03.37.12:636][  0]LogExternalProfiler: Found external profiler: VSPerf
[2018.01.24-03.37.12:636][  0]LogExternalProfiler: Using external profiler: VSPerf
[2018.01.24-03.37.12:673][  0]LogContentStreaming: Texture pool size now 1000 MB
[2018.01.24-03.37.12:710][  0]LogSlate: Took 0.000181 seconds to synchronously load lazily loaded font '../../../Engine/Content/Slate/Fonts/Roboto-Light.ttf' (159K)
[2018.01.24-03.37.12:732][  1]LogAssetRegistry: Asset discovery search completed in 11.3474 seconds
[2018.01.24-03.37.12:735][  1]LogCollectionManager: Rebuilt the object cache for 0 collections in 0.000000 seconds (found 0 objects)
[2018.01.24-03.37.12:735][  1]LogCollectionManager: Fixed up redirectors for 0 collections in 0.000078 seconds (updated 0 objects)
[2018.01.24-03.37.56:970][375]LogTemp: Repeating last play command: Selected Viewport
[2018.01.24-03.37.57:035][375]LogPlayLevel: PlayLevel: No blueprints needed recompiling
[2018.01.24-03.37.57:036][375]PIE: New page: PIE session: Bomberman_Level (Jan 24, 2018, 3:37:57 AM)
[2018.01.24-03.37.57:036][375]LogPlayLevel: Creating play world package: /Game/Maps/UEDPIE_0_Bomberman_Level
[2018.01.24-03.37.57:038][375]LogPlayLevel: PIE: StaticDuplicateObject took: (0.001280s)
[2018.01.24-03.37.57:038][375]LogAIModule: Creating AISystem for world Bomberman_Level
[2018.01.24-03.37.57:039][375]LogPlayLevel: PIE: World Init took: (0.000870s)
[2018.01.24-03.37.57:039][375]LogPlayLevel: PIE: Created PIE world by copying editor world from /Game/Maps/Bomberman_Level.Bomberman_Level to /Game/Maps/UEDPIE_0_Bomberman_Level.Bomberman_Level (0.002759s)
[2018.01.24-03.37.57:054][375]LogInit: XAudio2 using 'Speakers (Realtek High Definition Audio)' : 2 channels at 48 kHz using 32 bits per sample (channel mask 0x3)
[2018.01.24-03.37.57:067][375]LogInit: FAudioDevice initialized.
[2018.01.24-03.37.57:116][375]LogLoad: Game class is 'BP_BombermanGameMode_C'
[2018.01.24-03.37.57:118][375]LogWorld: Bringing World /Game/Maps/UEDPIE_0_Bomberman_Level.Bomberman_Level up for play (max tick rate 60) at 2018.01.24-03.37.57
[2018.01.24-03.37.57:119][375]LogWorld: Bringing up level for play took: 0.000919
[2018.01.24-03.37.57:162][375]LogContentBrowser: Native class hierarchy updated for 'MovieSceneCapture' in 0.0006 seconds. Added 11 classes and 0 folders.
[2018.01.24-03.37.57:163][375]LogTemp: Warning: Beginning Bomberman game...
[2018.01.24-03.37.57:210][375]PIE: Play in editor start time for /Game/Maps/UEDPIE_0_Bomberman_Level 0.612
[2018.01.24-03.41.34:370][841]LogHotReload: New module detected: UE4Editor-Bomberman-9918-Win64-DebugGame.dll
[2018.01.24-03.41.35:050][844]LogHotReload: Starting Hot-Reload from IDE
[2018.01.24-03.41.35:054][844]LogSlate: Took 0.000183 seconds to synchronously load lazily loaded font '../../../Engine/Content/Slate/Fonts/Roboto-Light.ttf' (159K)
[2018.01.24-03.41.35:134][844]LogClass: MapRow HotReload.
[2018.01.24-03.41.35:137][844]LogContentBrowser: Native class hierarchy updated for 'Bomberman' in 0.0006 seconds. Added 6 classes and 2 folders.
[2018.01.24-03.41.35:139][844]Display: HotReload successful (10 functions remapped  1 scriptstructs remapped)
[2018.01.24-03.41.35:255][844]LogContentBrowser: Native class hierarchy populated in 0.0124 seconds. Added 2371 classes and 525 folders.
[2018.01.24-03.41.35:259][844]Display: HotReload took  0.2s.
[2018.01.24-03.42.13:418][ 15]LogTemp: Repeating last play command: Selected Viewport
[2018.01.24-03.42.13:437][ 15]LogPlayLevel: PlayLevel: No blueprints needed recompiling
[2018.01.24-03.42.13:437][ 15]PIE: New page: PIE session: Bomberman_Level (Jan 24, 2018, 3:42:13 AM)
[2018.01.24-03.42.13:437][ 15]LogPlayLevel: Creating play world package: /Game/Maps/UEDPIE_0_Bomberman_Level
[2018.01.24-03.42.13:439][ 15]LogPlayLevel: PIE: StaticDuplicateObject took: (0.001117s)
[2018.01.24-03.42.13:439][ 15]LogAIModule: Creating AISystem for world Bomberman_Level
[2018.01.24-03.42.13:439][ 15]LogPlayLevel: PIE: World Init took: (0.000584s)
[2018.01.24-03.42.13:439][ 15]LogPlayLevel: PIE: Created PIE world by copying editor world from /Game/Maps/Bomberman_Level.Bomberman_Level to /Game/Maps/UEDPIE_0_Bomberman_Level.Bomberman_Level (0.001964s)
[2018.01.24-03.42.13:457][ 15]LogInit: XAudio2 using 'Speakers (Realtek High Definition Audio)' : 2 channels at 48 kHz using 32 bits per sample (channel mask 0x3)
[2018.01.24-03.42.13:469][ 15]LogInit: FAudioDevice initialized.
[2018.01.24-03.42.13:503][ 15]LogLoad: Game class is 'BP_BombermanGameMode_C'
[2018.01.24-03.42.13:504][ 15]LogWorld: Bringing World /Game/Maps/UEDPIE_0_Bomberman_Level.Bomberman_Level up for play (max tick rate 60) at 2018.01.24-03.42.13
[2018.01.24-03.42.13:505][ 15]LogWorld: Bringing up level for play took: 0.000742
[2018.01.24-03.42.13:506][ 15]LogTemp: Warning: Beginning Bomberman game...
[2018.01.24-03.42.13:552][ 15]PIE: Play in editor start time for /Game/Maps/UEDPIE_0_Bomberman_Level 0.954
[2018.01.24-03.42.22:926][568]LogTemp: Repeating last play command: Selected Viewport
[2018.01.24-03.42.22:946][568]LogPlayLevel: PlayLevel: No blueprints needed recompiling
[2018.01.24-03.42.22:946][568]PIE: New page: PIE session: Bomberman_Level (Jan 24, 2018, 3:42:22 AM)
[2018.01.24-03.42.22:946][568]LogPlayLevel: Creating play world package: /Game/Maps/UEDPIE_0_Bomberman_Level
[2018.01.24-03.42.22:947][568]LogPlayLevel: PIE: StaticDuplicateObject took: (0.001048s)
[2018.01.24-03.42.22:947][568]LogAIModule: Creating AISystem for world Bomberman_Level
[2018.01.24-03.42.22:947][568]LogPlayLevel: PIE: World Init took: (0.000566s)
[2018.01.24-03.42.22:948][568]LogPlayLevel: PIE: Created PIE world by copying editor world from /Game/Maps/Bomberman_Level.Bomberman_Level to /Game/Maps/UEDPIE_0_Bomberman_Level.Bomberman_Level (0.001861s)
[2018.01.24-03.42.22:963][568]LogInit: XAudio2 using 'Speakers (Realtek High Definition Audio)' : 2 channels at 48 kHz using 32 bits per sample (channel mask 0x3)
[2018.01.24-03.42.22:975][568]LogInit: FAudioDevice initialized.
[2018.01.24-03.42.23:011][568]LogLoad: Game class is 'BP_BombermanGameMode_C'
[2018.01.24-03.42.23:012][568]LogWorld: Bringing World /Game/Maps/UEDPIE_0_Bomberman_Level.Bomberman_Level up for play (max tick rate 60) at 2018.01.24-03.42.23
[2018.01.24-03.42.23:012][568]LogWorld: Bringing up level for play took: 0.000510
[2018.01.24-03.42.23:013][568]LogTemp: Warning: Beginning Bomberman game...
[2018.01.24-03.42.23:057][568]PIE: Play in editor start time for /Game/Maps/UEDPIE_0_Bomberman_Level 0.459
[2018.01.24-03.43.00:894][770]LogContentBrowser: Native class hierarchy updated for 'BlueprintGraph' in 0.0015 seconds. Added 116 classes and 0 folders.
[2018.01.24-03.43.01:760][770]LogSlate: Took 0.000142 seconds to synchronously load lazily loaded font '../../../Engine/Content/Slate/Fonts/Roboto-Regular.ttf' (155K)
[2018.01.24-03.43.01:823][770]LogSlate: Took 0.000169 seconds to synchronously load lazily loaded font '../../../Engine/Content/Editor/Slate/Fonts/Roboto-BoldCondensed.ttf' (158K)
[2018.01.24-03.43.01:868][771]LogSlate: Took 0.000216 seconds to synchronously load lazily loaded font '../../../Engine/Content/Editor/Slate/Fonts/Roboto-Italic.ttf' (157K)
[2018.01.24-03.49.07:325][642]BlueprintLog: New page: Compile BP_Bomb
[2018.01.24-03.49.15:893][126]LogTemp: Repeating last play command: Selected Viewport
[2018.01.24-03.49.15:923][126]LogPlayLevel: PlayLevel: No blueprints needed recompiling
[2018.01.24-03.49.15:923][126]PIE: New page: PIE session: Bomberman_Level (Jan 24, 2018, 3:49:15 AM)
[2018.01.24-03.49.15:923][126]LogPlayLevel: Creating play world package: /Game/Maps/UEDPIE_0_Bomberman_Level
[2018.01.24-03.49.15:924][126]LogPlayLevel: PIE: StaticDuplicateObject took: (0.001066s)
[2018.01.24-03.49.15:925][126]LogAIModule: Creating AISystem for world Bomberman_Level
[2018.01.24-03.49.15:925][126]LogPlayLevel: PIE: World Init took: (0.000671s)
[2018.01.24-03.49.15:925][126]LogPlayLevel: PIE: Created PIE world by copying editor world from /Game/Maps/Bomberman_Level.Bomberman_Level to /Game/Maps/UEDPIE_0_Bomberman_Level.Bomberman_Level (0.001986s)
[2018.01.24-03.49.15:948][126]LogInit: XAudio2 using 'Speakers (Realtek High Definition Audio)' : 2 channels at 48 kHz using 32 bits per sample (channel mask 0x3)
[2018.01.24-03.49.15:961][126]LogInit: FAudioDevice initialized.
[2018.01.24-03.49.15:991][126]LogLoad: Game class is 'BP_BombermanGameMode_C'
[2018.01.24-03.49.15:992][126]LogWorld: Bringing World /Game/Maps/UEDPIE_0_Bomberman_Level.Bomberman_Level up for play (max tick rate 60) at 2018.01.24-03.49.15
[2018.01.24-03.49.15:992][126]LogWorld: Bringing up level for play took: 0.000528
[2018.01.24-03.49.15:993][126]LogTemp: Warning: Beginning Bomberman game...
[2018.01.24-03.49.16:037][126]PIE: Play in editor start time for /Game/Maps/UEDPIE_0_Bomberman_Level -0.561
[2018.01.24-03.51.20:622][ 41]LogSlate: Took 0.000493 seconds to synchronously load lazily loaded font '../../../Engine/Content/Slate/Fonts/Roboto-Light.ttf' (159K)
[2018.01.24-03.51.29:703][ 68]LogFileHelpers: Editor autosave (incl. sublevels) for '/Game/Maps/Bomberman_Level' took 0.038
[2018.01.24-03.51.29:706][ 68]OBJ SavePackage: Generating thumbnails for [1] asset(s) in package [/Game/Blueprints/BP_Bomb] ([1] browsable assets)...
[2018.01.24-03.51.29:743][ 68]OBJ SavePackage:     Rendered thumbnail for [Blueprint /Game/Blueprints/BP_Bomb.BP_Bomb]
[2018.01.24-03.51.29:743][ 68]OBJ SavePackage: Finished generating thumbnails for package [/Game/Blueprints/BP_Bomb]
[2018.01.24-03.51.29:789][ 68]LogSavePackage: Save=29.74ms
[2018.01.24-03.51.29:790][ 68]LogSavePackage: Moving '../../../../../../Users/Luke/Documents/Unreal Projects/bomberman-ue4/Bomberman/Saved/BP_Bomb_Auto1CFA912FC4CB88CC05045B9972215DA97.tmp' to '../../../../../../Users/Luke/Documents/Unreal Projects/bomberman-ue4/Bomberman/Saved/Autosaves/Game/Blueprints/BP_Bomb_Auto1.uasset'
[2018.01.24-03.51.29:792][ 68]LogSavePackage: Display: Finished SavePackage ../../../../../../Users/Luke/Documents/Unreal Projects/bomberman-ue4/Bomberman/Saved/Autosaves/Game/Blueprints/BP_Bomb_Auto1.uasset
[2018.01.24-03.51.29:792][ 68]LogFileHelpers: Auto-saving content packages took 0.087
[2018.01.24-04.00.13:940][641]LogHotReload: New module detected: UE4Editor-Bomberman-1575-Win64-DebugGame.dll
[2018.01.24-04.00.14:619][644]LogHotReload: Starting Hot-Reload from IDE
[2018.01.24-04.00.14:712][644]LogClass: Could not find existing class BombermanGameModeBase in package /Script/Bomberman for HotReload, assuming new class
[2018.01.24-04.00.14:712][644]LogClass: Function DropBomb is new.
[2018.01.24-04.00.14:712][644]LogClass: Function ExplodeBomb is new.
[2018.01.24-04.00.14:712][644]LogClass: Function GenerateLevel is new.
[2018.01.24-04.00.14:712][644]LogClass: Function GetTileCoords is new.
[2018.01.24-04.00.14:714][644]LogClass: MapRow HotReload.
[2018.01.24-04.00.14:720][644]LogHotReload: Re-instancing BombermanGameModeBase after hot-reload.
[2018.01.24-04.00.14:989][644]LogContentBrowser: Native class hierarchy updated for 'Bomberman' in 0.0009 seconds. Added 6 classes and 2 folders.
[2018.01.24-04.00.14:991][644]Display: HotReload successful (7 functions remapped  1 scriptstructs remapped)
[2018.01.24-04.00.15:286][644]LogContentBrowser: Native class hierarchy populated in 0.0096 seconds. Added 2371 classes and 525 folders.
[2018.01.24-04.00.15:290][644]Display: HotReload took  0.7s.
[2018.01.24-04.09.49:298][366]LogHotReload: New module detected: UE4Editor-Bomberman-1783-Win64-DebugGame.dll
[2018.01.24-04.09.49:978][369]LogHotReload: Starting Hot-Reload from IDE
[2018.01.24-04.09.50:113][369]LogClass: Could not find existing class Bomb in package /Script/Bomberman for HotReload, assuming new class
[2018.01.24-04.09.50:114][369]LogClass: Function GetExplosionRadius is new.
[2018.01.24-04.09.50:114][369]LogClass: Function GetPlayerID is new.
[2018.01.24-04.09.50:114][369]LogClass: Function SetExplosionRadius is new.
[2018.01.24-04.09.50:114][369]LogClass: Function SetPlayerID is new.
[2018.01.24-04.09.50:119][369]LogClass: MapRow HotReload.
[2018.01.24-04.09.50:124][369]LogHotReload: Re-instancing Bomb after hot-reload.
[2018.01.24-04.09.50:487][369]LogContentBrowser: Native class hierarchy updated for 'Bomberman' in 0.0006 seconds. Added 6 classes and 2 folders.
[2018.01.24-04.09.50:490][369]Display: HotReload successful (11 functions remapped  1 scriptstructs remapped)
[2018.01.24-04.09.50:831][369]LogContentBrowser: Native class hierarchy populated in 0.0100 seconds. Added 2371 classes and 525 folders.
[2018.01.24-04.09.50:834][369]Display: HotReload took  0.9s.
[2018.01.24-04.10.00:922][399]LogFileHelpers: Editor autosave (incl. sublevels) for '/Game/Maps/Bomberman_Level' took 0.052
[2018.01.24-04.10.00:924][399]OBJ SavePackage: Generating thumbnails for [0] asset(s) in package [/Game/Blueprints/BP_Bomb] ([1] browsable assets)...
[2018.01.24-04.10.00:924][399]OBJ SavePackage: Finished generating thumbnails for package [/Game/Blueprints/BP_Bomb]
[2018.01.24-04.10.00:967][399]LogSavePackage: Save=21.21ms
[2018.01.24-04.10.00:967][399]LogSavePackage: Moving '../../../../../../Users/Luke/Documents/Unreal Projects/bomberman-ue4/Bomberman/Saved/BP_Bomb_Auto23177DF1F4E00C4F01C2D25B27C05E74C.tmp' to '../../../../../../Users/Luke/Documents/Unreal Projects/bomberman-ue4/Bomberman/Saved/Autosaves/Game/Blueprints/BP_Bomb_Auto2.uasset'
[2018.01.24-04.10.00:969][399]LogSavePackage: Display: Finished SavePackage ../../../../../../Users/Luke/Documents/Unreal Projects/bomberman-ue4/Bomberman/Saved/Autosaves/Game/Blueprints/BP_Bomb_Auto2.uasset
[2018.01.24-04.10.00:969][399]LogFileHelpers: Auto-saving content packages took 0.046
[2018.01.24-04.12.00:156][428]LogEditorTransaction: Undo Straighten Connection(s)
[2018.01.24-04.14.07:348][973]LogBlueprint: Warning: [BP_Bomb] 'bombRange' variable not found. Base class was probably changed. /Game/Blueprints/BP_Bomb.BP_Bomb
[2018.01.24-04.15.25:419][688]Cmd: OBJ SAVEPACKAGE PACKAGE="/Game/Blueprints/BP_Bomb" FILE="../../../../../../Users/Luke/Documents/Unreal Projects/bomberman-ue4/Bomberman/Content/Blueprints/BP_Bomb.uasset" SILENT=true
[2018.01.24-04.15.25:468][688]LogSavePackage: Save=34.39ms
[2018.01.24-04.15.25:469][688]LogSavePackage: Moving '../../../../../../Users/Luke/Documents/Unreal Projects/bomberman-ue4/Bomberman/Saved/BP_BombAFD17D1846DDDC7453E1D3947310CAD5.tmp' to '../../../../../../Users/Luke/Documents/Unreal Projects/bomberman-ue4/Bomberman/Content/Blueprints/BP_Bomb.uasset'
[2018.01.24-04.15.25:475][688]LogSavePackage: Display: Finished SavePackage ../../../../../../Users/Luke/Documents/Unreal Projects/bomberman-ue4/Bomberman/Content/Blueprints/BP_Bomb.uasset
[2018.01.24-04.15.51:936][275]BlueprintLog: New page: Compile BP_Bomb
[2018.01.24-04.15.51:948][275]LogBlueprint: Warning: [Compiler BP_Bomb] Could not find a variable named "bombRange" in 'BP_Bomb_C'.
Make sure 'BP_Bomb_C' has been compiled for  Get bombRange
[2018.01.24-04.15.51:955][275]LogBlueprint: Error: [Compiler BP_Bomb] The property associated with  Bomb Range  could not be found
[2018.01.24-04.15.52:112][275]LogBlueprint: Warning: [Compiler BP_Bomb] [2344.98] Compile of BP_Bomb failed. 1 Fatal Issue(s) 1 Warning(s) [in 175 ms] (/Game/Blueprints/BP_Bomb.BP_Bomb)
[2018.01.24-04.15.53:469][347]Cmd: OBJ SAVEPACKAGE PACKAGE="/Game/Blueprints/BP_Bomb" FILE="../../../../../../Users/Luke/Documents/Unreal Projects/bomberman-ue4/Bomberman/Content/Blueprints/BP_Bomb.uasset" SILENT=true
[2018.01.24-04.15.53:511][347]LogSavePackage: Save=33.68ms
[2018.01.24-04.15.53:511][347]LogSavePackage: Moving '../../../../../../Users/Luke/Documents/Unreal Projects/bomberman-ue4/Bomberman/Saved/BP_BombEF5DFD114E13160987183D9957911FD1.tmp' to '../../../../../../Users/Luke/Documents/Unreal Projects/bomberman-ue4/Bomberman/Content/Blueprints/BP_Bomb.uasset'
[2018.01.24-04.15.53:513][347]LogSavePackage: Display: Finished SavePackage ../../../../../../Users/Luke/Documents/Unreal Projects/bomberman-ue4/Bomberman/Content/Blueprints/BP_Bomb.uasset
[2018.01.24-04.16.21:730][  1]BlueprintLog: New page: Compile BP_Bomb
[2018.01.24-04.16.24:733][166]Cmd: OBJ SAVEPACKAGE PACKAGE="/Game/Blueprints/BP_Bomb" FILE="../../../../../../Users/Luke/Documents/Unreal Projects/bomberman-ue4/Bomberman/Content/Blueprints/BP_Bomb.uasset" SILENT=true
[2018.01.24-04.16.24:776][166]LogSavePackage: Save=34.06ms
[2018.01.24-04.16.24:776][166]LogSavePackage: Moving '../../../../../../Users/Luke/Documents/Unreal Projects/bomberman-ue4/Bomberman/Saved/BP_Bomb456BA3D94429DBC87A018E98C158F32C.tmp' to '../../../../../../Users/Luke/Documents/Unreal Projects/bomberman-ue4/Bomberman/Content/Blueprints/BP_Bomb.uasset'
[2018.01.24-04.16.24:780][166]LogSavePackage: Display: Finished SavePackage ../../../../../../Users/Luke/Documents/Unreal Projects/bomberman-ue4/Bomberman/Content/Blueprints/BP_Bomb.uasset
[2018.01.24-04.17.04:104][514]LogActorComponent: UnregisterComponent: (/Engine/Transient.EditorFloorComp) Not registered. Aborting.
[2018.01.24-04.21.58:496][586]LogHotReload: New module detected: UE4Editor-Bomberman-7773-Win64-DebugGame.dll
[2018.01.24-04.21.59:181][589]LogHotReload: Starting Hot-Reload from IDE
[2018.01.24-04.21.59:280][589]LogClass: Could not find existing class BombermanCharacter in package /Script/Bomberman for HotReload, assuming new class
[2018.01.24-04.21.59:280][589]LogClass: Function AddBomb is new.
[2018.01.24-04.21.59:280][589]LogClass: Function DropBomb is new.
[2018.01.24-04.21.59:280][589]LogClass: Function GetPlayerID is new.
[2018.01.24-04.21.59:280][589]LogClass: Function SetPlayerID is new.
[2018.01.24-04.21.59:284][589]LogClass: MapRow HotReload.
[2018.01.24-04.21.59:290][589]LogHotReload: Re-instancing BombermanCharacter after hot-reload.
[2018.01.24-04.21.59:836][589]LogContentBrowser: Native class hierarchy updated for 'Bomberman' in 0.0009 seconds. Added 6 classes and 2 folders.
[2018.01.24-04.21.59:840][589]Display: HotReload successful (13 functions remapped  1 scriptstructs remapped)
[2018.01.24-04.22.00:203][589]LogContentBrowser: Native class hierarchy populated in 0.0098 seconds. Added 2371 classes and 525 folders.
[2018.01.24-04.22.00:207][589]Display: HotReload took  1.0s.
[2018.01.24-04.30.30:215][119]LogHotReload: New module detected: UE4Editor-Bomberman-6230-Win64-DebugGame.dll
[2018.01.24-04.30.30:899][122]LogHotReload: Starting Hot-Reload from IDE
[2018.01.24-04.30.31:030][122]LogClass: Could not find existing class BombermanCharacter in package /Script/Bomberman for HotReload, assuming new class
[2018.01.24-04.30.31:030][122]LogClass: Function AddBomb is new.
[2018.01.24-04.30.31:030][122]LogClass: Function DropBomb is new.
[2018.01.24-04.30.31:030][122]LogClass: Function GetNumBombs is new.
[2018.01.24-04.30.31:030][122]LogClass: Function GetPlayerID is new.
[2018.01.24-04.30.31:030][122]LogClass: Function SetNumBombs is new.
[2018.01.24-04.30.31:030][122]LogClass: Function SetPlayerID is new.
[2018.01.24-04.30.31:034][122]LogClass: MapRow HotReload.
[2018.01.24-04.30.31:040][122]LogHotReload: Re-instancing BombermanCharacter after hot-reload.
[2018.01.24-04.30.31:499][122]LogContentBrowser: Native class hierarchy updated for 'Bomberman' in 0.0006 seconds. Added 6 classes and 2 folders.
[2018.01.24-04.30.31:501][122]Display: HotReload successful (13 functions remapped  1 scriptstructs remapped)
[2018.01.24-04.30.31:844][122]LogContentBrowser: Native class hierarchy populated in 0.0122 seconds. Added 2371 classes and 525 folders.
[2018.01.24-04.30.31:848][122]Display: HotReload took  0.9s.
[2018.01.24-04.32.06:522][406]LogHotReload: New module detected: UE4Editor-Bomberman-7650-Win64-DebugGame.dll
[2018.01.24-04.32.07:202][409]LogHotReload: Starting Hot-Reload from IDE
[2018.01.24-04.32.07:328][409]LogClass: MapRow HotReload.
[2018.01.24-04.32.07:333][409]LogContentBrowser: Native class hierarchy updated for 'Bomberman' in 0.0006 seconds. Added 6 classes and 2 folders.
[2018.01.24-04.32.07:336][409]Display: HotReload successful (19 functions remapped  1 scriptstructs remapped)
[2018.01.24-04.32.07:660][409]LogContentBrowser: Native class hierarchy populated in 0.0103 seconds. Added 2371 classes and 525 folders.
[2018.01.24-04.32.07:663][409]Display: HotReload took  0.5s.
[2018.01.24-04.32.10:442][495]LogTemp: Repeating last play command: Selected Viewport
[2018.01.24-04.32.10:463][495]LogPlayLevel: PlayLevel: No blueprints needed recompiling
[2018.01.24-04.32.10:463][495]PIE: New page: PIE session: Bomberman_Level (Jan 24, 2018, 4:32:10 AM)
[2018.01.24-04.32.10:463][495]LogPlayLevel: Creating play world package: /Game/Maps/UEDPIE_0_Bomberman_Level
[2018.01.24-04.32.10:464][495]LogPlayLevel: PIE: StaticDuplicateObject took: (0.001236s)
[2018.01.24-04.32.10:465][495]LogAIModule: Creating AISystem for world Bomberman_Level
[2018.01.24-04.32.10:465][495]LogPlayLevel: PIE: World Init took: (0.000713s)
[2018.01.24-04.32.10:465][495]LogPlayLevel: PIE: Created PIE world by copying editor world from /Game/Maps/Bomberman_Level.Bomberman_Level to /Game/Maps/UEDPIE_0_Bomberman_Level.Bomberman_Level (0.002209s)
[2018.01.24-04.32.10:517][495]LogInit: XAudio2 using 'Speakers (Realtek High Definition Audio)' : 2 channels at 48 kHz using 32 bits per sample (channel mask 0x3)
[2018.01.24-04.32.10:533][495]LogInit: FAudioDevice initialized.
[2018.01.24-04.32.10:568][495]LogLoad: Game class is 'BP_BombermanGameMode_C'
[2018.01.24-04.32.10:572][495]LogWorld: Bringing World /Game/Maps/UEDPIE_0_Bomberman_Level.Bomberman_Level up for play (max tick rate 60) at 2018.01.24-04.32.10
[2018.01.24-04.32.10:572][495]LogWorld: Bringing up level for play took: 0.001326
[2018.01.24-04.32.10:575][495]LogTemp: Warning: Beginning Bomberman game...
[2018.01.24-04.32.10:578][495]PIE: Play in editor start time for /Game/Maps/UEDPIE_0_Bomberman_Level -0.02
[2018.01.24-04.32.40:359][217]LogTemp: Repeating last play command: Selected Viewport
[2018.01.24-04.32.40:385][217]LogPlayLevel: PlayLevel: No blueprints needed recompiling
[2018.01.24-04.32.40:386][217]PIE: New page: PIE session: Bomberman_Level (Jan 24, 2018, 4:32:40 AM)
[2018.01.24-04.32.40:386][217]LogPlayLevel: Creating play world package: /Game/Maps/UEDPIE_0_Bomberman_Level
[2018.01.24-04.32.40:387][217]LogPlayLevel: PIE: StaticDuplicateObject took: (0.001536s)
[2018.01.24-04.32.40:388][217]LogAIModule: Creating AISystem for world Bomberman_Level
[2018.01.24-04.32.40:388][217]LogPlayLevel: PIE: World Init took: (0.000859s)
[2018.01.24-04.32.40:388][217]LogPlayLevel: PIE: Created PIE world by copying editor world from /Game/Maps/Bomberman_Level.Bomberman_Level to /Game/Maps/UEDPIE_0_Bomberman_Level.Bomberman_Level (0.002739s)
[2018.01.24-04.32.40:411][217]LogInit: XAudio2 using 'Speakers (Realtek High Definition Audio)' : 2 channels at 48 kHz using 32 bits per sample (channel mask 0x3)
[2018.01.24-04.32.40:423][217]LogInit: FAudioDevice initialized.
[2018.01.24-04.32.40:455][217]LogLoad: Game class is 'BP_BombermanGameMode_C'
[2018.01.24-04.32.40:456][217]LogWorld: Bringing World /Game/Maps/UEDPIE_0_Bomberman_Level.Bomberman_Level up for play (max tick rate 60) at 2018.01.24-04.32.40
[2018.01.24-04.32.40:457][217]LogWorld: Bringing up level for play took: 0.000598
[2018.01.24-04.32.40:458][217]LogTemp: Warning: Beginning Bomberman game...
[2018.01.24-04.32.40:501][217]PIE: Play in editor start time for /Game/Maps/UEDPIE_0_Bomberman_Level -0.097
[2018.01.24-04.34.51:339][ 32]LogSavePackage: Save=12.81ms
[2018.01.24-04.34.51:340][ 32]LogSavePackage: Moving '../../../../../../Users/Luke/Documents/Unreal Projects/bomberman-ue4/Bomberman/Saved/BP_BombermanGameMode98991ED4423AF1FEE5C8C0A2E24FCE12.tmp' to '../../../../../../Users/Luke/Documents/Unreal Projects/bomberman-ue4/Bomberman/Content/Blueprints/BP_BombermanGameMode.uasset'
[2018.01.24-04.34.51:343][ 32]LogSavePackage: Display: Finished SavePackage ../../../../../../Users/Luke/Documents/Unreal Projects/bomberman-ue4/Bomberman/Content/Blueprints/BP_BombermanGameMode.uasset
