Log file open, 01/23/18 20:23:21
LogWindows: Failed to load 'aqProf.dll' (GetLastError=126)
LogWindows: File 'aqProf.dll' does not exist
LogWindows: Failed to load 'VtuneApi.dll' (GetLastError=126)
LogWindows: File 'VtuneApi.dll' does not exist
LogWindows: Failed to load 'VtuneApi32e.dll' (GetLastError=126)
LogWindows: File 'VtuneApi32e.dll' does not exist
LogInit: Display: Running engine for game: Bomberman
LogPlatformFile: Not using cached read wrapper
LogInit: Display: RandInit(508904468) SRandInit(508904468).
LogInit: Read version file with build ID '3709383'
LogInit: Overriding engine version to CL 3832480, compatible CL 3709383
LogInit: Registered custom module enumerator with build ID '3709383'
LogTaskGraph: Started task graph with 5 named threads and 14 total threads with 3 sets of task threads.
LogStats: Stats thread started at 0.173904
LogD3D11RHI: Aftermath initialized
LogPluginManager: Mounting plugin Paper2D
LogPluginManager: Mounting plugin LightPropagationVolume
LogPluginManager: Mounting plugin CodeLiteSourceCodeAccess
LogPluginManager: Mounting plugin GitSourceControl
LogPluginManager: Mounting plugin KDevelopSourceCodeAccess
LogPluginManager: Mounting plugin NullSourceCodeAccess
LogPluginManager: Mounting plugin PerforceSourceControl
LogPluginManager: Mounting plugin SubversionSourceControl
LogPluginManager: Mounting plugin UObjectPlugin
LogPluginManager: Mounting plugin VisualStudioCodeSourceCodeAccess
LogPluginManager: Mounting plugin VisualStudioSourceCodeAccess
LogPluginManager: Mounting plugin XCodeSourceCodeAccess
LogPluginManager: Mounting plugin AssetManagerEditor
LogPluginManager: Mounting plugin AudioCapture
LogPluginManager: Mounting plugin FacialAnimation
LogPluginManager: Mounting plugin GameplayTagsEditor
LogPluginManager: Mounting plugin MobileLauncherProfileWizard
LogPluginManager: Mounting plugin PluginBrowser
LogPluginManager: Mounting plugin SpeedTreeImporter
LogPluginManager: Mounting plugin AlembicImporter
LogPluginManager: Mounting plugin CharacterAI
LogPluginManager: Mounting plugin HTML5Networking
LogPluginManager: Mounting plugin AndroidMedia
LogPluginManager: Mounting plugin AvfMedia
LogPluginManager: Mounting plugin ImgMedia
LogPluginManager: Mounting plugin MediaCompositing
LogPluginManager: Mounting plugin MediaPlayerEditor
LogPluginManager: Mounting plugin WmfMedia
LogPluginManager: Mounting plugin TcpMessaging
LogPluginManager: Mounting plugin UdpMessaging
LogPluginManager: Mounting plugin ActorSequence
LogPluginManager: Mounting plugin LevelSequenceEditor
LogPluginManager: Mounting plugin MatineeToLevelSequence
LogPluginManager: Mounting plugin OnlineSubsystemGooglePlay
LogPluginManager: Mounting plugin OnlineSubsystemIOS
LogPluginManager: Mounting plugin OnlineSubsystem
LogPluginManager: Mounting plugin OnlineSubsystemNull
LogPluginManager: Mounting plugin OnlineSubsystemUtils
LogPluginManager: Mounting plugin AndroidDeviceProfileSelector
LogPluginManager: Mounting plugin AndroidMoviePlayer
LogPluginManager: Mounting plugin AndroidPermission
LogPluginManager: Mounting plugin AppleARKit
LogPluginManager: Mounting plugin AppleMoviePlayer
LogPluginManager: Mounting plugin ArchVisCharacter
LogPluginManager: Mounting plugin CableComponent
LogPluginManager: Mounting plugin CustomMeshComponent
LogPluginManager: Mounting plugin ExampleDeviceProfileSelector
LogPluginManager: Mounting plugin GoogleCloudMessaging
LogPluginManager: Mounting plugin ImmediatePhysics
LogPluginManager: Mounting plugin IOSDeviceProfileSelector
LogPluginManager: Mounting plugin LinuxDeviceProfileSelector
LogPluginManager: Mounting plugin LocationServicesBPLibrary
LogPluginManager: Mounting plugin MobilePatchingUtils
LogPluginManager: Mounting plugin OculusVR
LogPluginManager: Plugin shader directory ../../../Engine/Plugins/Runtime/Oculus/OculusVR/Shaders found
LogPluginManager: Mapping shader source directory ../../../Engine/Plugins/Runtime/Oculus/OculusVR/Shaders to virtual directory /Plugin/OculusVR
LogPluginManager: Mounting plugin PhysXVehicles
LogPluginManager: Mounting plugin ProceduralMeshComponent
LogPluginManager: Mounting plugin RuntimePhysXCooking
LogPluginManager: Mounting plugin SteamVR
LogPluginManager: Mounting plugin WindowsMoviePlayer
LogModuleManager: Warning: Module file ../../../../../../Users/Luke/Documents/Unreal Projects/bomberman-ue4/Bomberman/Binaries/Win64/UE4Editor-Bomberman-1593.dll is missing. This is likely a stale module that must be recompiled.
LogModuleManager: Display: Found up-to-date module file ../../../Engine/Plugins/2D/Paper2D/Binaries/Win64/UE4Editor-Paper2D.dll (API version 3709383).
LogModuleManager: Display: Found up-to-date module file ../../../Engine/Plugins/2D/Paper2D/Binaries/Win64/UE4Editor-Paper2DEditor.dll (API version 3709383).
LogModuleManager: Display: Found up-to-date module file ../../../Engine/Plugins/2D/Paper2D/Binaries/Win64/UE4Editor-PaperSpriteSheetImporter.dll (API version 3709383).
LogModuleManager: Display: Found up-to-date module file ../../../Engine/Plugins/2D/Paper2D/Binaries/Win64/UE4Editor-PaperTiledImporter.dll (API version 3709383).
LogModuleManager: Display: Found up-to-date module file ../../../Engine/Plugins/2D/Paper2D/Binaries/Win64/UE4Editor-SmartSnapping.dll (API version 3709383).
LogModuleManager: Display: Found up-to-date module file ../../../Engine/Plugins/Blendables/LightPropagationVolume/Binaries/Win64/UE4Editor-LightPropagationVolumeRuntime.dll (API version 3709383).
LogModuleManager: Display: Found up-to-date module file ../../../Engine/Plugins/Blendables/LightPropagationVolume/Binaries/Win64/UE4Editor-LightPropagationVolumeEditor.dll (API version 3709383).
LogModuleManager: Display: Found up-to-date module file ../../../Engine/Plugins/Developer/GitSourceControl/Binaries/Win64/UE4Editor-GitSourceControl.dll (API version 3709383).
LogModuleManager: Display: Found up-to-date module file ../../../Engine/Plugins/Developer/PerforceSourceControl/Binaries/Win64/UE4Editor-PerforceSourceControl.dll (API version 3709383).
LogModuleManager: Display: Found up-to-date module file ../../../Engine/Plugins/Developer/SubversionSourceControl/Binaries/Win64/UE4Editor-SubversionSourceControl.dll (API version 3709383).
LogModuleManager: Display: Found up-to-date module file ../../../Engine/Plugins/Developer/UObjectPlugin/Binaries/Win64/UE4Editor-UObjectPlugin.dll (API version 3709383).
LogModuleManager: Display: Found up-to-date module file ../../../Engine/Plugins/Developer/VisualStudioCodeSourceCodeAccess/Binaries/Win64/UE4Editor-VisualStudioCodeSourceCodeAccess.dll (API version 3709383).
LogModuleManager: Display: Found up-to-date module file ../../../Engine/Plugins/Developer/VisualStudioSourceCodeAccess/Binaries/Win64/UE4Editor-VisualStudioSourceCodeAccess.dll (API version 3709383).
LogModuleManager: Display: Found up-to-date module file ../../../Engine/Plugins/Editor/AssetManagerEditor/Binaries/Win64/UE4Editor-AssetManagerEditor.dll (API version 3709383).
LogModuleManager: Display: Found up-to-date module file ../../../Engine/Plugins/Editor/AudioCapture/Binaries/Win64/UE4Editor-AudioCapture.dll (API version 3709383).
LogModuleManager: Display: Found up-to-date module file ../../../Engine/Plugins/Editor/FacialAnimation/Binaries/Win64/UE4Editor-FacialAnimation.dll (API version 3709383).
LogModuleManager: Display: Found up-to-date module file ../../../Engine/Plugins/Editor/FacialAnimation/Binaries/Win64/UE4Editor-FacialAnimationEditor.dll (API version 3709383).
LogModuleManager: Display: Found up-to-date module file ../../../Engine/Plugins/Editor/GameplayTagsEditor/Binaries/Win64/UE4Editor-GameplayTagsEditor.dll (API version 3709383).
LogModuleManager: Display: Found up-to-date module file ../../../Engine/Plugins/Editor/MobileLauncherProfileWizard/Binaries/Win64/UE4Editor-MobileLauncherProfileWizard.dll (API version 3709383).
LogModuleManager: Display: Found up-to-date module file ../../../Engine/Plugins/Editor/PluginBrowser/Binaries/Win64/UE4Editor-PluginBrowser.dll (API version 3709383).
LogModuleManager: Display: Found up-to-date module file ../../../Engine/Plugins/Editor/SpeedTreeImporter/Binaries/Win64/UE4Editor-SpeedTreeImporter.dll (API version 3709383).
LogModuleManager: Display: Found up-to-date module file ../../../Engine/Plugins/Experimental/AlembicImporter/Binaries/Win64/UE4Editor-AlembicImporter.dll (API version 3709383).
LogModuleManager: Display: Found up-to-date module file ../../../Engine/Plugins/Experimental/AlembicImporter/Binaries/Win64/UE4Editor-AlembicLibrary.dll (API version 3709383).
LogModuleManager: Display: Found up-to-date module file ../../../Engine/Plugins/Experimental/CharacterAI/Binaries/Win64/UE4Editor-CharacterAI.dll (API version 3709383).
LogModuleManager: Display: Found up-to-date module file ../../../Engine/Plugins/Experimental/HTML5Networking/Binaries/Win64/UE4Editor-HTML5Networking.dll (API version 3709383).
LogModuleManager: Display: Found up-to-date module file ../../../Engine/Plugins/Media/AndroidMedia/Binaries/Win64/UE4Editor-AndroidMediaEditor.dll (API version 3709383).
LogModuleManager: Display: Found up-to-date module file ../../../Engine/Plugins/Media/AndroidMedia/Binaries/Win64/UE4Editor-AndroidMediaFactory.dll (API version 3709383).
LogModuleManager: Display: Found up-to-date module file ../../../Engine/Plugins/Media/AvfMedia/Binaries/Win64/UE4Editor-AvfMediaEditor.dll (API version 3709383).
LogModuleManager: Display: Found up-to-date module file ../../../Engine/Plugins/Media/AvfMedia/Binaries/Win64/UE4Editor-AvfMediaFactory.dll (API version 3709383).
LogModuleManager: Display: Found up-to-date module file ../../../Engine/Plugins/Media/AvfMedia/Binaries/Win64/UE4Editor-AvfMediaFactory.dll (API version 3709383).
LogModuleManager: Display: Found up-to-date module file ../../../Engine/Plugins/Media/ImgMedia/Binaries/Win64/UE4Editor-ImgMedia.dll (API version 3709383).
LogModuleManager: Display: Found up-to-date module file ../../../Engine/Plugins/Media/ImgMedia/Binaries/Win64/UE4Editor-ImgMediaEditor.dll (API version 3709383).
LogModuleManager: Display: Found up-to-date module file ../../../Engine/Plugins/Media/ImgMedia/Binaries/Win64/UE4Editor-ImgMediaFactory.dll (API version 3709383).
LogModuleManager: Display: Found up-to-date module file ../../../Engine/Plugins/Media/ImgMedia/Binaries/Win64/UE4Editor-ImgMediaFactory.dll (API version 3709383).
LogModuleManager: Display: Found up-to-date module file ../../../Engine/Plugins/Media/ImgMedia/Binaries/Win64/UE4Editor-OpenExrWrapper.dll (API version 3709383).
LogModuleManager: Display: Found up-to-date module file ../../../Engine/Plugins/Media/MediaCompositing/Binaries/Win64/UE4Editor-MediaCompositing.dll (API version 3709383).
LogModuleManager: Display: Found up-to-date module file ../../../Engine/Plugins/Media/MediaCompositing/Binaries/Win64/UE4Editor-MediaCompositingEditor.dll (API version 3709383).
LogModuleManager: Display: Found up-to-date module file ../../../Engine/Plugins/Media/MediaPlayerEditor/Binaries/Win64/UE4Editor-MediaPlayerEditor.dll (API version 3709383).
LogModuleManager: Display: Found up-to-date module file ../../../Engine/Plugins/Media/WmfMedia/Binaries/Win64/UE4Editor-WmfMedia.dll (API version 3709383).
LogModuleManager: Display: Found up-to-date module file ../../../Engine/Plugins/Media/WmfMedia/Binaries/Win64/UE4Editor-WmfMediaEditor.dll (API version 3709383).
LogModuleManager: Display: Found up-to-date module file ../../../Engine/Plugins/Media/WmfMedia/Binaries/Win64/UE4Editor-WmfMediaFactory.dll (API version 3709383).
LogModuleManager: Display: Found up-to-date module file ../../../Engine/Plugins/Media/WmfMedia/Binaries/Win64/UE4Editor-WmfMediaFactory.dll (API version 3709383).
LogModuleManager: Display: Found up-to-date module file ../../../Engine/Plugins/Messaging/TcpMessaging/Binaries/Win64/UE4Editor-TcpMessaging.dll (API version 3709383).
LogModuleManager: Display: Found up-to-date module file ../../../Engine/Plugins/Messaging/UdpMessaging/Binaries/Win64/UE4Editor-UdpMessaging.dll (API version 3709383).
LogModuleManager: Display: Found up-to-date module file ../../../Engine/Plugins/MovieScene/ActorSequence/Binaries/Win64/UE4Editor-ActorSequence.dll (API version 3709383).
LogModuleManager: Display: Found up-to-date module file ../../../Engine/Plugins/MovieScene/LevelSequenceEditor/Binaries/Win64/UE4Editor-LevelSequenceEditor.dll (API version 3709383).
LogModuleManager: Display: Found up-to-date module file ../../../Engine/Plugins/MovieScene/MatineeToLevelSequence/Binaries/Win64/UE4Editor-MatineeToLevelSequence.dll (API version 3709383).
LogModuleManager: Display: Found up-to-date module file ../../../Engine/Plugins/Online/OnlineSubsystem/Binaries/Win64/UE4Editor-OnlineSubsystem.dll (API version 3709383).
LogModuleManager: Display: Found up-to-date module file ../../../Engine/Plugins/Online/OnlineSubsystemNull/Binaries/Win64/UE4Editor-OnlineSubsystemNull.dll (API version 3709383).
LogModuleManager: Display: Found up-to-date module file ../../../Engine/Plugins/Online/OnlineSubsystemUtils/Binaries/Win64/UE4Editor-OnlineSubsystemUtils.dll (API version 3709383).
LogModuleManager: Display: Found up-to-date module file ../../../Engine/Plugins/Online/OnlineSubsystemUtils/Binaries/Win64/UE4Editor-OnlineBlueprintSupport.dll (API version 3709383).
LogModuleManager: Display: Found up-to-date module file ../../../Engine/Plugins/Runtime/AndroidDeviceProfileSelector/Binaries/Win64/UE4Editor-AndroidDeviceProfileSelector.dll (API version 3709383).
LogModuleManager: Display: Found up-to-date module file ../../../Engine/Plugins/Runtime/AndroidPermission/Binaries/Win64/UE4Editor-AndroidPermission.dll (API version 3709383).
LogModuleManager: Display: Found up-to-date module file ../../../Engine/Plugins/Runtime/AppleARKit/Binaries/Win64/UE4Editor-AppleARKit.dll (API version 3709383).
LogModuleManager: Display: Found up-to-date module file ../../../Engine/Plugins/Runtime/ArchVisCharacter/Binaries/Win64/UE4Editor-ArchVisCharacter.dll (API version 3709383).
LogModuleManager: Display: Found up-to-date module file ../../../Engine/Plugins/Runtime/CableComponent/Binaries/Win64/UE4Editor-CableComponent.dll (API version 3709383).
LogModuleManager: Display: Found up-to-date module file ../../../Engine/Plugins/Runtime/CustomMeshComponent/Binaries/Win64/UE4Editor-CustomMeshComponent.dll (API version 3709383).
LogModuleManager: Display: Found up-to-date module file ../../../Engine/Plugins/Runtime/ExampleDeviceProfileSelector/Binaries/Win64/UE4Editor-ExampleDeviceProfileSelector.dll (API version 3709383).
LogModuleManager: Display: Found up-to-date module file ../../../Engine/Plugins/Runtime/ImmediatePhysics/Binaries/Win64/UE4Editor-ImmediatePhysics.dll (API version 3709383).
LogModuleManager: Display: Found up-to-date module file ../../../Engine/Plugins/Runtime/ImmediatePhysics/Binaries/Win64/UE4Editor-ImmediatePhysicsEditor.dll (API version 3709383).
LogModuleManager: Display: Found up-to-date module file ../../../Engine/Plugins/Runtime/LocationServicesBPLibrary/Binaries/Win64/UE4Editor-LocationServicesBPLibrary.dll (API version 3709383).
LogModuleManager: Display: Found up-to-date module file ../../../Engine/Plugins/Runtime/MobilePatchingUtils/Binaries/Win64/UE4Editor-MobilePatchingUtils.dll (API version 3709383).
LogModuleManager: Display: Found up-to-date module file ../../../Engine/Plugins/Runtime/Oculus/OculusVR/Binaries/Win64/UE4Editor-OculusHMD.dll (API version 3709383).
LogModuleManager: Display: Found up-to-date module file ../../../Engine/Plugins/Runtime/Oculus/OculusVR/Binaries/Win64/UE4Editor-OculusInput.dll (API version 3709383).
LogModuleManager: Display: Found up-to-date module file ../../../Engine/Plugins/Runtime/Oculus/OculusVR/Binaries/Win64/UE4Editor-OculusEditor.dll (API version 3709383).
LogModuleManager: Display: Found up-to-date module file ../../../Engine/Plugins/Runtime/PhysXVehicles/Binaries/Win64/UE4Editor-PhysXVehicles.dll (API version 3709383).
LogModuleManager: Display: Found up-to-date module file ../../../Engine/Plugins/Runtime/PhysXVehicles/Binaries/Win64/UE4Editor-PhysXVehiclesEditor.dll (API version 3709383).
LogModuleManager: Display: Found up-to-date module file ../../../Engine/Plugins/Runtime/ProceduralMeshComponent/Binaries/Win64/UE4Editor-ProceduralMeshComponent.dll (API version 3709383).
LogModuleManager: Display: Found up-to-date module file ../../../Engine/Plugins/Runtime/ProceduralMeshComponent/Binaries/Win64/UE4Editor-ProceduralMeshComponentEditor.dll (API version 3709383).
LogModuleManager: Display: Found up-to-date module file ../../../Engine/Plugins/Runtime/RuntimePhysXCooking/Binaries/Win64/UE4Editor-RuntimePhysXCooking.dll (API version 3709383).
LogModuleManager: Display: Found up-to-date module file ../../../Engine/Plugins/Runtime/Steam/SteamVR/Binaries/Win64/UE4Editor-SteamVR.dll (API version 3709383).
LogModuleManager: Display: Found up-to-date module file ../../../Engine/Plugins/Runtime/Steam/SteamVR/Binaries/Win64/UE4Editor-SteamVRController.dll (API version 3709383).
LogModuleManager: Display: Found up-to-date module file ../../../Engine/Plugins/Runtime/WindowsMoviePlayer/Binaries/Win64/UE4Editor-WindowsMoviePlayer.dll (API version 3709383).
LogInit: Warning: Incompatible or missing module: UE4Editor-Bomberman.dll
Running C:/Program Files/Epic Games/UE_4.18/Engine/Binaries/DotNET/UnrealBuildTool.exe Bomberman Development Win64 -project="C:/Users/Luke/Documents/Unreal Projects/bomberman-ue4/Bomberman/Bomberman.uproject" -editorrecompile -progress -NoHotReloadFromIDE
Using 'git status' to determine working set for adaptive non-unity build.
Creating makefile for Bomberman (no existing makefile)
@progress push 5%
@progress pop
Deleting old hot reload file: "C:\Users\Luke\Documents\Unreal Projects\bomberman-ue4\Bomberman\Binaries\Win64\UE4Editor-Bomberman-1497.dll".
Deleting old hot reload file: "C:\Users\Luke\Documents\Unreal Projects\bomberman-ue4\Bomberman\Binaries\Win64\UE4Editor-Bomberman-1497.pdb".
Deleting old hot reload file: "C:\Users\Luke\Documents\Unreal Projects\bomberman-ue4\Bomberman\Binaries\Win64\UE4Editor-Bomberman-3149.dll".
Deleting old hot reload file: "C:\Users\Luke\Documents\Unreal Projects\bomberman-ue4\Bomberman\Binaries\Win64\UE4Editor-Bomberman-3149.pdb".
Deleting old hot reload file: "C:\Users\Luke\Documents\Unreal Projects\bomberman-ue4\Bomberman\Binaries\Win64\UE4Editor-Bomberman-3468.dll".
Deleting old hot reload file: "C:\Users\Luke\Documents\Unreal Projects\bomberman-ue4\Bomberman\Binaries\Win64\UE4Editor-Bomberman-3468.pdb".
Deleting old hot reload file: "C:\Users\Luke\Documents\Unreal Projects\bomberman-ue4\Bomberman\Binaries\Win64\UE4Editor-Bomberman-4225.dll".
Deleting old hot reload file: "C:\Users\Luke\Documents\Unreal Projects\bomberman-ue4\Bomberman\Binaries\Win64\UE4Editor-Bomberman-4225.pdb".
Deleting old hot reload file: "C:\Users\Luke\Documents\Unreal Projects\bomberman-ue4\Bomberman\Binaries\Win64\UE4Editor-Bomberman-4906.dll".
Deleting old hot reload file: "C:\Users\Luke\Documents\Unreal Projects\bomberman-ue4\Bomberman\Binaries\Win64\UE4Editor-Bomberman-4906.pdb".
Deleting old hot reload file: "C:\Users\Luke\Documents\Unreal Projects\bomberman-ue4\Bomberman\Binaries\Win64\UE4Editor-Bomberman-5177.dll".
Deleting old hot reload file: "C:\Users\Luke\Documents\Unreal Projects\bomberman-ue4\Bomberman\Binaries\Win64\UE4Editor-Bomberman-5177.pdb".
Deleting old hot reload file: "C:\Users\Luke\Documents\Unreal Projects\bomberman-ue4\Bomberman\Binaries\Win64\UE4Editor-Bomberman-5271.dll".
Deleting old hot reload file: "C:\Users\Luke\Documents\Unreal Projects\bomberman-ue4\Bomberman\Binaries\Win64\UE4Editor-Bomberman-5271.pdb".
Deleting old hot reload file: "C:\Users\Luke\Documents\Unreal Projects\bomberman-ue4\Bomberman\Binaries\Win64\UE4Editor-Bomberman-6132.dll".
Deleting old hot reload file: "C:\Users\Luke\Documents\Unreal Projects\bomberman-ue4\Bomberman\Binaries\Win64\UE4Editor-Bomberman-6132.pdb".
Deleting old hot reload file: "C:\Users\Luke\Documents\Unreal Projects\bomberman-ue4\Bomberman\Binaries\Win64\UE4Editor-Bomberman-6625.dll".
Deleting old hot reload file: "C:\Users\Luke\Documents\Unreal Projects\bomberman-ue4\Bomberman\Binaries\Win64\UE4Editor-Bomberman-6625.pdb".
Deleting old hot reload file: "C:\Users\Luke\Documents\Unreal Projects\bomberman-ue4\Bomberman\Binaries\Win64\UE4Editor-Bomberman-7559.dll".
Deleting old hot reload file: "C:\Users\Luke\Documents\Unreal Projects\bomberman-ue4\Bomberman\Binaries\Win64\UE4Editor-Bomberman-7559.pdb".
Deleting old hot reload file: "C:\Users\Luke\Documents\Unreal Projects\bomberman-ue4\Bomberman\Binaries\Win64\UE4Editor-Bomberman-7825.dll".
Deleting old hot reload file: "C:\Users\Luke\Documents\Unreal Projects\bomberman-ue4\Bomberman\Binaries\Win64\UE4Editor-Bomberman-7825.pdb".
Deleting old hot reload file: "C:\Users\Luke\Documents\Unreal Projects\bomberman-ue4\Bomberman\Binaries\Win64\UE4Editor-Bomberman-8506.dll".
Deleting old hot reload file: "C:\Users\Luke\Documents\Unreal Projects\bomberman-ue4\Bomberman\Binaries\Win64\UE4Editor-Bomberman-8506.pdb".
Deleting old hot reload file: "C:\Users\Luke\Documents\Unreal Projects\bomberman-ue4\Bomberman\Binaries\Win64\UE4Editor-Bomberman-9330.dll".
Deleting old hot reload file: "C:\Users\Luke\Documents\Unreal Projects\bomberman-ue4\Bomberman\Binaries\Win64\UE4Editor-Bomberman-9330.pdb".
Deleting old hot reload file: "C:\Users\Luke\Documents\Unreal Projects\bomberman-ue4\Bomberman\Binaries\Win64\UE4Editor-Bomberman-9383.dll".
Deleting old hot reload file: "C:\Users\Luke\Documents\Unreal Projects\bomberman-ue4\Bomberman\Binaries\Win64\UE4Editor-Bomberman-9383.pdb".
Performing 1 actions (4 in parallel)
[1/1] Link UE4Editor-Bomberman.dll
   Creating library C:\Users\Luke\Documents\Unreal Projects\bomberman-ue4\Bomberman\Intermediate\Build\Win64\UE4Editor\Development\UE4Editor-Bomberman.suppressed.lib and object C:\Users\Luke\Documents\Unreal Projects\bomberman-ue4\Bomberman\Intermediate\Build\Win64\UE4Editor\Development\UE4Editor-Bomberman.suppressed.exp
Total build time: 6.03 seconds (Local executor: 0.71 seconds)
LogModuleManager: Display: Found up-to-date module file ../../../../../../Users/Luke/Documents/Unreal Projects/bomberman-ue4/Bomberman/Binaries/Win64/UE4Editor-Bomberman.dll (API version 3709383).
LogModuleManager: Display: Found up-to-date module file ../../../Engine/Plugins/2D/Paper2D/Binaries/Win64/UE4Editor-Paper2D.dll (API version 3709383).
LogModuleManager: Display: Found up-to-date module file ../../../Engine/Plugins/2D/Paper2D/Binaries/Win64/UE4Editor-Paper2DEditor.dll (API version 3709383).
LogModuleManager: Display: Found up-to-date module file ../../../Engine/Plugins/2D/Paper2D/Binaries/Win64/UE4Editor-PaperSpriteSheetImporter.dll (API version 3709383).
LogModuleManager: Display: Found up-to-date module file ../../../Engine/Plugins/2D/Paper2D/Binaries/Win64/UE4Editor-PaperTiledImporter.dll (API version 3709383).
LogModuleManager: Display: Found up-to-date module file ../../../Engine/Plugins/2D/Paper2D/Binaries/Win64/UE4Editor-SmartSnapping.dll (API version 3709383).
LogModuleManager: Display: Found up-to-date module file ../../../Engine/Plugins/Blendables/LightPropagationVolume/Binaries/Win64/UE4Editor-LightPropagationVolumeRuntime.dll (API version 3709383).
LogModuleManager: Display: Found up-to-date module file ../../../Engine/Plugins/Blendables/LightPropagationVolume/Binaries/Win64/UE4Editor-LightPropagationVolumeEditor.dll (API version 3709383).
LogModuleManager: Display: Found up-to-date module file ../../../Engine/Plugins/Developer/GitSourceControl/Binaries/Win64/UE4Editor-GitSourceControl.dll (API version 3709383).
LogModuleManager: Display: Found up-to-date module file ../../../Engine/Plugins/Developer/PerforceSourceControl/Binaries/Win64/UE4Editor-PerforceSourceControl.dll (API version 3709383).
LogModuleManager: Display: Found up-to-date module file ../../../Engine/Plugins/Developer/SubversionSourceControl/Binaries/Win64/UE4Editor-SubversionSourceControl.dll (API version 3709383).
LogModuleManager: Display: Found up-to-date module file ../../../Engine/Plugins/Developer/UObjectPlugin/Binaries/Win64/UE4Editor-UObjectPlugin.dll (API version 3709383).
LogModuleManager: Display: Found up-to-date module file ../../../Engine/Plugins/Developer/VisualStudioCodeSourceCodeAccess/Binaries/Win64/UE4Editor-VisualStudioCodeSourceCodeAccess.dll (API version 3709383).
LogModuleManager: Display: Found up-to-date module file ../../../Engine/Plugins/Developer/VisualStudioSourceCodeAccess/Binaries/Win64/UE4Editor-VisualStudioSourceCodeAccess.dll (API version 3709383).
LogModuleManager: Display: Found up-to-date module file ../../../Engine/Plugins/Editor/AssetManagerEditor/Binaries/Win64/UE4Editor-AssetManagerEditor.dll (API version 3709383).
LogModuleManager: Display: Found up-to-date module file ../../../Engine/Plugins/Editor/AudioCapture/Binaries/Win64/UE4Editor-AudioCapture.dll (API version 3709383).
LogModuleManager: Display: Found up-to-date module file ../../../Engine/Plugins/Editor/FacialAnimation/Binaries/Win64/UE4Editor-FacialAnimation.dll (API version 3709383).
LogModuleManager: Display: Found up-to-date module file ../../../Engine/Plugins/Editor/FacialAnimation/Binaries/Win64/UE4Editor-FacialAnimationEditor.dll (API version 3709383).
LogModuleManager: Display: Found up-to-date module file ../../../Engine/Plugins/Editor/GameplayTagsEditor/Binaries/Win64/UE4Editor-GameplayTagsEditor.dll (API version 3709383).
LogModuleManager: Display: Found up-to-date module file ../../../Engine/Plugins/Editor/MobileLauncherProfileWizard/Binaries/Win64/UE4Editor-MobileLauncherProfileWizard.dll (API version 3709383).
LogModuleManager: Display: Found up-to-date module file ../../../Engine/Plugins/Editor/PluginBrowser/Binaries/Win64/UE4Editor-PluginBrowser.dll (API version 3709383).
LogModuleManager: Display: Found up-to-date module file ../../../Engine/Plugins/Editor/SpeedTreeImporter/Binaries/Win64/UE4Editor-SpeedTreeImporter.dll (API version 3709383).
LogModuleManager: Display: Found up-to-date module file ../../../Engine/Plugins/Experimental/AlembicImporter/Binaries/Win64/UE4Editor-AlembicImporter.dll (API version 3709383).
LogModuleManager: Display: Found up-to-date module file ../../../Engine/Plugins/Experimental/AlembicImporter/Binaries/Win64/UE4Editor-AlembicLibrary.dll (API version 3709383).
LogModuleManager: Display: Found up-to-date module file ../../../Engine/Plugins/Experimental/CharacterAI/Binaries/Win64/UE4Editor-CharacterAI.dll (API version 3709383).
LogModuleManager: Display: Found up-to-date module file ../../../Engine/Plugins/Experimental/HTML5Networking/Binaries/Win64/UE4Editor-HTML5Networking.dll (API version 3709383).
LogModuleManager: Display: Found up-to-date module file ../../../Engine/Plugins/Media/AndroidMedia/Binaries/Win64/UE4Editor-AndroidMediaEditor.dll (API version 3709383).
LogModuleManager: Display: Found up-to-date module file ../../../Engine/Plugins/Media/AndroidMedia/Binaries/Win64/UE4Editor-AndroidMediaFactory.dll (API version 3709383).
LogModuleManager: Display: Found up-to-date module file ../../../Engine/Plugins/Media/AvfMedia/Binaries/Win64/UE4Editor-AvfMediaEditor.dll (API version 3709383).
LogModuleManager: Display: Found up-to-date module file ../../../Engine/Plugins/Media/AvfMedia/Binaries/Win64/UE4Editor-AvfMediaFactory.dll (API version 3709383).
LogModuleManager: Display: Found up-to-date module file ../../../Engine/Plugins/Media/AvfMedia/Binaries/Win64/UE4Editor-AvfMediaFactory.dll (API version 3709383).
LogModuleManager: Display: Found up-to-date module file ../../../Engine/Plugins/Media/ImgMedia/Binaries/Win64/UE4Editor-ImgMedia.dll (API version 3709383).
LogModuleManager: Display: Found up-to-date module file ../../../Engine/Plugins/Media/ImgMedia/Binaries/Win64/UE4Editor-ImgMediaEditor.dll (API version 3709383).
LogModuleManager: Display: Found up-to-date module file ../../../Engine/Plugins/Media/ImgMedia/Binaries/Win64/UE4Editor-ImgMediaFactory.dll (API version 3709383).
LogModuleManager: Display: Found up-to-date module file ../../../Engine/Plugins/Media/ImgMedia/Binaries/Win64/UE4Editor-ImgMediaFactory.dll (API version 3709383).
LogModuleManager: Display: Found up-to-date module file ../../../Engine/Plugins/Media/ImgMedia/Binaries/Win64/UE4Editor-OpenExrWrapper.dll (API version 3709383).
LogModuleManager: Display: Found up-to-date module file ../../../Engine/Plugins/Media/MediaCompositing/Binaries/Win64/UE4Editor-MediaCompositing.dll (API version 3709383).
LogModuleManager: Display: Found up-to-date module file ../../../Engine/Plugins/Media/MediaCompositing/Binaries/Win64/UE4Editor-MediaCompositingEditor.dll (API version 3709383).
LogModuleManager: Display: Found up-to-date module file ../../../Engine/Plugins/Media/MediaPlayerEditor/Binaries/Win64/UE4Editor-MediaPlayerEditor.dll (API version 3709383).
LogModuleManager: Display: Found up-to-date module file ../../../Engine/Plugins/Media/WmfMedia/Binaries/Win64/UE4Editor-WmfMedia.dll (API version 3709383).
LogModuleManager: Display: Found up-to-date module file ../../../Engine/Plugins/Media/WmfMedia/Binaries/Win64/UE4Editor-WmfMediaEditor.dll (API version 3709383).
LogModuleManager: Display: Found up-to-date module file ../../../Engine/Plugins/Media/WmfMedia/Binaries/Win64/UE4Editor-WmfMediaFactory.dll (API version 3709383).
LogModuleManager: Display: Found up-to-date module file ../../../Engine/Plugins/Media/WmfMedia/Binaries/Win64/UE4Editor-WmfMediaFactory.dll (API version 3709383).
LogModuleManager: Display: Found up-to-date module file ../../../Engine/Plugins/Messaging/TcpMessaging/Binaries/Win64/UE4Editor-TcpMessaging.dll (API version 3709383).
LogModuleManager: Display: Found up-to-date module file ../../../Engine/Plugins/Messaging/UdpMessaging/Binaries/Win64/UE4Editor-UdpMessaging.dll (API version 3709383).
LogModuleManager: Display: Found up-to-date module file ../../../Engine/Plugins/MovieScene/ActorSequence/Binaries/Win64/UE4Editor-ActorSequence.dll (API version 3709383).
LogModuleManager: Display: Found up-to-date module file ../../../Engine/Plugins/MovieScene/LevelSequenceEditor/Binaries/Win64/UE4Editor-LevelSequenceEditor.dll (API version 3709383).
LogModuleManager: Display: Found up-to-date module file ../../../Engine/Plugins/MovieScene/MatineeToLevelSequence/Binaries/Win64/UE4Editor-MatineeToLevelSequence.dll (API version 3709383).
LogModuleManager: Display: Found up-to-date module file ../../../Engine/Plugins/Online/OnlineSubsystem/Binaries/Win64/UE4Editor-OnlineSubsystem.dll (API version 3709383).
LogModuleManager: Display: Found up-to-date module file ../../../Engine/Plugins/Online/OnlineSubsystemNull/Binaries/Win64/UE4Editor-OnlineSubsystemNull.dll (API version 3709383).
LogModuleManager: Display: Found up-to-date module file ../../../Engine/Plugins/Online/OnlineSubsystemUtils/Binaries/Win64/UE4Editor-OnlineSubsystemUtils.dll (API version 3709383).
LogModuleManager: Display: Found up-to-date module file ../../../Engine/Plugins/Online/OnlineSubsystemUtils/Binaries/Win64/UE4Editor-OnlineBlueprintSupport.dll (API version 3709383).
LogModuleManager: Display: Found up-to-date module file ../../../Engine/Plugins/Runtime/AndroidDeviceProfileSelector/Binaries/Win64/UE4Editor-AndroidDeviceProfileSelector.dll (API version 3709383).
LogModuleManager: Display: Found up-to-date module file ../../../Engine/Plugins/Runtime/AndroidPermission/Binaries/Win64/UE4Editor-AndroidPermission.dll (API version 3709383).
LogModuleManager: Display: Found up-to-date module file ../../../Engine/Plugins/Runtime/AppleARKit/Binaries/Win64/UE4Editor-AppleARKit.dll (API version 3709383).
LogModuleManager: Display: Found up-to-date module file ../../../Engine/Plugins/Runtime/ArchVisCharacter/Binaries/Win64/UE4Editor-ArchVisCharacter.dll (API version 3709383).
LogModuleManager: Display: Found up-to-date module file ../../../Engine/Plugins/Runtime/CableComponent/Binaries/Win64/UE4Editor-CableComponent.dll (API version 3709383).
LogModuleManager: Display: Found up-to-date module file ../../../Engine/Plugins/Runtime/CustomMeshComponent/Binaries/Win64/UE4Editor-CustomMeshComponent.dll (API version 3709383).
LogModuleManager: Display: Found up-to-date module file ../../../Engine/Plugins/Runtime/ExampleDeviceProfileSelector/Binaries/Win64/UE4Editor-ExampleDeviceProfileSelector.dll (API version 3709383).
LogModuleManager: Display: Found up-to-date module file ../../../Engine/Plugins/Runtime/ImmediatePhysics/Binaries/Win64/UE4Editor-ImmediatePhysics.dll (API version 3709383).
LogModuleManager: Display: Found up-to-date module file ../../../Engine/Plugins/Runtime/ImmediatePhysics/Binaries/Win64/UE4Editor-ImmediatePhysicsEditor.dll (API version 3709383).
LogModuleManager: Display: Found up-to-date module file ../../../Engine/Plugins/Runtime/LocationServicesBPLibrary/Binaries/Win64/UE4Editor-LocationServicesBPLibrary.dll (API version 3709383).
LogModuleManager: Display: Found up-to-date module file ../../../Engine/Plugins/Runtime/MobilePatchingUtils/Binaries/Win64/UE4Editor-MobilePatchingUtils.dll (API version 3709383).
LogModuleManager: Display: Found up-to-date module file ../../../Engine/Plugins/Runtime/Oculus/OculusVR/Binaries/Win64/UE4Editor-OculusHMD.dll (API version 3709383).
LogModuleManager: Display: Found up-to-date module file ../../../Engine/Plugins/Runtime/Oculus/OculusVR/Binaries/Win64/UE4Editor-OculusInput.dll (API version 3709383).
LogModuleManager: Display: Found up-to-date module file ../../../Engine/Plugins/Runtime/Oculus/OculusVR/Binaries/Win64/UE4Editor-OculusEditor.dll (API version 3709383).
LogModuleManager: Display: Found up-to-date module file ../../../Engine/Plugins/Runtime/PhysXVehicles/Binaries/Win64/UE4Editor-PhysXVehicles.dll (API version 3709383).
LogModuleManager: Display: Found up-to-date module file ../../../Engine/Plugins/Runtime/PhysXVehicles/Binaries/Win64/UE4Editor-PhysXVehiclesEditor.dll (API version 3709383).
LogModuleManager: Display: Found up-to-date module file ../../../Engine/Plugins/Runtime/ProceduralMeshComponent/Binaries/Win64/UE4Editor-ProceduralMeshComponent.dll (API version 3709383).
LogModuleManager: Display: Found up-to-date module file ../../../Engine/Plugins/Runtime/ProceduralMeshComponent/Binaries/Win64/UE4Editor-ProceduralMeshComponentEditor.dll (API version 3709383).
LogModuleManager: Display: Found up-to-date module file ../../../Engine/Plugins/Runtime/RuntimePhysXCooking/Binaries/Win64/UE4Editor-RuntimePhysXCooking.dll (API version 3709383).
LogModuleManager: Display: Found up-to-date module file ../../../Engine/Plugins/Runtime/Steam/SteamVR/Binaries/Win64/UE4Editor-SteamVR.dll (API version 3709383).
LogModuleManager: Display: Found up-to-date module file ../../../Engine/Plugins/Runtime/Steam/SteamVR/Binaries/Win64/UE4Editor-SteamVRController.dll (API version 3709383).
LogModuleManager: Display: Found up-to-date module file ../../../Engine/Plugins/Runtime/WindowsMoviePlayer/Binaries/Win64/UE4Editor-WindowsMoviePlayer.dll (API version 3709383).
LogInit: Using libcurl 7.47.1
LogInit:  - built for x86_64-pc-win32
LogInit:  - supports SSL with OpenSSL/1.0.2g
LogInit:  - supports HTTP deflate (compression) using libz 1.2.8
LogInit:  - other features:
LogInit:      CURL_VERSION_SSL
LogInit:      CURL_VERSION_LIBZ
LogInit:      CURL_VERSION_IPV6
LogInit:      CURL_VERSION_ASYNCHDNS
LogInit:      CURL_VERSION_LARGEFILE
LogInit:      CURL_VERSION_IDN
LogInit:  CurlRequestOptions (configurable via config and command line):
LogInit:  - bVerifyPeer = false  - Libcurl will NOT verify peer certificate
LogInit:  - bUseHttpProxy = false  - Libcurl will NOT use HTTP proxy
LogInit:  - bDontReuseConnections = false  - Libcurl will reuse connections
LogInit:  - CertBundlePath = nullptr  - Libcurl will use whatever was configured at build time.
LogInit: Build: ++UE4+Release-4.18-CL-3832480
LogInit: Engine Version: 4.18.3-3832480+++UE4+Release-4.18
LogInit: Compatible Engine Version: 4.18.0-3709383+++UE4+Release-4.18
LogInit: Net CL: 3709383
LogDevObjectVersion: Number of dev versions registered: 16
LogDevObjectVersion:   Dev-Blueprints (B0D832E4-1F89-4F0D-ACCF-7EB736FD4AA2): 10
LogDevObjectVersion:   Dev-Build (E1C64328-A22C-4D53-A36C-8E866417BD8C): 0
LogDevObjectVersion:   Dev-Core (375EC13C-06E4-48FB-B500-84F0262A717E): 2
LogDevObjectVersion:   Dev-Editor (E4B068ED-F494-42E9-A231-DA0B2E46BB41): 20
LogDevObjectVersion:   Dev-Framework (CFFC743F-43B0-4480-9391-14DF171D2073): 30
LogDevObjectVersion:   Dev-Mobile (B02B49B5-BB20-44E9-A304-32B752E40360): 0
LogDevObjectVersion:   Dev-Networking (A4E4105C-59A1-49B5-A7C5-40C4547EDFEE): 0
LogDevObjectVersion:   Dev-Online (39C831C9-5AE6-47DC-9A44-9C173E1C8E7C): 0
LogDevObjectVersion:   Dev-Physics (78F01B33-EBEA-4F98-B9B4-84EACCB95AA2): 0
LogDevObjectVersion:   Dev-Platform (6631380F-2D4D-43E0-8009-CF276956A95A): 0
LogDevObjectVersion:   Dev-Rendering (12F88B9F-8875-4AFC-A67C-D90C383ABD29): 20
LogDevObjectVersion:   Dev-Sequencer (7B5AE74C-D270-4C10-A958-57980B212A5A): 4
LogDevObjectVersion:   Dev-VR (D7296918-1DD6-4BDD-9DE2-64A83CC13884): 0
LogDevObjectVersion:   Dev-LoadTimes (C2A15278-BFE7-4AFE-6C17-90FF531DF755): 1
LogDevObjectVersion:   Private-Geometry (6EACA3D4-40EC-4CC1-B786-8BED09428FC5): 1
LogDevObjectVersion:   Dev-AnimPhys (29E575DD-E0A3-4627-9D10-D276232CDCEA): 12
LogInit: Compiled (64-bit): Jan 12 2018 02:04:55
LogInit: Compiled with Visual C++: 19.00.24215.01
LogInit: Build Configuration: Development
LogInit: Branch Name: ++UE4+Release-4.18
LogInit: Command line:  
LogInit: Base directory: C:/Program Files/Epic Games/UE_4.18/Engine/Binaries/Win64/
LogInit: Installed Engine Build: 1
LogInit: Presizing for max 8388607 objects, including 0 objects not considered by GC, pre-allocating 0 bytes for permanent pool.
LogInit: Object subsystem initialized
[2018.01.23-20.23.35:208][  0]LogInit: Selected Device Profile: [Windows]
[2018.01.23-20.23.35:208][  0]LogInit: Applying CVar settings loaded from the selected device profile: [Windows]
[2018.01.23-20.23.35:256][  0]LogInit: Computer: DESKTOP-3HBJQFL
[2018.01.23-20.23.35:256][  0]LogInit: User: Luke
[2018.01.23-20.23.35:256][  0]LogInit: CPU Page size=4096, Cores=4
[2018.01.23-20.23.35:256][  0]LogInit: High frequency timer resolution =2.533207 MHz
[2018.01.23-20.23.35:257][  0]LogMemory: Memory total: Physical=15.9GB (16GB approx)
[2018.01.23-20.23.35:257][  0]LogMemory: Platform Memory Stats for Windows
[2018.01.23-20.23.35:257][  0]LogMemory: Process Physical Memory: 276.57 MB used, 276.57 MB peak
[2018.01.23-20.23.35:257][  0]LogMemory: Process Virtual Memory: 270.45 MB used, 270.45 MB peak
[2018.01.23-20.23.35:257][  0]LogMemory: Physical Memory: 6045.89 MB used,  10257.03 MB free, 16302.92 MB total
[2018.01.23-20.23.35:257][  0]LogMemory: Virtual Memory: 726.25 MB used,  10257.03 MB free, 134217728.00 MB total
[2018.01.23-20.23.35:428][  0]LogInit: Using OS detected language (en-US).
[2018.01.23-20.23.35:428][  0]LogInit: Using OS detected locale (en-US).
[2018.01.23-20.23.35:431][  0]LogTextLocalizationManager: No specific localization for 'en-US' exists, so the 'en' localization will be used.
[2018.01.23-20.23.35:898][  0]LogInit: Setting process to per monitor DPI aware
[2018.01.23-20.23.36:139][  0]LogD3D11RHI: D3D11 adapters:
[2018.01.23-20.23.36:182][  0]LogD3D11RHI:    0. 'NVIDIA GeForce GTX 960M' (Feature Level 11_0)
[2018.01.23-20.23.36:182][  0]LogD3D11RHI:       4055/0/8151 MB DedicatedVideo/DedicatedSystem/SharedSystem, Outputs:1, VendorId:0x10de
[2018.01.23-20.23.36:188][  0]LogD3D11RHI:    1. 'Intel(R) HD Graphics 4600' (Feature Level 11_0)
[2018.01.23-20.23.36:188][  0]LogD3D11RHI:       112/0/2048 MB DedicatedVideo/DedicatedSystem/SharedSystem, Outputs:0, VendorId:0x8086
[2018.01.23-20.23.36:191][  0]LogD3D11RHI:    2. 'Microsoft Basic Render Driver' (Feature Level 11_0)
[2018.01.23-20.23.36:191][  0]LogD3D11RHI:       0/0/8151 MB DedicatedVideo/DedicatedSystem/SharedSystem, Outputs:0, VendorId:0x1414
[2018.01.23-20.23.36:191][  0]LogD3D11RHI: Chosen D3D11 Adapter: 0
[2018.01.23-20.23.36:197][  0]LogD3D11RHI: Creating new Direct3DDevice
[2018.01.23-20.23.36:197][  0]LogD3D11RHI:     GPU DeviceId: 0x139b (for the marketing name, search the web for "GPU Device Id")
[2018.01.23-20.23.36:197][  0]LogWindows: EnumDisplayDevices:
[2018.01.23-20.23.36:197][  0]LogWindows:    0. 'Intel(R) HD Graphics 4600' (P:1 D:1)
[2018.01.23-20.23.36:198][  0]LogWindows:    1. 'Intel(R) HD Graphics 4600' (P:0 D:0)
[2018.01.23-20.23.36:198][  0]LogWindows:    2. 'Intel(R) HD Graphics 4600' (P:0 D:0)
[2018.01.23-20.23.36:198][  0]LogWindows: DebugString: GetVideoDriverDetailsInvalid PrimaryIsNotTheChoosenAdapter GetVideoDriverDetailsInvalid PrimaryIsNotTheChoosenAdapter GetVideoDriverDetailsInvalid PrimaryIsNotTheChoosenAdapter FoundDriverCount:0 
[2018.01.23-20.23.36:198][  0]LogD3D11RHI:     Adapter Name: NVIDIA GeForce GTX 960M
[2018.01.23-20.23.36:198][  0]LogD3D11RHI:   Driver Version: Unknown (internal:Unknown, unified:Unknown)
[2018.01.23-20.23.36:198][  0]LogD3D11RHI:      Driver Date: Unknown
[2018.01.23-20.23.36:198][  0]LogRHI: Texture pool is 2839 MB (70% of 4055 MB)
[2018.01.23-20.23.36:223][  0]LogD3D11RHI: Async texture creation enabled
[2018.01.23-20.23.36:242][  0]LogD3D11RHI: GPU Timing Frequency: 1000.000000 (Debug: 2 2)
[2018.01.23-20.23.36:242][  0]LogShaderCompilers: Guid format shader working directory is -34 characters bigger than the processId version (../../../../../../Users/Luke/Documents/Unreal Projects/bomberman-ue4/Bomberman/Intermediate/Shaders/WorkingDirectory/11128/).
[2018.01.23-20.23.36:243][  0]LogShaderCompilers: Cleaned the shader compiler working directory 'C:/Users/Luke/AppData/Local/Temp/UnrealShaderWorkingDir/5AF2D6184A8B8B644F9FA69CAA447CE8/'.
[2018.01.23-20.23.36:243][  0]LogShaderCompilers: Display: Using Local Shader Compiler.
[2018.01.23-20.23.37:186][  0]LogTemp: Display: Loaded TP AllDesktopTargetPlatform
[2018.01.23-20.23.37:237][  0]LogTemp: Display: Loaded TP MacClientTargetPlatform
[2018.01.23-20.23.37:288][  0]LogTemp: Display: Loaded TP MacNoEditorTargetPlatform
[2018.01.23-20.23.37:338][  0]LogTemp: Display: Loaded TP MacServerTargetPlatform
[2018.01.23-20.23.37:389][  0]LogTemp: Display: Loaded TP MacTargetPlatform
[2018.01.23-20.23.37:440][  0]LogTemp: Display: Loaded TP WindowsClientTargetPlatform
[2018.01.23-20.23.37:491][  0]LogTemp: Display: Loaded TP WindowsNoEditorTargetPlatform
[2018.01.23-20.23.37:542][  0]LogTemp: Display: Loaded TP WindowsServerTargetPlatform
[2018.01.23-20.23.37:587][  0]LogTemp: Display: Loaded TP WindowsTargetPlatform
[2018.01.23-20.23.37:636][  0]LogTemp: Display: Loaded TP Android_ASTCTargetPlatform
[2018.01.23-20.23.37:686][  0]LogTemp: Display: Loaded TP Android_ATCTargetPlatform
[2018.01.23-20.23.37:734][  0]LogTemp: Display: Loaded TP Android_DXTTargetPlatform
[2018.01.23-20.23.37:784][  0]LogTemp: Display: Loaded TP Android_ETC1TargetPlatform
[2018.01.23-20.23.37:832][  0]LogTemp: Display: Loaded TP Android_ETC2TargetPlatform
[2018.01.23-20.23.37:931][  0]LogTemp: Display: Loaded TP Android_MultiTargetPlatform
[2018.01.23-20.23.37:931][  0]LogTemp: Display: Loaded TP Android_PVRTCTargetPlatform
[2018.01.23-20.23.37:980][  0]LogTemp: Display: Loaded TP AndroidTargetPlatform
[2018.01.23-20.23.38:018][  0]LogTemp: Display: Loaded TP HTML5TargetPlatform
[2018.01.23-20.23.38:126][  0]LogTemp: Display: Loaded TP IOSTargetPlatform
[2018.01.23-20.23.38:153][  0]LogTemp: Display: Loaded TP TVOSTargetPlatform
[2018.01.23-20.23.38:204][  0]LogTemp: Display: Loaded TP LinuxClientTargetPlatform
[2018.01.23-20.23.38:253][  0]LogTemp: Display: Loaded TP LinuxNoEditorTargetPlatform
[2018.01.23-20.23.38:304][  0]LogTemp: Display: Loaded TP LinuxServerTargetPlatform
[2018.01.23-20.23.38:353][  0]LogTemp: Display: Loaded TP LinuxTargetPlatform
[2018.01.23-20.23.38:353][  0]LogTargetPlatformManager: Display: Building Assets For Windows
[2018.01.23-20.23.38:801][  0]LogDerivedDataCache: Display: Max Cache Size: 512 MB
[2018.01.23-20.23.38:888][  0]LogDerivedDataCache: Loaded boot cache 0.09s 78MB C:/Users/Luke/AppData/Local/UnrealEngine/4.18/DerivedDataCache/Boot.ddc.
[2018.01.23-20.23.38:888][  0]LogDerivedDataCache: Display: Loaded Boot cache: C:/Users/Luke/AppData/Local/UnrealEngine/4.18/DerivedDataCache/Boot.ddc
[2018.01.23-20.23.38:888][  0]LogDerivedDataCache: FDerivedDataBackendGraph:  Pak pak cache file ../../../../../../Users/Luke/Documents/Unreal Projects/bomberman-ue4/Bomberman/DerivedDataCache/DDC.ddp not found, will not use a pak cache.
[2018.01.23-20.23.38:888][  0]LogDerivedDataCache: Unable to find inner node Pak for hierarchical cache Hierarchy.
[2018.01.23-20.23.38:888][  0]LogDerivedDataCache: FDerivedDataBackendGraph:  CompressedPak pak cache file ../../../../../../Users/Luke/Documents/Unreal Projects/bomberman-ue4/Bomberman/DerivedDataCache/Compressed.ddp not found, will not use a pak cache.
[2018.01.23-20.23.38:888][  0]LogDerivedDataCache: Unable to find inner node CompressedPak for hierarchical cache Hierarchy.
[2018.01.23-20.23.38:912][  0]LogDerivedDataCache: Display: Pak cache opened for reading ../../../Engine/DerivedDataCache/Compressed.ddp.
[2018.01.23-20.23.38:925][  0]LogDerivedDataCache: Using Local data cache path C:/Users/Luke/AppData/Local/UnrealEngine/Common/DerivedDataCache: Writable
[2018.01.23-20.23.38:940][  0]LogMaterial: Verifying Global Shaders for PCD3D_SM5
[2018.01.23-20.23.38:940][  0]LogSlate: Using Freetype 2.6.0
[2018.01.23-20.23.38:941][  0]LogSlate: SlateFontCache - WITH_FREETYPE: 1, WITH_HARFBUZZ: 1
[2018.01.23-20.23.38:941][  0]LogSlate: SlateFontCache - WITH_FREETYPE: 1, WITH_HARFBUZZ: 1
[2018.01.23-20.23.39:306][  0]LogInit: Selected Device Profile: [Windows]
[2018.01.23-20.23.39:636][  0]LogSimplygon: Simplygon DLL not present - disabling.
[2018.01.23-20.23.39:676][  0]LogMeshReduction: Using SimplygonSwarm for distributed automatic mesh merging
[2018.01.23-20.23.39:676][  0]LogMeshReduction: Using QuadricMeshReduction for automatic static mesh reduction
[2018.01.23-20.23.39:676][  0]LogMeshReduction: No automatic skeletal mesh reduction module available
[2018.01.23-20.23.39:676][  0]LogMeshReduction: No automatic mesh merging module available
[2018.01.23-20.23.39:676][  0]LogMeshMerging: No automatic mesh merging module available
[2018.01.23-20.23.39:703][  0]LogNetVersion: Bomberman , NetCL: 3709383, EngineNetVer: 2, GameNetVer: 0 (Checksum: 2909264662)
[2018.01.23-20.23.39:874][  0]LogAssetRegistry: FAssetRegistry took 0.0262 seconds to start up
[2018.01.23-20.23.40:387][  0]LogPackageLocalizationCache: Processed 7 localized package path(s) for 2 prioritized culture(s) in 0.073473 seconds
[2018.01.23-20.23.40:392][  0]LogUObjectArray: 35870 objects as part of root set at end of initial load.
[2018.01.23-20.23.40:392][  0]LogUObjectAllocator: 7363696 out of 0 bytes used by permanent object pool.
[2018.01.23-20.23.40:392][  0]LogUObjectArray: CloseDisregardForGC: 0/0 objects in disregard for GC pool
[2018.01.23-20.23.40:441][  0]LogInit: WinSock: version 1.1 (2.2), MaxSocks=32767, MaxUdp=65467
[2018.01.23-20.23.43:209][  0]LogTcpMessaging: Initializing TcpMessaging bridge
[2018.01.23-20.23.43:251][  0]LogUdpMessaging: Initializing bridge on interface 0.0.0.0:0 to multicast group 230.0.0.1:6666.
[2018.01.23-20.23.44:055][  0]LogMaterial: Uniform references updated for custom material expression Custom.
[2018.01.23-20.23.44:477][  0]SourceControl: Source control is disabled
[2018.01.23-20.23.44:477][  0]SourceControl: Source control is disabled
[2018.01.23-20.23.44:528][  0]SourceControl: Source control is disabled
[2018.01.23-20.23.44:578][  0]SourceControl: Source control is disabled
[2018.01.23-20.23.45:489][  0]LogAndroidPermission: UAndroidPermissionCallbackProxy::GetInstance
[2018.01.23-20.23.45:753][  0]LogOcInput: OculusInput pre-init called
[2018.01.23-20.23.46:055][  0]LogEngine: Initializing Engine...
[2018.01.23-20.23.46:058][  0]LogHMD: Failed to initialize OpenVR with code 110
[2018.01.23-20.23.46:262][  0]LogStats: UGameplayTagsManager::ConstructGameplayTagTree: Construct from data asset -  0.000 s
[2018.01.23-20.23.46:262][  0]LogStats: UGameplayTagsManager::ConstructGameplayTagTree: GameplayTagTreeChangedEvent.Broadcast -  0.000 s
[2018.01.23-20.23.46:385][  0]LogAIModule: Creating AISystem for world Untitled
[2018.01.23-20.23.46:398][  0]LogInit: XAudio2 using 'Speakers (Realtek High Definition Audio)' : 2 channels at 48 kHz using 32 bits per sample (channel mask 0x3)
[2018.01.23-20.23.46:435][  0]LogInit: FAudioDevice initialized.
[2018.01.23-20.23.46:522][  0]LogDerivedDataCache: Saved boot cache 0.09s 78MB C:/Users/Luke/AppData/Local/UnrealEngine/4.18/DerivedDataCache/Boot.ddc.
[2018.01.23-20.23.46:537][  0]LogInit: Texture streaming: Enabled
[2018.01.23-20.23.46:639][  0]LogEngineSessionManager: EngineSessionManager initialized
[2018.01.23-20.23.46:774][  0]LogInit: Transaction tracking system initialized
[2018.01.23-20.23.47:075][  0]BlueprintLog: New page: Editor Load
[2018.01.23-20.23.48:042][  0]LocalizationService: Localization service is disabled
[2018.01.23-20.23.48:782][  0]LogConsoleResponse: Display: 
[2018.01.23-20.23.48:954][  0]LogCook: Display: Max memory allowance for cook 16384mb min free memory 0mb
[2018.01.23-20.23.48:954][  0]LogCook: Display: Mobile HDR setting 1
[2018.01.23-20.23.48:954][  0]LogGameplayTags: Display: UGameplayTagsManager::DoneAddingNativeTags. DelegateIsBound: 0
[2018.01.23-20.23.49:262][  0]LogFileCache: Scanning file cache for directory 'C:/Users/Luke/Documents/Unreal Projects/bomberman-ue4/Bomberman/Content/' took 0.01s
[2018.01.23-20.23.50:181][  0]SourceControl: Source control is disabled
[2018.01.23-20.23.50:181][  0]Cmd: MAP LOAD FILE="../../../../../../Users/Luke/Documents/Unreal Projects/bomberman-ue4/Bomberman/Content/Maps/Bomberman_Level.umap" TEMPLATE=0 SHOWPROGRESS=1 FEATURELEVEL=3
[2018.01.23-20.23.50:182][  0]LightingResults: New page: Lighting Build
[2018.01.23-20.23.50:223][  0]MapCheck: New page: Map Check
[2018.01.23-20.23.50:223][  0]LightingResults: New page: Lighting Build
[2018.01.23-20.23.50:556][  0]LogAIModule: Creating AISystem for world Bomberman_Level
[2018.01.23-20.23.50:562][  0]LogEditorServer: Finished looking for orphan Actors (0.000 secs)
[2018.01.23-20.23.50:574][  0]Cmd: MAP CHECKDEP NOCLEARLOG
[2018.01.23-20.23.50:628][  0]MapCheck: Map check complete: 0 Error(s), 0 Warning(s), took 54.349ms to complete.
[2018.01.23-20.23.50:628][  0]LogFileHelpers: Loading map 'Bomberman_Level' took 0.447
[2018.01.23-20.23.50:726][  0]LogWindowsTextInputMethodSystem: Display: IME system now deactivated.
[2018.01.23-20.23.50:856][  0]LogCollectionManager: Loaded 0 collections in 0.001843 seconds
[2018.01.23-20.23.50:966][  0]LogFileCache: Scanning file cache for directory 'C:/Users/Luke/Documents/Unreal Projects/bomberman-ue4/Bomberman/Saved/Collections/' took 0.01s
[2018.01.23-20.23.50:966][  0]LogFileCache: Scanning file cache for directory 'C:/Users/Luke/Documents/Unreal Projects/bomberman-ue4/Bomberman/Content/Developers/Luke/Collections/' took 0.01s
[2018.01.23-20.23.50:966][  0]LogFileCache: Scanning file cache for directory 'C:/Users/Luke/Documents/Unreal Projects/bomberman-ue4/Bomberman/Content/Collections/' took 0.01s
[2018.01.23-20.23.50:966][  0]LogCollectionManager: Rebuilt the GUID cache for 0 collections in 0.000000 seconds
[2018.01.23-20.23.50:975][  0]LogContentBrowser: Native class hierarchy populated in 0.0092 seconds. Added 2367 classes and 521 folders.
[2018.01.23-20.23.51:039][  0]LogContentBrowser: Native class hierarchy updated for 'WidgetCarousel' in 0.0005 seconds. Added 0 classes and 0 folders.
[2018.01.23-20.23.51:074][  0]LogContentBrowser: Native class hierarchy updated for 'AddContentDialog' in 0.0005 seconds. Added 0 classes and 0 folders.
[2018.01.23-20.23.51:119][  0]LogContentBrowser: Native class hierarchy updated for 'SceneOutliner' in 0.0006 seconds. Added 1 classes and 2 folders.
[2018.01.23-20.23.51:183][  0]LogSlate: Took 0.000265 seconds to synchronously load lazily loaded font '../../../Engine/Content/Slate/Fonts/Roboto-Regular.ttf' (155K)
[2018.01.23-20.23.51:185][  0]LogSlate: Took 0.000201 seconds to synchronously load lazily loaded font '../../../Engine/Content/Slate/Fonts/Roboto-Bold.ttf' (160K)
[2018.01.23-20.23.51:193][  0]LogSlate: Took 0.000467 seconds to synchronously load lazily loaded font '../../../Engine/Content/Editor/Slate/Fonts/FontAwesome.ttf' (139K)
[2018.01.23-20.23.51:293][  0]LogRenderer: Reallocating scene render targets to support 1208x576 Format 10 NumSamples 1 (Frame:1).
[2018.01.23-20.23.51:538][  0]LogContentBrowser: Native class hierarchy updated for 'HierarchicalLODOutliner' in 0.0009 seconds. Added 1 classes and 2 folders.
[2018.01.23-20.23.51:538][  0]LogLoad: (Engine Initialization) Total time: 30.95 seconds
[2018.01.23-20.23.51:539][  0]LogLoad: (Engine Initialization) Total Blueprint compile time: 0.00 seconds
[2018.01.23-20.23.51:539][  0]LogExternalProfiler: Found external profiler: VSPerf
[2018.01.23-20.23.51:539][  0]LogExternalProfiler: Using external profiler: VSPerf
[2018.01.23-20.23.51:576][  0]LogContentStreaming: Texture pool size now 1000 MB
[2018.01.23-20.23.51:610][  0]LogSlate: Took 0.000184 seconds to synchronously load lazily loaded font '../../../Engine/Content/Slate/Fonts/Roboto-Light.ttf' (159K)
[2018.01.23-20.23.51:627][  1]LogAssetRegistry: Asset discovery search completed in 11.7743 seconds
[2018.01.23-20.23.51:630][  1]LogCollectionManager: Rebuilt the object cache for 0 collections in 0.000000 seconds (found 0 objects)
[2018.01.23-20.23.51:630][  1]LogCollectionManager: Fixed up redirectors for 0 collections in 0.000125 seconds (updated 0 objects)
[2018.01.23-20.24.05:315][757]LogSlate: Took 0.000216 seconds to synchronously load lazily loaded font '../../../Engine/Content/Slate/Fonts/Roboto-Light.ttf' (159K)
[2018.01.23-20.24.05:695][757]LogContentBrowser: Native class hierarchy updated for 'BlueprintGraph' in 0.0009 seconds. Added 116 classes and 0 folders.
[2018.01.23-20.24.06:301][757]LogSlate: Took 0.000133 seconds to synchronously load lazily loaded font '../../../Engine/Content/Slate/Fonts/Roboto-Regular.ttf' (155K)
[2018.01.23-20.24.18:052][124]LogTemp: Repeating last play command: Selected Viewport
[2018.01.23-20.24.18:187][124]LogPlayLevel: PlayLevel: No blueprints needed recompiling
[2018.01.23-20.24.18:188][124]PIE: New page: PIE session: Bomberman_Level (Jan 23, 2018, 8:24:18 PM)
[2018.01.23-20.24.18:188][124]LogPlayLevel: Creating play world package: /Game/Maps/UEDPIE_0_Bomberman_Level
[2018.01.23-20.24.18:190][124]LogPlayLevel: PIE: StaticDuplicateObject took: (0.002110s)
[2018.01.23-20.24.18:191][124]LogAIModule: Creating AISystem for world Bomberman_Level
[2018.01.23-20.24.18:191][124]LogPlayLevel: PIE: World Init took: (0.000948s)
[2018.01.23-20.24.18:191][124]LogPlayLevel: PIE: Created PIE world by copying editor world from /Game/Maps/Bomberman_Level.Bomberman_Level to /Game/Maps/UEDPIE_0_Bomberman_Level.Bomberman_Level (0.003515s)
[2018.01.23-20.24.18:220][124]LogInit: XAudio2 using 'Speakers (Realtek High Definition Audio)' : 2 channels at 48 kHz using 32 bits per sample (channel mask 0x3)
[2018.01.23-20.24.18:235][124]LogInit: FAudioDevice initialized.
[2018.01.23-20.24.18:280][124]LogLoad: Game class is 'BP_BombermanGameMode_C'
[2018.01.23-20.24.18:281][124]LogWorld: Bringing World /Game/Maps/UEDPIE_0_Bomberman_Level.Bomberman_Level up for play (max tick rate 60) at 2018.01.23-20.24.18
[2018.01.23-20.24.18:282][124]LogWorld: Bringing up level for play took: 0.000616
[2018.01.23-20.24.18:342][124]LogContentBrowser: Native class hierarchy updated for 'MovieSceneCapture' in 0.0009 seconds. Added 11 classes and 0 folders.
[2018.01.23-20.24.18:343][124]LogTemp: Warning: Beginning Bomberman game...
[2018.01.23-20.24.18:404][124]PIE: Play in editor start time for /Game/Maps/UEDPIE_0_Bomberman_Level -0.195
[2018.01.23-20.24.18:520][125]LogVSAccessor: Warning: Visual Studio is open but could not be queried - it may be blocked by a modal operation
[2018.01.23-20.28.31:592][688]LogSlate: Took 0.003897 seconds to synchronously load lazily loaded font '../../../Engine/Content/Editor/Slate/Fonts/Roboto-BoldCondensed.ttf' (158K)
[2018.01.23-20.28.31:723][689]LogSlate: Took 0.000261 seconds to synchronously load lazily loaded font '../../../Engine/Content/Editor/Slate/Fonts/Roboto-Italic.ttf' (157K)
[2018.01.23-20.29.08:915][868]LogWindows: LaunchFileInExternalEditor C:/Users/Luke/Documents/Unreal Projects/bomberman-ue4/Bomberman/Source/Bomberman/BombermanGameModeBase.h 
[2018.01.23-20.29.08:994][868]LogWindows: Launch application code for C:/Users/Luke/Documents/Unreal Projects/bomberman-ue4/Bomberman/Source/Bomberman/BombermanGameModeBase.h : 42
[2018.01.23-20.29.08:994][868]LogVSAccessor: Warning: Couldn't access Visual Studio
[2018.01.23-20.29.08:999][868]LogVSAccessor: Warning: Couldn't access module table
[2018.01.23-20.29.08:999][868]LogVSAccessor: Warning: Couldn't access module table
[2018.01.23-20.29.08:999][868]LogVSAccessor: Warning: Couldn't access module table
[2018.01.23-20.29.08:999][868]LogVSAccessor: Warning: Couldn't access module table
[2018.01.23-20.29.08:999][868]LogVSAccessor: Warning: Couldn't access module table
[2018.01.23-20.29.09:000][868]LogVSAccessor: Warning: Couldn't access module table
[2018.01.23-20.29.09:000][868]LogVSAccessor: Warning: Couldn't access module table
[2018.01.23-20.29.09:000][868]LogVSAccessor: Warning: Couldn't access module table
[2018.01.23-20.29.09:000][868]LogVSAccessor: Warning: Couldn't access module table
[2018.01.23-20.29.09:000][868]LogVSAccessor: Warning: Couldn't access module table
[2018.01.23-20.29.09:000][868]LogVSAccessor: Warning: Couldn't access module table
[2018.01.23-20.29.09:000][868]LogVSAccessor: Warning: Couldn't access module table
[2018.01.23-20.29.09:000][868]LogVSAccessor: Warning: Couldn't access module table
[2018.01.23-20.29.09:000][868]LogVSAccessor: Warning: Couldn't access module table
[2018.01.23-20.29.09:000][868]LogVSAccessor: Warning: Couldn't access module table
[2018.01.23-20.29.09:000][868]LogVSAccessor: Warning: Couldn't access module table
[2018.01.23-20.29.09:000][868]LogVSAccessor: Warning: Couldn't access module table
[2018.01.23-20.29.09:001][868]LogVSAccessor: Warning: Couldn't access module table
[2018.01.23-20.29.09:001][868]LogVSAccessor: Warning: Couldn't access module table
[2018.01.23-20.29.09:001][868]LogVSAccessor: Warning: Couldn't access module table
[2018.01.23-20.29.09:001][868]LogVSAccessor: Warning: Couldn't access module table
[2018.01.23-20.29.09:001][868]LogVSAccessor: Warning: Couldn't access module table
[2018.01.23-20.29.09:001][868]LogVSAccessor: Warning: Couldn't access module table
[2018.01.23-20.29.09:001][868]LogVSAccessor: Warning: Couldn't access module table
[2018.01.23-20.29.09:001][868]LogVSAccessor: Warning: Couldn't access module table
[2018.01.23-20.29.09:001][868]LogVSAccessor: Warning: Couldn't access module table
[2018.01.23-20.29.09:001][868]LogVSAccessor: Warning: Couldn't access module table
[2018.01.23-20.29.09:001][868]LogVSAccessor: Warning: Couldn't access module table
[2018.01.23-20.29.09:001][868]LogVSAccessor: Warning: Couldn't access module table
[2018.01.23-20.29.09:002][868]LogVSAccessor: Warning: Couldn't access module table
[2018.01.23-20.29.09:002][868]LogVSAccessor: Warning: Couldn't access module table
[2018.01.23-20.29.09:002][868]LogVSAccessor: Warning: Couldn't access module table
[2018.01.23-20.29.09:002][868]LogVSAccessor: Warning: Couldn't access module table
[2018.01.23-20.29.09:002][868]LogVSAccessor: Warning: Couldn't access module table
[2018.01.23-20.29.09:002][868]LogVSAccessor: Warning: Couldn't access module table
[2018.01.23-20.29.09:002][868]LogVSAccessor: Warning: Couldn't access module table
[2018.01.23-20.29.09:002][868]LogVSAccessor: Warning: Couldn't access module table
[2018.01.23-20.29.09:002][868]LogVSAccessor: Warning: Couldn't access module table
[2018.01.23-20.29.09:002][868]LogVSAccessor: Warning: Couldn't access module table
[2018.01.23-20.29.09:002][868]LogVSAccessor: Warning: Couldn't access module table
[2018.01.23-20.29.09:002][868]LogVSAccessor: Warning: Couldn't access module table
[2018.01.23-20.29.09:003][868]LogVSAccessor: Warning: Couldn't access module table
[2018.01.23-20.29.09:003][868]LogVSAccessor: Warning: Couldn't access module table
[2018.01.23-20.29.09:003][868]LogVSAccessor: Warning: Couldn't access module table
[2018.01.23-20.29.09:003][868]LogVSAccessor: Warning: Couldn't access module table
[2018.01.23-20.29.09:003][868]LogVSAccessor: Warning: Couldn't access module table
[2018.01.23-20.29.09:003][868]LogVSAccessor: Warning: Couldn't access module table
[2018.01.23-20.29.09:003][868]LogVSAccessor: Warning: Couldn't access module table
[2018.01.23-20.29.09:003][868]LogVSAccessor: Warning: Couldn't access module table
[2018.01.23-20.29.09:003][868]LogVSAccessor: Warning: Couldn't access module table
[2018.01.23-20.29.09:003][868]LogVSAccessor: Warning: Couldn't access module table
[2018.01.23-20.29.09:003][868]LogVSAccessor: Warning: Couldn't access module table
[2018.01.23-20.29.09:003][868]LogVSAccessor: Warning: Couldn't access module table
[2018.01.23-20.29.09:004][868]LogVSAccessor: Warning: Couldn't access module table
[2018.01.23-20.29.09:004][868]LogVSAccessor: Warning: Couldn't access module table
[2018.01.23-20.29.09:004][868]LogVSAccessor: Warning: Couldn't access module table
[2018.01.23-20.29.09:004][868]LogVSAccessor: Warning: Couldn't access module table
[2018.01.23-20.29.09:004][868]LogVSAccessor: Warning: Couldn't access module table
[2018.01.23-20.29.09:004][868]LogVSAccessor: Warning: Couldn't access module table
[2018.01.23-20.29.09:004][868]LogVSAccessor: Warning: Couldn't access module table
[2018.01.23-20.29.09:004][868]LogVSAccessor: Warning: Couldn't access module table
[2018.01.23-20.29.09:004][868]LogVSAccessor: Warning: Couldn't access module table
[2018.01.23-20.29.09:004][868]LogVSAccessor: Warning: Couldn't access module table
[2018.01.23-20.29.09:004][868]LogVSAccessor: Warning: Couldn't access module table
[2018.01.23-20.29.09:005][868]LogVSAccessor: Warning: Couldn't access module table
[2018.01.23-20.29.09:005][868]LogVSAccessor: Warning: Couldn't access module table
[2018.01.23-20.29.09:005][868]LogVSAccessor: Warning: Couldn't access module table
[2018.01.23-20.29.09:005][868]LogVSAccessor: Warning: Couldn't access module table
[2018.01.23-20.29.09:005][868]LogVSAccessor: Warning: Couldn't access module table
[2018.01.23-20.29.09:005][868]LogVSAccessor: Warning: Couldn't access module table
[2018.01.23-20.29.09:005][868]LogVSAccessor: Warning: Couldn't access module table
[2018.01.23-20.29.09:005][868]LogVSAccessor: Warning: Couldn't access module table
[2018.01.23-20.29.09:005][868]LogVSAccessor: Warning: Couldn't access module table
[2018.01.23-20.29.09:005][868]LogVSAccessor: Warning: Couldn't access module table
[2018.01.23-20.29.09:005][868]LogVSAccessor: Warning: Couldn't access module table
[2018.01.23-20.29.09:006][868]LogVSAccessor: Warning: Couldn't access module table
[2018.01.23-20.29.09:006][868]LogVSAccessor: Warning: Couldn't access module table
[2018.01.23-20.29.09:006][868]LogVSAccessor: Warning: Couldn't access module table
[2018.01.23-20.29.09:006][868]LogVSAccessor: Warning: Couldn't access module table
[2018.01.23-20.29.09:006][868]LogVSAccessor: Warning: Couldn't access module table
[2018.01.23-20.29.09:006][868]LogVSAccessor: Warning: Couldn't access module table
[2018.01.23-20.29.09:006][868]LogVSAccessor: Warning: Couldn't access module table
[2018.01.23-20.29.09:006][868]LogVSAccessor: Warning: Couldn't access module table
[2018.01.23-20.29.09:006][868]LogVSAccessor: Warning: Couldn't access module table
[2018.01.23-20.29.09:006][868]LogVSAccessor: Warning: Couldn't access module table
[2018.01.23-20.29.09:006][868]LogVSAccessor: Warning: Couldn't access module table
[2018.01.23-20.29.09:007][868]LogVSAccessor: Warning: Couldn't access module table
[2018.01.23-20.29.09:007][868]LogVSAccessor: Warning: Couldn't access module table
[2018.01.23-20.29.09:007][868]LogVSAccessor: Warning: Couldn't access module table
[2018.01.23-20.29.09:007][868]LogVSAccessor: Warning: Couldn't access module table
[2018.01.23-20.29.09:007][868]LogVSAccessor: Warning: Couldn't access module table
[2018.01.23-20.29.09:007][868]LogVSAccessor: Warning: Couldn't access module table
[2018.01.23-20.29.09:007][868]LogVSAccessor: Warning: Couldn't access module table
[2018.01.23-20.29.09:007][868]LogVSAccessor: Warning: Couldn't access module table
[2018.01.23-20.29.09:007][868]LogVSAccessor: Warning: Couldn't access module table
[2018.01.23-20.29.09:007][868]LogVSAccessor: Warning: Couldn't access module table
[2018.01.23-20.29.09:007][868]LogVSAccessor: Warning: Couldn't access module table
[2018.01.23-20.29.09:008][868]LogVSAccessor: Warning: Couldn't access module table
[2018.01.23-20.29.09:008][868]LogVSAccessor: Warning: Couldn't access module table
[2018.01.23-20.29.09:008][868]LogVSAccessor: Warning: Couldn't access module table
[2018.01.23-20.29.09:008][868]LogVSAccessor: Warning: Couldn't access module table
[2018.01.23-20.29.09:008][868]LogVSAccessor: Warning: Couldn't access module table
[2018.01.23-20.29.09:008][868]LogVSAccessor: Warning: Couldn't access module table
[2018.01.23-20.29.09:008][868]LogVSAccessor: Warning: Couldn't access module table
[2018.01.23-20.29.09:019][868]LogVSAccessor: Warning: Couldn't access module table
[2018.01.23-20.29.09:046][868]LogVSAccessor: Warning: Couldn't access module table
[2018.01.23-20.29.09:048][868]LogVSAccessor: Warning: Couldn't access module table
[2018.01.23-20.29.09:048][868]LogVSAccessor: Warning: Couldn't access module table
[2018.01.23-20.29.09:050][868]LogVSAccessor: Warning: Couldn't access module table
[2018.01.23-20.29.09:059][868]LogVSAccessor: Warning: Couldn't access module table
[2018.01.23-20.29.09:067][868]LogVSAccessor: Warning: Couldn't access module table
[2018.01.23-20.29.09:075][868]LogVSAccessor: Warning: Couldn't access module table
[2018.01.23-20.31.06:599][715]Running C:/Program Files/Epic Games/UE_4.18/Engine/Binaries/DotNET/UnrealBuildTool.exe  -projectfiles -project="C:/Users/Luke/Documents/Unreal Projects/bomberman-ue4/Bomberman/Bomberman.uproject" -game -rocket -progress
[2018.01.23-20.31.06:903][715]Discovering modules, targets and source code for project...
[2018.01.23-20.31.10:624][715]LogVSAccessor: Warning: Couldn't access Visual Studio
[2018.01.23-20.31.10:627][715]Candidate modules for hot reload:
[2018.01.23-20.31.10:627][715]  Bomberman
[2018.01.23-20.31.10:628][715]Launching UnrealBuildTool... [C:/Program Files/Epic Games/UE_4.18/Engine/Binaries/DotNET/UnrealBuildTool.exe Bomberman -ModuleWithSuffix Bomberman 8109 Win64 Development -editorrecompile -canskiplink "C:/Users/Luke/Documents/Unreal Projects/bomberman-ue4/Bomberman/Bomberman.uproject" ]
[2018.01.23-20.31.27:142][715]CompilerResultsLog: New page: Compilation - Jan 23, 2018, 8:31:27 PM
[2018.01.23-20.31.27:142][715]CompilerResultsLog: Using 'git status' to determine working set for adaptive non-unity build.
[2018.01.23-20.31.27:142][715]CompilerResultsLog: Creating makefile for hot reloading Bomberman (new files with reflected types)
[2018.01.23-20.31.27:142][715]CompilerResultsLog: Compiling game modules for hot reload
[2018.01.23-20.31.27:142][715]CompilerResultsLog: Parsing headers for BombermanEditor
[2018.01.23-20.31.27:142][715]CompilerResultsLog:   Running UnrealHeaderTool "C:\Users\Luke\Documents\Unreal Projects\bomberman-ue4\Bomberman\Bomberman.uproject" "C:\Users\Luke\Documents\Unreal Projects\bomberman-ue4\Bomberman\Intermediate\Build\Win64\BombermanEditor\Development\BombermanEditor.uhtmanifest" -LogCmds="loginit warning, logexit warning, logdatabase error" -Unattended -WarningsAsErrors -installed
[2018.01.23-20.31.27:142][715]CompilerResultsLog: Reflection code generated for BombermanEditor in 8.9122574 seconds
[2018.01.23-20.31.27:142][715]CompilerResultsLog: Performing 5 actions (4 in parallel)
[2018.01.23-20.31.27:142][715]CompilerResultsLog: BombermanCharacter.cpp
[2018.01.23-20.31.27:142][715]CompilerResultsLog: BombermanCharacter.gen.cpp
[2018.01.23-20.31.27:142][715]CompilerResultsLog: Bomberman.init.gen.cpp
[2018.01.23-20.31.27:142][715]CompilerResultsLog: [4/5] Link UE4Editor-Bomberman-8109.dll
[2018.01.23-20.31.27:142][715]CompilerResultsLog: [5/5] Link UE4Editor-Bomberman-8109.lib
[2018.01.23-20.31.27:142][715]CompilerResultsLog:    Creating library C:\Users\Luke\Documents\Unreal Projects\bomberman-ue4\Bomberman\Intermediate\Build\Win64\UE4Editor\Development\UE4Editor-Bomberman-8109.lib and object C:\Users\Luke\Documents\Unreal Projects\bomberman-ue4\Bomberman\Intermediate\Build\Win64\UE4Editor\Development\UE4Editor-Bomberman-8109.exp
[2018.01.23-20.31.27:142][715]CompilerResultsLog:    Creating library C:\Users\Luke\Documents\Unreal Projects\bomberman-ue4\Bomberman\Intermediate\Build\Win64\UE4Editor\Development\UE4Editor-Bomberman-8109.suppressed.lib and object C:\Users\Luke\Documents\Unreal Projects\bomberman-ue4\Bomberman\Intermediate\Build\Win64\UE4Editor\Development\UE4Editor-Bomberman-8109.suppressed.exp
[2018.01.23-20.31.27:142][715]CompilerResultsLog: Total build time: 16.28 seconds (Local executor: 1.62 seconds)
[2018.01.23-20.31.27:143][715]LogMainFrame: MainFrame: Module compiling took 16.519 seconds
[2018.01.23-20.31.27:218][715]LogClass: Could not find existing class BombermanCharacter in package /Script/Bomberman for HotReload, assuming new class
[2018.01.23-20.31.27:223][715]LogClass: MapRow HotReload.
[2018.01.23-20.31.27:226][715]LogContentBrowser: Native class hierarchy updated for 'Bomberman' in 0.0006 seconds. Added 5 classes and 2 folders.
[2018.01.23-20.31.27:228][715]Display: HotReload successful (0 functions remapped  1 scriptstructs remapped)
[2018.01.23-20.31.27:572][715]LogContentBrowser: Native class hierarchy populated in 0.0091 seconds. Added 2370 classes and 525 folders.
[2018.01.23-20.31.27:572][715]Display: HotReload took 17.0s.
[2018.01.23-20.31.27:573][715]Warning: HotReload operation took 17.0s.
[2018.01.23-20.31.27:641][716]LogHotReload: New module detected: UE4Editor-Bomberman-8109.dll
[2018.01.23-20.31.27:667][717]LogHotReload: Starting Hot-Reload from IDE
[2018.01.23-20.31.27:826][717]LogContentBrowser: Native class hierarchy updated for 'Bomberman' in 0.0009 seconds. Added 5 classes and 2 folders.
[2018.01.23-20.31.27:829][717]Display: HotReload successful (0 functions remapped  1 scriptstructs remapped)
[2018.01.23-20.31.28:167][717]LogContentBrowser: Native class hierarchy populated in 0.0137 seconds. Added 2370 classes and 525 folders.
[2018.01.23-20.31.28:172][717]Display: HotReload took  0.5s.
[2018.01.23-20.31.37:868][787]LogVSAccessor: Warning: Visual Studio is open but could not be queried - it may be blocked by a modal operation
[2018.01.23-20.31.37:885][788]LogVSAccessor: Warning: Visual Studio is open but could not be queried - it may be blocked by a modal operation
[2018.01.23-20.31.38:219][789]LogVSAccessor: Warning: Visual Studio is open but could not be queried - it may be blocked by a modal operation
[2018.01.23-20.31.38:552][790]LogVSAccessor: Warning: Visual Studio is open but could not be queried - it may be blocked by a modal operation
[2018.01.23-20.31.38:884][791]LogVSAccessor: Warning: Visual Studio is open but could not be queried - it may be blocked by a modal operation
[2018.01.23-20.31.39:218][792]LogVSAccessor: Warning: Visual Studio is open but could not be queried - it may be blocked by a modal operation
[2018.01.23-20.31.39:552][793]LogVSAccessor: Warning: Visual Studio is open but could not be queried - it may be blocked by a modal operation
[2018.01.23-20.31.39:885][794]LogVSAccessor: Warning: Visual Studio is open but could not be queried - it may be blocked by a modal operation
[2018.01.23-20.31.40:219][795]LogVSAccessor: Warning: Visual Studio is open but could not be queried - it may be blocked by a modal operation
[2018.01.23-20.31.40:552][796]LogVSAccessor: Warning: Visual Studio is open but could not be queried - it may be blocked by a modal operation
[2018.01.23-20.31.40:885][797]LogVSAccessor: Warning: Visual Studio is open but could not be queried - it may be blocked by a modal operation
[2018.01.23-20.31.41:218][798]LogVSAccessor: Warning: Visual Studio is open but could not be queried - it may be blocked by a modal operation
[2018.01.23-20.31.41:552][799]LogVSAccessor: Warning: Visual Studio is open but could not be queried - it may be blocked by a modal operation
[2018.01.23-20.31.41:885][800]LogVSAccessor: Warning: Visual Studio is open but could not be queried - it may be blocked by a modal operation
[2018.01.23-20.31.42:220][801]LogVSAccessor: Warning: Visual Studio is open but could not be queried - it may be blocked by a modal operation
[2018.01.23-20.31.42:552][802]LogVSAccessor: Warning: Visual Studio is open but could not be queried - it may be blocked by a modal operation
[2018.01.23-20.31.42:885][803]LogVSAccessor: Warning: Visual Studio is open but could not be queried - it may be blocked by a modal operation
[2018.01.23-20.31.43:217][804]LogVSAccessor: Warning: Visual Studio is open but could not be queried - it may be blocked by a modal operation
[2018.01.23-20.31.43:551][805]LogVSAccessor: Warning: Visual Studio is open but could not be queried - it may be blocked by a modal operation
[2018.01.23-20.31.43:884][806]LogVSAccessor: Warning: Visual Studio is open but could not be queried - it may be blocked by a modal operation
[2018.01.23-20.31.44:217][807]LogVSAccessor: Warning: Visual Studio is open but could not be queried - it may be blocked by a modal operation
[2018.01.23-20.31.44:551][808]LogVSAccessor: Warning: Visual Studio is open but could not be queried - it may be blocked by a modal operation
[2018.01.23-20.31.44:884][809]LogVSAccessor: Warning: Visual Studio is open but could not be queried - it may be blocked by a modal operation
[2018.01.23-20.31.45:218][810]LogVSAccessor: Warning: Visual Studio is open but could not be queried - it may be blocked by a modal operation
[2018.01.23-20.31.45:551][811]LogVSAccessor: Warning: Visual Studio is open but could not be queried - it may be blocked by a modal operation
[2018.01.23-20.31.45:885][812]LogVSAccessor: Warning: Visual Studio is open but could not be queried - it may be blocked by a modal operation
[2018.01.23-20.31.46:217][813]LogVSAccessor: Warning: Visual Studio is open but could not be queried - it may be blocked by a modal operation
[2018.01.23-20.31.46:552][814]LogVSAccessor: Warning: Visual Studio is open but could not be queried - it may be blocked by a modal operation
[2018.01.23-20.31.46:884][815]LogVSAccessor: Warning: Visual Studio is open but could not be queried - it may be blocked by a modal operation
[2018.01.23-20.31.47:217][816]LogVSAccessor: Warning: Visual Studio is open but could not be queried - it may be blocked by a modal operation
[2018.01.23-20.31.47:551][817]LogVSAccessor: Warning: Visual Studio is open but could not be queried - it may be blocked by a modal operation
[2018.01.23-20.31.48:208][818]LogVSAccessor: Warning: Visual Studio is open but could not be queried - it may be blocked by a modal operation
[2018.01.23-20.31.48:224][819]LogVSAccessor: Warning: Visual Studio is open but could not be queried - it may be blocked by a modal operation
[2018.01.23-20.31.51:843][995]LogVSAccessor: Warning: Visual Studio is open but could not be queried - it may be blocked by a modal operation
[2018.01.23-20.31.52:176][996]LogVSAccessor: Warning: Visual Studio is open but could not be queried - it may be blocked by a modal operation
[2018.01.23-20.31.52:509][997]LogVSAccessor: Warning: Visual Studio is open but could not be queried - it may be blocked by a modal operation
[2018.01.23-20.31.52:842][998]LogVSAccessor: Warning: Visual Studio is open but could not be queried - it may be blocked by a modal operation
[2018.01.23-20.31.53:176][999]LogVSAccessor: Warning: Visual Studio is open but could not be queried - it may be blocked by a modal operation
[2018.01.23-20.31.53:851][  0]LogVSAccessor: Warning: Visual Studio is open but could not be queried - it may be blocked by a modal operation
[2018.01.23-20.31.53:865][  1]LogVSAccessor: Warning: Visual Studio is open but could not be queried - it may be blocked by a modal operation
[2018.01.23-20.31.54:621][  2]LogVSAccessor: Warning: Visual Studio is open but could not be queried - it may be blocked by a modal operation
[2018.01.23-20.31.54:671][  3]LogVSAccessor: Warning: Visual Studio is open but could not be queried - it may be blocked by a modal operation
[2018.01.23-20.35.28:319][792]LogVSAccessor: Warning: Visual Studio is open but could not be queried - it may be blocked by a modal operation
[2018.01.23-20.35.38:660][823]LogVSAccessor: Warning: Visual Studio is open but could not be queried - it may be blocked by a modal operation
[2018.01.23-20.35.58:308][882]LogVSAccessor: Warning: Visual Studio is open but could not be queried - it may be blocked by a modal operation
[2018.01.23-20.36.27:623][970]LogWindows: LaunchFileInExternalEditor C:/Users/Luke/Documents/Unreal Projects/bomberman-ue4/Bomberman/Source/Bomberman/BombermanCharacter.h 
[2018.01.23-20.36.27:710][970]LogWindows: Launch application code for C:/Users/Luke/Documents/Unreal Projects/bomberman-ue4/Bomberman/Source/Bomberman/BombermanCharacter.h : 42
[2018.01.23-20.36.27:710][970]LogWindows: LaunchFileInExternalEditor C:/Users/Luke/Documents/Unreal Projects/bomberman-ue4/Bomberman/Source/Bomberman/BombermanCharacter.cpp 
[2018.01.23-20.36.27:772][970]LogWindows: Launch application code for C:/Users/Luke/Documents/Unreal Projects/bomberman-ue4/Bomberman/Source/Bomberman/BombermanCharacter.cpp : 42
[2018.01.23-20.36.27:772][970]LogVSAccessor: Warning: Couldn't access Visual Studio
[2018.01.23-20.36.27:777][970]LogVSAccessor: Warning: Couldn't access module table
[2018.01.23-20.36.27:777][970]LogVSAccessor: Warning: Couldn't access module table
[2018.01.23-20.36.27:778][970]LogVSAccessor: Warning: Couldn't access module table
[2018.01.23-20.36.27:778][970]LogVSAccessor: Warning: Couldn't access module table
[2018.01.23-20.36.27:778][970]LogVSAccessor: Warning: Couldn't access module table
[2018.01.23-20.36.27:778][970]LogVSAccessor: Warning: Couldn't access module table
[2018.01.23-20.36.27:778][970]LogVSAccessor: Warning: Couldn't access module table
[2018.01.23-20.36.27:778][970]LogVSAccessor: Warning: Couldn't access module table
[2018.01.23-20.36.27:778][970]LogVSAccessor: Warning: Couldn't access module table
[2018.01.23-20.36.27:779][970]LogVSAccessor: Warning: Couldn't access module table
[2018.01.23-20.36.27:779][970]LogVSAccessor: Warning: Couldn't access module table
[2018.01.23-20.36.27:779][970]LogVSAccessor: Warning: Couldn't access module table
[2018.01.23-20.36.27:779][970]LogVSAccessor: Warning: Couldn't access module table
[2018.01.23-20.36.27:779][970]LogVSAccessor: Warning: Couldn't access module table
[2018.01.23-20.36.27:779][970]LogVSAccessor: Warning: Couldn't access module table
[2018.01.23-20.36.27:780][970]LogVSAccessor: Warning: Couldn't access module table
[2018.01.23-20.36.27:780][970]LogVSAccessor: Warning: Couldn't access module table
[2018.01.23-20.36.27:780][970]LogVSAccessor: Warning: Couldn't access module table
[2018.01.23-20.36.27:780][970]LogVSAccessor: Warning: Couldn't access module table
[2018.01.23-20.36.27:780][970]LogVSAccessor: Warning: Couldn't access module table
[2018.01.23-20.36.27:780][970]LogVSAccessor: Warning: Couldn't access module table
[2018.01.23-20.36.27:780][970]LogVSAccessor: Warning: Couldn't access module table
[2018.01.23-20.36.27:781][970]LogVSAccessor: Warning: Couldn't access module table
[2018.01.23-20.36.27:781][970]LogVSAccessor: Warning: Couldn't access module table
[2018.01.23-20.36.27:781][970]LogVSAccessor: Warning: Couldn't access module table
[2018.01.23-20.36.27:781][970]LogVSAccessor: Warning: Couldn't access module table
[2018.01.23-20.36.27:781][970]LogVSAccessor: Warning: Couldn't access module table
[2018.01.23-20.36.27:781][970]LogVSAccessor: Warning: Couldn't access module table
[2018.01.23-20.36.27:781][970]LogVSAccessor: Warning: Couldn't access module table
[2018.01.23-20.36.27:782][970]LogVSAccessor: Warning: Couldn't access module table
[2018.01.23-20.36.27:782][970]LogVSAccessor: Warning: Couldn't access module table
[2018.01.23-20.36.27:782][970]LogVSAccessor: Warning: Couldn't access module table
[2018.01.23-20.36.27:782][970]LogVSAccessor: Warning: Couldn't access module table
[2018.01.23-20.36.27:782][970]LogVSAccessor: Warning: Couldn't access module table
[2018.01.23-20.36.27:782][970]LogVSAccessor: Warning: Couldn't access module table
[2018.01.23-20.36.27:783][970]LogVSAccessor: Warning: Couldn't access module table
[2018.01.23-20.36.27:783][970]LogVSAccessor: Warning: Couldn't access module table
[2018.01.23-20.36.27:783][970]LogVSAccessor: Warning: Couldn't access module table
[2018.01.23-20.36.27:783][970]LogVSAccessor: Warning: Couldn't access module table
[2018.01.23-20.36.27:783][970]LogVSAccessor: Warning: Couldn't access module table
[2018.01.23-20.36.27:783][970]LogVSAccessor: Warning: Couldn't access module table
[2018.01.23-20.36.27:783][970]LogVSAccessor: Warning: Couldn't access module table
[2018.01.23-20.36.27:783][970]LogVSAccessor: Warning: Couldn't access module table
[2018.01.23-20.36.27:783][970]LogVSAccessor: Warning: Couldn't access module table
[2018.01.23-20.36.27:783][970]LogVSAccessor: Warning: Couldn't access module table
[2018.01.23-20.36.27:783][970]LogVSAccessor: Warning: Couldn't access module table
[2018.01.23-20.36.27:784][970]LogVSAccessor: Warning: Couldn't access module table
[2018.01.23-20.36.27:784][970]LogVSAccessor: Warning: Couldn't access module table
[2018.01.23-20.36.27:784][970]LogVSAccessor: Warning: Couldn't access module table
[2018.01.23-20.36.27:784][970]LogVSAccessor: Warning: Couldn't access module table
[2018.01.23-20.36.27:784][970]LogVSAccessor: Warning: Couldn't access module table
[2018.01.23-20.36.27:784][970]LogVSAccessor: Warning: Couldn't access module table
[2018.01.23-20.36.27:784][970]LogVSAccessor: Warning: Couldn't access module table
[2018.01.23-20.36.27:784][970]LogVSAccessor: Warning: Couldn't access module table
[2018.01.23-20.36.27:784][970]LogVSAccessor: Warning: Couldn't access module table
[2018.01.23-20.36.27:784][970]LogVSAccessor: Warning: Couldn't access module table
[2018.01.23-20.36.27:785][970]LogVSAccessor: Warning: Couldn't access module table
[2018.01.23-20.36.27:785][970]LogVSAccessor: Warning: Couldn't access module table
[2018.01.23-20.36.27:785][970]LogVSAccessor: Warning: Couldn't access module table
[2018.01.23-20.36.27:785][970]LogVSAccessor: Warning: Couldn't access module table
[2018.01.23-20.36.27:785][970]LogVSAccessor: Warning: Couldn't access module table
[2018.01.23-20.36.27:785][970]LogVSAccessor: Warning: Couldn't access module table
[2018.01.23-20.36.27:785][970]LogVSAccessor: Warning: Couldn't access module table
[2018.01.23-20.36.27:785][970]LogVSAccessor: Warning: Couldn't access module table
[2018.01.23-20.36.27:785][970]LogVSAccessor: Warning: Couldn't access module table
[2018.01.23-20.36.27:785][970]LogVSAccessor: Warning: Couldn't access module table
[2018.01.23-20.36.27:785][970]LogVSAccessor: Warning: Couldn't access module table
[2018.01.23-20.36.27:786][970]LogVSAccessor: Warning: Couldn't access module table
[2018.01.23-20.36.27:786][970]LogVSAccessor: Warning: Couldn't access module table
[2018.01.23-20.36.27:786][970]LogVSAccessor: Warning: Couldn't access module table
[2018.01.23-20.36.27:786][970]LogVSAccessor: Warning: Couldn't access module table
[2018.01.23-20.36.27:786][970]LogVSAccessor: Warning: Couldn't access module table
[2018.01.23-20.36.27:786][970]LogVSAccessor: Warning: Couldn't access module table
[2018.01.23-20.36.27:786][970]LogVSAccessor: Warning: Couldn't access module table
[2018.01.23-20.36.27:786][970]LogVSAccessor: Warning: Couldn't access module table
[2018.01.23-20.36.27:786][970]LogVSAccessor: Warning: Couldn't access module table
[2018.01.23-20.36.27:786][970]LogVSAccessor: Warning: Couldn't access module table
[2018.01.23-20.36.27:787][970]LogVSAccessor: Warning: Couldn't access module table
[2018.01.23-20.36.27:787][970]LogVSAccessor: Warning: Couldn't access module table
[2018.01.23-20.36.27:787][970]LogVSAccessor: Warning: Couldn't access module table
[2018.01.23-20.36.27:787][970]LogVSAccessor: Warning: Couldn't access module table
[2018.01.23-20.36.27:787][970]LogVSAccessor: Warning: Couldn't access module table
[2018.01.23-20.36.27:787][970]LogVSAccessor: Warning: Couldn't access module table
[2018.01.23-20.36.27:787][970]LogVSAccessor: Warning: Couldn't access module table
[2018.01.23-20.36.27:787][970]LogVSAccessor: Warning: Couldn't access module table
[2018.01.23-20.36.27:787][970]LogVSAccessor: Warning: Couldn't access module table
[2018.01.23-20.36.27:787][970]LogVSAccessor: Warning: Couldn't access module table
[2018.01.23-20.36.27:788][970]LogVSAccessor: Warning: Couldn't access module table
[2018.01.23-20.36.27:788][970]LogVSAccessor: Warning: Couldn't access module table
[2018.01.23-20.36.27:788][970]LogVSAccessor: Warning: Couldn't access module table
[2018.01.23-20.36.27:788][970]LogVSAccessor: Warning: Couldn't access module table
[2018.01.23-20.36.27:788][970]LogVSAccessor: Warning: Couldn't access module table
[2018.01.23-20.36.27:788][970]LogVSAccessor: Warning: Couldn't access module table
[2018.01.23-20.36.27:788][970]LogVSAccessor: Warning: Couldn't access module table
[2018.01.23-20.36.27:788][970]LogVSAccessor: Warning: Couldn't access module table
[2018.01.23-20.36.27:788][970]LogVSAccessor: Warning: Couldn't access module table
[2018.01.23-20.36.27:788][970]LogVSAccessor: Warning: Couldn't access module table
[2018.01.23-20.36.27:788][970]LogVSAccessor: Warning: Couldn't access module table
[2018.01.23-20.36.27:789][970]LogVSAccessor: Warning: Couldn't access module table
[2018.01.23-20.36.27:789][970]LogVSAccessor: Warning: Couldn't access module table
[2018.01.23-20.36.27:789][970]LogVSAccessor: Warning: Couldn't access module table
[2018.01.23-20.36.27:789][970]LogVSAccessor: Warning: Couldn't access module table
[2018.01.23-20.36.27:789][970]LogVSAccessor: Warning: Couldn't access module table
[2018.01.23-20.36.27:789][970]LogVSAccessor: Warning: Couldn't access module table
[2018.01.23-20.36.27:799][970]LogVSAccessor: Warning: Couldn't access module table
[2018.01.23-20.36.27:822][970]LogVSAccessor: Warning: Couldn't access module table
[2018.01.23-20.36.27:824][970]LogVSAccessor: Warning: Couldn't access module table
[2018.01.23-20.36.27:824][970]LogVSAccessor: Warning: Couldn't access module table
[2018.01.23-20.36.27:826][970]LogVSAccessor: Warning: Couldn't access module table
[2018.01.23-20.36.27:835][970]LogVSAccessor: Warning: Couldn't access module table
[2018.01.23-20.36.27:847][970]LogVSAccessor: Warning: Couldn't access module table
[2018.01.23-20.36.27:854][970]LogVSAccessor: Warning: Couldn't access module table
[2018.01.23-20.40.11:068][641]LogHttp: Warning: 0000028D12F59000: request failed, libcurl error: 6 (Couldn't resolve host name)
[2018.01.23-20.40.11:068][641]LogHttp: Warning: 0000028D12F59000: libcurl info message cache 0 (Found bundle for host datarouter.ol.epicgames.com: 0x28d76f27fe8 [can pipeline])
[2018.01.23-20.40.11:068][641]LogHttp: Warning: 0000028D12F59000: libcurl info message cache 1 (Re-using existing connection! (#4) with host datarouter.ol.epicgames.com)
[2018.01.23-20.40.11:068][641]LogHttp: Warning: 0000028D12F59000: libcurl info message cache 2 (Connected to datarouter.ol.epicgames.com (34.235.58.47) port 443 (#4))
[2018.01.23-20.40.11:068][641]LogHttp: Warning: 0000028D12F59000: libcurl info message cache 3 (upload completely sent off: 374 out of 374 bytes)
[2018.01.23-20.40.11:068][641]LogHttp: Warning: 0000028D12F59000: libcurl info message cache 4 (SSL read: error:00000000:lib(0):func(0):reason(0), errno 10054)
[2018.01.23-20.40.11:068][641]LogHttp: Warning: 0000028D12F59000: libcurl info message cache 5 (Connection died, retrying a fresh connect)
[2018.01.23-20.40.11:068][641]LogHttp: Warning: 0000028D12F59000: libcurl info message cache 6 (Closing connection 4)
[2018.01.23-20.40.11:068][641]LogHttp: Warning: 0000028D12F59000: libcurl info message cache 7 (Issue another request to this URL: 'https://datarouter.ol.epicgames.com/datarouter/api/v1/public/data?SessionID=%7B9D1C7B3B-4942-DAB9-DBB0-1885CB106E90%7D&AppID=UEEditor.Rocket.Release&AppVersion=4.18.3-3832480%2B%2B%2BUE4%2BRelease-4.18&UserID=f9ac71424e1f13593e0bbc9861aa476b%7Cc7df6eca64214249bcfbd26f41f94cca%7Cdd227e14-df3d-4815-9a04-e7b18d3ff516&AppEnvironment=datacollector-binary&UploadType=eteventstream')
[2018.01.23-20.40.11:068][641]LogHttp: Warning: 0000028D12F59000: libcurl info message cache 8 (Could not resolve host: datarouter.ol.epicgames.com)
[2018.01.23-20.40.11:068][641]LogHttp: Warning: 0000028D12F59000: libcurl info message cache 9 (Closing connection 5)
[2018.01.23-20.42.11:731][  3]LogHttp: Warning: 0000028D12F5AF80: request failed, libcurl error: 6 (Couldn't resolve host name)
[2018.01.23-20.42.11:731][  3]LogHttp: Warning: 0000028D12F5AF80: libcurl info message cache 0 (Could not resolve host: datarouter.ol.epicgames.com)
[2018.01.23-20.42.11:731][  3]LogHttp: Warning: 0000028D12F5AF80: libcurl info message cache 1 (Closing connection 6)
[2018.01.23-21.19.12:752][169]LogRenderer: Reallocating scene render targets to support 1208x712 Format 10 NumSamples 1 (Frame:1).
[2018.01.23-21.54.55:847][355]LogHotReload: New module detected: UE4Editor-Bomberman-2083.dll
[2018.01.23-21.54.56:534][358]LogHotReload: Starting Hot-Reload from IDE
[2018.01.23-21.54.56:713][358]LogClass: Could not find existing class BombermanGameModeBase in package /Script/Bomberman for HotReload, assuming new class
[2018.01.23-21.54.56:713][358]LogClass: Function GenerateLevel is new.
[2018.01.23-21.54.56:713][358]LogClass: Function GetTileCoords is new.
[2018.01.23-21.54.56:715][358]LogClass: Could not find existing class Tile in package /Script/Bomberman for HotReload, assuming new class
[2018.01.23-21.54.56:715][358]LogClass: Function GetChildObject is new.
[2018.01.23-21.54.56:715][358]LogClass: Function SetChildObject is new.
[2018.01.23-21.54.56:715][358]LogClass: Could not find existing class TileObject in package /Script/Bomberman for HotReload, assuming new class
[2018.01.23-21.54.56:715][358]LogClass: Function GetTileCoord is new.
[2018.01.23-21.54.56:715][358]LogClass: Function SetTileCoord is new.
[2018.01.23-21.54.56:715][358]LogClass: MapRow HotReload.
[2018.01.23-21.54.56:726][358]LogHotReload: Re-instancing BombermanGameModeBase after hot-reload.
[2018.01.23-21.54.56:840][358]LogHotReload: Re-instancing Tile after hot-reload.
[2018.01.23-21.54.57:109][358]LogHotReload: Re-instancing TileObject after hot-reload.
[2018.01.23-21.54.57:565][358]LogContentBrowser: Native class hierarchy updated for 'Bomberman' in 0.0010 seconds. Added 5 classes and 2 folders.
[2018.01.23-21.54.57:569][358]Display: HotReload successful (0 functions remapped  1 scriptstructs remapped)
[2018.01.23-21.54.57:889][358]LogContentBrowser: Native class hierarchy populated in 0.0094 seconds. Added 2370 classes and 525 folders.
[2018.01.23-21.54.57:893][358]Display: HotReload took  1.4s.
[2018.01.23-22.01.51:235][598]LogHotReload: New module detected: UE4Editor-Bomberman-6658.dll
[2018.01.23-22.01.51:919][601]LogHotReload: Starting Hot-Reload from IDE
[2018.01.23-22.01.52:082][601]LogClass: MapRow HotReload.
[2018.01.23-22.01.52:085][601]LogContentBrowser: Native class hierarchy updated for 'Bomberman' in 0.0006 seconds. Added 5 classes and 2 folders.
[2018.01.23-22.01.52:088][601]Display: HotReload successful (6 functions remapped  1 scriptstructs remapped)
[2018.01.23-22.01.52:453][601]LogContentBrowser: Native class hierarchy populated in 0.0104 seconds. Added 2370 classes and 525 folders.
[2018.01.23-22.01.52:457][601]Display: HotReload took  0.5s.
[2018.01.23-22.19.28:980][806]LogHotReload: New module detected: UE4Editor-Bomberman-7235.dll
[2018.01.23-22.19.29:658][809]LogHotReload: Starting Hot-Reload from IDE
[2018.01.23-22.19.29:785][809]LogClass: MapRow HotReload.
[2018.01.23-22.19.29:788][809]LogContentBrowser: Native class hierarchy updated for 'Bomberman' in 0.0006 seconds. Added 5 classes and 2 folders.
[2018.01.23-22.19.29:791][809]Display: HotReload successful (6 functions remapped  1 scriptstructs remapped)
[2018.01.23-22.19.30:098][809]LogContentBrowser: Native class hierarchy populated in 0.0120 seconds. Added 2370 classes and 525 folders.
[2018.01.23-22.19.30:101][809]Display: HotReload took  0.4s.
[2018.01.23-22.20.26:411][ 47]LogTemp: Repeating last play command: Selected Viewport
[2018.01.23-22.20.26:437][ 47]LogPlayLevel: PlayLevel: No blueprints needed recompiling
[2018.01.23-22.20.26:437][ 47]PIE: New page: PIE session: Bomberman_Level (Jan 23, 2018, 10:20:26 PM)
[2018.01.23-22.20.26:437][ 47]LogPlayLevel: Creating play world package: /Game/Maps/UEDPIE_0_Bomberman_Level
[2018.01.23-22.20.26:439][ 47]LogPlayLevel: PIE: StaticDuplicateObject took: (0.001499s)
[2018.01.23-22.20.26:439][ 47]LogAIModule: Creating AISystem for world Bomberman_Level
[2018.01.23-22.20.26:440][ 47]LogPlayLevel: PIE: World Init took: (0.001017s)
[2018.01.23-22.20.26:440][ 47]LogPlayLevel: PIE: Created PIE world by copying editor world from /Game/Maps/Bomberman_Level.Bomberman_Level to /Game/Maps/UEDPIE_0_Bomberman_Level.Bomberman_Level (0.003113s)
[2018.01.23-22.20.26:498][ 47]LogInit: XAudio2 using 'Speakers (Realtek High Definition Audio)' : 2 channels at 48 kHz using 32 bits per sample (channel mask 0x3)
[2018.01.23-22.20.26:513][ 47]LogInit: FAudioDevice initialized.
[2018.01.23-22.20.26:549][ 47]LogLoad: Game class is 'BP_BombermanGameMode_C'
[2018.01.23-22.20.26:550][ 47]LogWorld: Bringing World /Game/Maps/UEDPIE_0_Bomberman_Level.Bomberman_Level up for play (max tick rate 60) at 2018.01.23-22.20.26
[2018.01.23-22.20.26:550][ 47]LogWorld: Bringing up level for play took: 0.000668
[2018.01.23-22.20.26:552][ 47]LogTemp: Warning: Beginning Bomberman game...
[2018.01.23-22.20.26:553][ 47]PIE: Play in editor start time for /Game/Maps/UEDPIE_0_Bomberman_Level -0.046
[2018.01.23-22.20.27:469][ 47]LogWindows: Error: === Critical error: ===
[2018.01.23-22.20.27:469][ 47]LogWindows: Error: 
[2018.01.23-22.20.27:469][ 47]LogWindows: Error: Fatal error!
[2018.01.23-22.20.27:469][ 47]LogWindows: Error: 
[2018.01.23-22.20.27:469][ 47]LogWindows: Error: Unhandled Exception: EXCEPTION_ACCESS_VIOLATION reading address 0x00000178
[2018.01.23-22.20.27:469][ 47]LogWindows: Error: 
[2018.01.23-22.20.27:469][ 47]LogWindows: Error: [Callstack] 0x00000000C573351F UE4Editor-Bomberman-7235.dll!ABombermanGameModeBase::Tick() [c:\users\luke\documents\unreal projects\bomberman-ue4\bomberman\source\bomberman\bombermangamemodebase.cpp:31]
[2018.01.23-22.20.27:469][ 47]LogWindows: Error: [Callstack] 0x00000000DA700C39 UE4Editor-Engine.dll!UnknownFunction []
[2018.01.23-22.20.27:469][ 47]LogWindows: Error: [Callstack] 0x00000000DA6B58B6 UE4Editor-Engine.dll!UnknownFunction []
[2018.01.23-22.20.27:469][ 47]LogWindows: Error: [Callstack] 0x00000000DB709BDB UE4Editor-Engine.dll!UnknownFunction []
[2018.01.23-22.20.27:469][ 47]LogWindows: Error: [Callstack] 0x00000000DB70DD0B UE4Editor-Engine.dll!UnknownFunction []
[2018.01.23-22.20.27:469][ 47]LogWindows: Error: [Callstack] 0x00000000F1334845 UE4Editor-Core.dll!UnknownFunction []
[2018.01.23-22.20.27:469][ 47]LogWindows: Error: [Callstack] 0x00000000F1334E2A UE4Editor-Core.dll!UnknownFunction []
[2018.01.23-22.20.27:469][ 47]LogWindows: Error: [Callstack] 0x00000000F135589E UE4Editor-Core.dll!UnknownFunction []
[2018.01.23-22.20.27:469][ 47]LogWindows: Error: [Callstack] 0x00000000DB727E11 UE4Editor-Engine.dll!UnknownFunction []
[2018.01.23-22.20.27:469][ 47]LogWindows: Error: [Callstack] 0x00000000DB72C632 UE4Editor-Engine.dll!UnknownFunction []
[2018.01.23-22.20.27:469][ 47]LogWindows: Error: [Callstack] 0x00000000DB01D104 UE4Editor-Engine.dll!UnknownFunction []
[2018.01.23-22.20.27:469][ 47]LogWindows: Error: [Callstack] 0x00000000DB026448 UE4Editor-Engine.dll!UnknownFunction []
[2018.01.23-22.20.27:469][ 47]LogWindows: Error: [Callstack] 0x00000000EFA56BA6 UE4Editor-UnrealEd.dll!UnknownFunction []
[2018.01.23-22.20.27:469][ 47]LogWindows: Error: [Callstack] 0x00000000F0304AC6 UE4Editor-UnrealEd.dll!UnknownFunction []
[2018.01.23-22.20.27:469][ 47]LogWindows: Error: [Callstack] 0x000000007BFE5A26 UE4Editor.exe!UnknownFunction []
[2018.01.23-22.20.27:469][ 47]LogWindows: Error: [Callstack] 0x000000007BFF5430 UE4Editor.exe!UnknownFunction []
[2018.01.23-22.20.27:469][ 47]LogWindows: Error: [Callstack] 0x000000007BFF54AA UE4Editor.exe!UnknownFunction []
[2018.01.23-22.20.27:469][ 47]LogWindows: Error: [Callstack] 0x000000007C002379 UE4Editor.exe!UnknownFunction []
[2018.01.23-22.20.27:469][ 47]LogWindows: Error: [Callstack] 0x000000007C003D57 UE4Editor.exe!UnknownFunction []
[2018.01.23-22.20.27:469][ 47]LogWindows: Error: [Callstack] 0x0000000023581FE4 KERNEL32.DLL!UnknownFunction []
[2018.01.23-22.20.27:469][ 47]LogWindows: Error: [Callstack] 0x0000000025A9EFB1 ntdll.dll!UnknownFunction []
[2018.01.23-22.20.27:469][ 47]LogWindows: Error: [Callstack] 0x0000000025A9EFB1 ntdll.dll!UnknownFunction []
[2018.01.23-22.20.27:470][ 47]LogWindows: Error: 
[2018.01.23-22.20.27:487][ 47]LogExit: Executing StaticShutdownAfterError
[2018.01.23-22.20.27:506][ 47]LogWindows: FPlatformMisc::RequestExit(1)
[2018.01.23-22.20.27:506][ 47]Log file closed, 01/23/18 22:20:27
