Log file open, 01/25/18 08:44:13
LogWindows: Failed to load 'aqProf.dll' (GetLastError=126)
LogWindows: File 'aqProf.dll' does not exist
LogWindows: Failed to load 'VtuneApi.dll' (GetLastError=126)
LogWindows: File 'VtuneApi.dll' does not exist
LogWindows: Failed to load 'VtuneApi32e.dll' (GetLastError=126)
LogWindows: File 'VtuneApi32e.dll' does not exist
LogInit: Display: Running engine for game: Bomberman
LogPlatformFile: Not using cached read wrapper
LogInit: Display: RandInit(-374755108) SRandInit(-374755108).
LogInit: Read version file with build ID '3709383'
LogInit: Overriding engine version to CL 3832480, compatible CL 3709383
LogInit: Registered custom module enumerator with build ID '3709383'
LogTaskGraph: Started task graph with 5 named threads and 14 total threads with 3 sets of task threads.
LogStats: Stats thread started at 0.172760
LogD3D11RHI: Aftermath initialized
LogPluginManager: Mounting plugin Paper2D
LogPluginManager: Mounting plugin LightPropagationVolume
LogPluginManager: Mounting plugin CodeLiteSourceCodeAccess
LogPluginManager: Mounting plugin GitSourceControl
LogPluginManager: Mounting plugin KDevelopSourceCodeAccess
LogPluginManager: Mounting plugin NullSourceCodeAccess
LogPluginManager: Mounting plugin PerforceSourceControl
LogPluginManager: Mounting plugin SubversionSourceControl
LogPluginManager: Mounting plugin UObjectPlugin
LogPluginManager: Mounting plugin VisualStudioCodeSourceCodeAccess
LogPluginManager: Mounting plugin VisualStudioSourceCodeAccess
LogPluginManager: Mounting plugin XCodeSourceCodeAccess
LogPluginManager: Mounting plugin AssetManagerEditor
LogPluginManager: Mounting plugin AudioCapture
LogPluginManager: Mounting plugin FacialAnimation
LogPluginManager: Mounting plugin GameplayTagsEditor
LogPluginManager: Mounting plugin MobileLauncherProfileWizard
LogPluginManager: Mounting plugin PluginBrowser
LogPluginManager: Mounting plugin SpeedTreeImporter
LogPluginManager: Mounting plugin AlembicImporter
LogPluginManager: Mounting plugin CharacterAI
LogPluginManager: Mounting plugin HTML5Networking
LogPluginManager: Mounting plugin AndroidMedia
LogPluginManager: Mounting plugin AvfMedia
LogPluginManager: Mounting plugin ImgMedia
LogPluginManager: Mounting plugin MediaCompositing
LogPluginManager: Mounting plugin MediaPlayerEditor
LogPluginManager: Mounting plugin WmfMedia
LogPluginManager: Mounting plugin TcpMessaging
LogPluginManager: Mounting plugin UdpMessaging
LogPluginManager: Mounting plugin ActorSequence
LogPluginManager: Mounting plugin LevelSequenceEditor
LogPluginManager: Mounting plugin MatineeToLevelSequence
LogPluginManager: Mounting plugin OnlineSubsystemGooglePlay
LogPluginManager: Mounting plugin OnlineSubsystemIOS
LogPluginManager: Mounting plugin OnlineSubsystem
LogPluginManager: Mounting plugin OnlineSubsystemNull
LogPluginManager: Mounting plugin OnlineSubsystemUtils
LogPluginManager: Mounting plugin AndroidDeviceProfileSelector
LogPluginManager: Mounting plugin AndroidMoviePlayer
LogPluginManager: Mounting plugin AndroidPermission
LogPluginManager: Mounting plugin AppleARKit
LogPluginManager: Mounting plugin AppleMoviePlayer
LogPluginManager: Mounting plugin ArchVisCharacter
LogPluginManager: Mounting plugin CableComponent
LogPluginManager: Mounting plugin CustomMeshComponent
LogPluginManager: Mounting plugin ExampleDeviceProfileSelector
LogPluginManager: Mounting plugin GoogleCloudMessaging
LogPluginManager: Mounting plugin ImmediatePhysics
LogPluginManager: Mounting plugin IOSDeviceProfileSelector
LogPluginManager: Mounting plugin LinuxDeviceProfileSelector
LogPluginManager: Mounting plugin LocationServicesBPLibrary
LogPluginManager: Mounting plugin MobilePatchingUtils
LogPluginManager: Mounting plugin OculusVR
LogPluginManager: Plugin shader directory ../../../Engine/Plugins/Runtime/Oculus/OculusVR/Shaders found
LogPluginManager: Mapping shader source directory ../../../Engine/Plugins/Runtime/Oculus/OculusVR/Shaders to virtual directory /Plugin/OculusVR
LogPluginManager: Mounting plugin PhysXVehicles
LogPluginManager: Mounting plugin ProceduralMeshComponent
LogPluginManager: Mounting plugin RuntimePhysXCooking
LogPluginManager: Mounting plugin SteamVR
LogPluginManager: Mounting plugin WindowsMoviePlayer
LogModuleManager: Display: Found up-to-date module file ../../../../../../Users/Luke/Documents/Unreal Projects/bomberman-ue4/Bomberman/Binaries/Win64/UE4Editor-Bomberman-8647.dll (API version 3709383).
LogModuleManager: Display: Found up-to-date module file ../../../Engine/Plugins/2D/Paper2D/Binaries/Win64/UE4Editor-Paper2D.dll (API version 3709383).
LogModuleManager: Display: Found up-to-date module file ../../../Engine/Plugins/2D/Paper2D/Binaries/Win64/UE4Editor-Paper2DEditor.dll (API version 3709383).
LogModuleManager: Display: Found up-to-date module file ../../../Engine/Plugins/2D/Paper2D/Binaries/Win64/UE4Editor-PaperSpriteSheetImporter.dll (API version 3709383).
LogModuleManager: Display: Found up-to-date module file ../../../Engine/Plugins/2D/Paper2D/Binaries/Win64/UE4Editor-PaperTiledImporter.dll (API version 3709383).
LogModuleManager: Display: Found up-to-date module file ../../../Engine/Plugins/2D/Paper2D/Binaries/Win64/UE4Editor-SmartSnapping.dll (API version 3709383).
LogModuleManager: Display: Found up-to-date module file ../../../Engine/Plugins/Blendables/LightPropagationVolume/Binaries/Win64/UE4Editor-LightPropagationVolumeRuntime.dll (API version 3709383).
LogModuleManager: Display: Found up-to-date module file ../../../Engine/Plugins/Blendables/LightPropagationVolume/Binaries/Win64/UE4Editor-LightPropagationVolumeEditor.dll (API version 3709383).
LogModuleManager: Display: Found up-to-date module file ../../../Engine/Plugins/Developer/GitSourceControl/Binaries/Win64/UE4Editor-GitSourceControl.dll (API version 3709383).
LogModuleManager: Display: Found up-to-date module file ../../../Engine/Plugins/Developer/PerforceSourceControl/Binaries/Win64/UE4Editor-PerforceSourceControl.dll (API version 3709383).
LogModuleManager: Display: Found up-to-date module file ../../../Engine/Plugins/Developer/SubversionSourceControl/Binaries/Win64/UE4Editor-SubversionSourceControl.dll (API version 3709383).
LogModuleManager: Display: Found up-to-date module file ../../../Engine/Plugins/Developer/UObjectPlugin/Binaries/Win64/UE4Editor-UObjectPlugin.dll (API version 3709383).
LogModuleManager: Display: Found up-to-date module file ../../../Engine/Plugins/Developer/VisualStudioCodeSourceCodeAccess/Binaries/Win64/UE4Editor-VisualStudioCodeSourceCodeAccess.dll (API version 3709383).
LogModuleManager: Display: Found up-to-date module file ../../../Engine/Plugins/Developer/VisualStudioSourceCodeAccess/Binaries/Win64/UE4Editor-VisualStudioSourceCodeAccess.dll (API version 3709383).
LogModuleManager: Display: Found up-to-date module file ../../../Engine/Plugins/Editor/AssetManagerEditor/Binaries/Win64/UE4Editor-AssetManagerEditor.dll (API version 3709383).
LogModuleManager: Display: Found up-to-date module file ../../../Engine/Plugins/Editor/AudioCapture/Binaries/Win64/UE4Editor-AudioCapture.dll (API version 3709383).
LogModuleManager: Display: Found up-to-date module file ../../../Engine/Plugins/Editor/FacialAnimation/Binaries/Win64/UE4Editor-FacialAnimation.dll (API version 3709383).
LogModuleManager: Display: Found up-to-date module file ../../../Engine/Plugins/Editor/FacialAnimation/Binaries/Win64/UE4Editor-FacialAnimationEditor.dll (API version 3709383).
LogModuleManager: Display: Found up-to-date module file ../../../Engine/Plugins/Editor/GameplayTagsEditor/Binaries/Win64/UE4Editor-GameplayTagsEditor.dll (API version 3709383).
LogModuleManager: Display: Found up-to-date module file ../../../Engine/Plugins/Editor/MobileLauncherProfileWizard/Binaries/Win64/UE4Editor-MobileLauncherProfileWizard.dll (API version 3709383).
LogModuleManager: Display: Found up-to-date module file ../../../Engine/Plugins/Editor/PluginBrowser/Binaries/Win64/UE4Editor-PluginBrowser.dll (API version 3709383).
LogModuleManager: Display: Found up-to-date module file ../../../Engine/Plugins/Editor/SpeedTreeImporter/Binaries/Win64/UE4Editor-SpeedTreeImporter.dll (API version 3709383).
LogModuleManager: Display: Found up-to-date module file ../../../Engine/Plugins/Experimental/AlembicImporter/Binaries/Win64/UE4Editor-AlembicImporter.dll (API version 3709383).
LogModuleManager: Display: Found up-to-date module file ../../../Engine/Plugins/Experimental/AlembicImporter/Binaries/Win64/UE4Editor-AlembicLibrary.dll (API version 3709383).
LogModuleManager: Display: Found up-to-date module file ../../../Engine/Plugins/Experimental/CharacterAI/Binaries/Win64/UE4Editor-CharacterAI.dll (API version 3709383).
LogModuleManager: Display: Found up-to-date module file ../../../Engine/Plugins/Experimental/HTML5Networking/Binaries/Win64/UE4Editor-HTML5Networking.dll (API version 3709383).
LogModuleManager: Display: Found up-to-date module file ../../../Engine/Plugins/Media/AndroidMedia/Binaries/Win64/UE4Editor-AndroidMediaEditor.dll (API version 3709383).
LogModuleManager: Display: Found up-to-date module file ../../../Engine/Plugins/Media/AndroidMedia/Binaries/Win64/UE4Editor-AndroidMediaFactory.dll (API version 3709383).
LogModuleManager: Display: Found up-to-date module file ../../../Engine/Plugins/Media/AvfMedia/Binaries/Win64/UE4Editor-AvfMediaEditor.dll (API version 3709383).
LogModuleManager: Display: Found up-to-date module file ../../../Engine/Plugins/Media/AvfMedia/Binaries/Win64/UE4Editor-AvfMediaFactory.dll (API version 3709383).
LogModuleManager: Display: Found up-to-date module file ../../../Engine/Plugins/Media/AvfMedia/Binaries/Win64/UE4Editor-AvfMediaFactory.dll (API version 3709383).
LogModuleManager: Display: Found up-to-date module file ../../../Engine/Plugins/Media/ImgMedia/Binaries/Win64/UE4Editor-ImgMedia.dll (API version 3709383).
LogModuleManager: Display: Found up-to-date module file ../../../Engine/Plugins/Media/ImgMedia/Binaries/Win64/UE4Editor-ImgMediaEditor.dll (API version 3709383).
LogModuleManager: Display: Found up-to-date module file ../../../Engine/Plugins/Media/ImgMedia/Binaries/Win64/UE4Editor-ImgMediaFactory.dll (API version 3709383).
LogModuleManager: Display: Found up-to-date module file ../../../Engine/Plugins/Media/ImgMedia/Binaries/Win64/UE4Editor-ImgMediaFactory.dll (API version 3709383).
LogModuleManager: Display: Found up-to-date module file ../../../Engine/Plugins/Media/ImgMedia/Binaries/Win64/UE4Editor-OpenExrWrapper.dll (API version 3709383).
LogModuleManager: Display: Found up-to-date module file ../../../Engine/Plugins/Media/MediaCompositing/Binaries/Win64/UE4Editor-MediaCompositing.dll (API version 3709383).
LogModuleManager: Display: Found up-to-date module file ../../../Engine/Plugins/Media/MediaCompositing/Binaries/Win64/UE4Editor-MediaCompositingEditor.dll (API version 3709383).
LogModuleManager: Display: Found up-to-date module file ../../../Engine/Plugins/Media/MediaPlayerEditor/Binaries/Win64/UE4Editor-MediaPlayerEditor.dll (API version 3709383).
LogModuleManager: Display: Found up-to-date module file ../../../Engine/Plugins/Media/WmfMedia/Binaries/Win64/UE4Editor-WmfMedia.dll (API version 3709383).
LogModuleManager: Display: Found up-to-date module file ../../../Engine/Plugins/Media/WmfMedia/Binaries/Win64/UE4Editor-WmfMediaEditor.dll (API version 3709383).
LogModuleManager: Display: Found up-to-date module file ../../../Engine/Plugins/Media/WmfMedia/Binaries/Win64/UE4Editor-WmfMediaFactory.dll (API version 3709383).
LogModuleManager: Display: Found up-to-date module file ../../../Engine/Plugins/Media/WmfMedia/Binaries/Win64/UE4Editor-WmfMediaFactory.dll (API version 3709383).
LogModuleManager: Display: Found up-to-date module file ../../../Engine/Plugins/Messaging/TcpMessaging/Binaries/Win64/UE4Editor-TcpMessaging.dll (API version 3709383).
LogModuleManager: Display: Found up-to-date module file ../../../Engine/Plugins/Messaging/UdpMessaging/Binaries/Win64/UE4Editor-UdpMessaging.dll (API version 3709383).
LogModuleManager: Display: Found up-to-date module file ../../../Engine/Plugins/MovieScene/ActorSequence/Binaries/Win64/UE4Editor-ActorSequence.dll (API version 3709383).
LogModuleManager: Display: Found up-to-date module file ../../../Engine/Plugins/MovieScene/LevelSequenceEditor/Binaries/Win64/UE4Editor-LevelSequenceEditor.dll (API version 3709383).
LogModuleManager: Display: Found up-to-date module file ../../../Engine/Plugins/MovieScene/MatineeToLevelSequence/Binaries/Win64/UE4Editor-MatineeToLevelSequence.dll (API version 3709383).
LogModuleManager: Display: Found up-to-date module file ../../../Engine/Plugins/Online/OnlineSubsystem/Binaries/Win64/UE4Editor-OnlineSubsystem.dll (API version 3709383).
LogModuleManager: Display: Found up-to-date module file ../../../Engine/Plugins/Online/OnlineSubsystemNull/Binaries/Win64/UE4Editor-OnlineSubsystemNull.dll (API version 3709383).
LogModuleManager: Display: Found up-to-date module file ../../../Engine/Plugins/Online/OnlineSubsystemUtils/Binaries/Win64/UE4Editor-OnlineSubsystemUtils.dll (API version 3709383).
LogModuleManager: Display: Found up-to-date module file ../../../Engine/Plugins/Online/OnlineSubsystemUtils/Binaries/Win64/UE4Editor-OnlineBlueprintSupport.dll (API version 3709383).
LogModuleManager: Display: Found up-to-date module file ../../../Engine/Plugins/Runtime/AndroidDeviceProfileSelector/Binaries/Win64/UE4Editor-AndroidDeviceProfileSelector.dll (API version 3709383).
LogModuleManager: Display: Found up-to-date module file ../../../Engine/Plugins/Runtime/AndroidPermission/Binaries/Win64/UE4Editor-AndroidPermission.dll (API version 3709383).
LogModuleManager: Display: Found up-to-date module file ../../../Engine/Plugins/Runtime/AppleARKit/Binaries/Win64/UE4Editor-AppleARKit.dll (API version 3709383).
LogModuleManager: Display: Found up-to-date module file ../../../Engine/Plugins/Runtime/ArchVisCharacter/Binaries/Win64/UE4Editor-ArchVisCharacter.dll (API version 3709383).
LogModuleManager: Display: Found up-to-date module file ../../../Engine/Plugins/Runtime/CableComponent/Binaries/Win64/UE4Editor-CableComponent.dll (API version 3709383).
LogModuleManager: Display: Found up-to-date module file ../../../Engine/Plugins/Runtime/CustomMeshComponent/Binaries/Win64/UE4Editor-CustomMeshComponent.dll (API version 3709383).
LogModuleManager: Display: Found up-to-date module file ../../../Engine/Plugins/Runtime/ExampleDeviceProfileSelector/Binaries/Win64/UE4Editor-ExampleDeviceProfileSelector.dll (API version 3709383).
LogModuleManager: Display: Found up-to-date module file ../../../Engine/Plugins/Runtime/ImmediatePhysics/Binaries/Win64/UE4Editor-ImmediatePhysics.dll (API version 3709383).
LogModuleManager: Display: Found up-to-date module file ../../../Engine/Plugins/Runtime/ImmediatePhysics/Binaries/Win64/UE4Editor-ImmediatePhysicsEditor.dll (API version 3709383).
LogModuleManager: Display: Found up-to-date module file ../../../Engine/Plugins/Runtime/LocationServicesBPLibrary/Binaries/Win64/UE4Editor-LocationServicesBPLibrary.dll (API version 3709383).
LogModuleManager: Display: Found up-to-date module file ../../../Engine/Plugins/Runtime/MobilePatchingUtils/Binaries/Win64/UE4Editor-MobilePatchingUtils.dll (API version 3709383).
LogModuleManager: Display: Found up-to-date module file ../../../Engine/Plugins/Runtime/Oculus/OculusVR/Binaries/Win64/UE4Editor-OculusHMD.dll (API version 3709383).
LogModuleManager: Display: Found up-to-date module file ../../../Engine/Plugins/Runtime/Oculus/OculusVR/Binaries/Win64/UE4Editor-OculusInput.dll (API version 3709383).
LogModuleManager: Display: Found up-to-date module file ../../../Engine/Plugins/Runtime/Oculus/OculusVR/Binaries/Win64/UE4Editor-OculusEditor.dll (API version 3709383).
LogModuleManager: Display: Found up-to-date module file ../../../Engine/Plugins/Runtime/PhysXVehicles/Binaries/Win64/UE4Editor-PhysXVehicles.dll (API version 3709383).
LogModuleManager: Display: Found up-to-date module file ../../../Engine/Plugins/Runtime/PhysXVehicles/Binaries/Win64/UE4Editor-PhysXVehiclesEditor.dll (API version 3709383).
LogModuleManager: Display: Found up-to-date module file ../../../Engine/Plugins/Runtime/ProceduralMeshComponent/Binaries/Win64/UE4Editor-ProceduralMeshComponent.dll (API version 3709383).
LogModuleManager: Display: Found up-to-date module file ../../../Engine/Plugins/Runtime/ProceduralMeshComponent/Binaries/Win64/UE4Editor-ProceduralMeshComponentEditor.dll (API version 3709383).
LogModuleManager: Display: Found up-to-date module file ../../../Engine/Plugins/Runtime/RuntimePhysXCooking/Binaries/Win64/UE4Editor-RuntimePhysXCooking.dll (API version 3709383).
LogModuleManager: Display: Found up-to-date module file ../../../Engine/Plugins/Runtime/Steam/SteamVR/Binaries/Win64/UE4Editor-SteamVR.dll (API version 3709383).
LogModuleManager: Display: Found up-to-date module file ../../../Engine/Plugins/Runtime/Steam/SteamVR/Binaries/Win64/UE4Editor-SteamVRController.dll (API version 3709383).
LogModuleManager: Display: Found up-to-date module file ../../../Engine/Plugins/Runtime/WindowsMoviePlayer/Binaries/Win64/UE4Editor-WindowsMoviePlayer.dll (API version 3709383).
LogInit: Using libcurl 7.47.1
LogInit:  - built for x86_64-pc-win32
LogInit:  - supports SSL with OpenSSL/1.0.2g
LogInit:  - supports HTTP deflate (compression) using libz 1.2.8
LogInit:  - other features:
LogInit:      CURL_VERSION_SSL
LogInit:      CURL_VERSION_LIBZ
LogInit:      CURL_VERSION_IPV6
LogInit:      CURL_VERSION_ASYNCHDNS
LogInit:      CURL_VERSION_LARGEFILE
LogInit:      CURL_VERSION_IDN
LogInit:  CurlRequestOptions (configurable via config and command line):
LogInit:  - bVerifyPeer = false  - Libcurl will NOT verify peer certificate
LogInit:  - bUseHttpProxy = false  - Libcurl will NOT use HTTP proxy
LogInit:  - bDontReuseConnections = false  - Libcurl will reuse connections
LogInit:  - CertBundlePath = nullptr  - Libcurl will use whatever was configured at build time.
LogInit: Build: ++UE4+Release-4.18-CL-3832480
LogInit: Engine Version: 4.18.3-3832480+++UE4+Release-4.18
LogInit: Compatible Engine Version: 4.18.0-3709383+++UE4+Release-4.18
LogInit: Net CL: 3709383
LogDevObjectVersion: Number of dev versions registered: 16
LogDevObjectVersion:   Dev-Blueprints (B0D832E4-1F89-4F0D-ACCF-7EB736FD4AA2): 10
LogDevObjectVersion:   Dev-Build (E1C64328-A22C-4D53-A36C-8E866417BD8C): 0
LogDevObjectVersion:   Dev-Core (375EC13C-06E4-48FB-B500-84F0262A717E): 2
LogDevObjectVersion:   Dev-Editor (E4B068ED-F494-42E9-A231-DA0B2E46BB41): 20
LogDevObjectVersion:   Dev-Framework (CFFC743F-43B0-4480-9391-14DF171D2073): 30
LogDevObjectVersion:   Dev-Mobile (B02B49B5-BB20-44E9-A304-32B752E40360): 0
LogDevObjectVersion:   Dev-Networking (A4E4105C-59A1-49B5-A7C5-40C4547EDFEE): 0
LogDevObjectVersion:   Dev-Online (39C831C9-5AE6-47DC-9A44-9C173E1C8E7C): 0
LogDevObjectVersion:   Dev-Physics (78F01B33-EBEA-4F98-B9B4-84EACCB95AA2): 0
LogDevObjectVersion:   Dev-Platform (6631380F-2D4D-43E0-8009-CF276956A95A): 0
LogDevObjectVersion:   Dev-Rendering (12F88B9F-8875-4AFC-A67C-D90C383ABD29): 20
LogDevObjectVersion:   Dev-Sequencer (7B5AE74C-D270-4C10-A958-57980B212A5A): 4
LogDevObjectVersion:   Dev-VR (D7296918-1DD6-4BDD-9DE2-64A83CC13884): 0
LogDevObjectVersion:   Dev-LoadTimes (C2A15278-BFE7-4AFE-6C17-90FF531DF755): 1
LogDevObjectVersion:   Private-Geometry (6EACA3D4-40EC-4CC1-B786-8BED09428FC5): 1
LogDevObjectVersion:   Dev-AnimPhys (29E575DD-E0A3-4627-9D10-D276232CDCEA): 12
LogInit: Compiled (64-bit): Jan 12 2018 02:04:55
LogInit: Compiled with Visual C++: 19.00.24215.01
LogInit: Build Configuration: Development
LogInit: Branch Name: ++UE4+Release-4.18
LogInit: Command line: 
LogInit: Base directory: C:/Program Files/Epic Games/UE_4.18/Engine/Binaries/Win64/
LogInit: Installed Engine Build: 1
LogInit: Presizing for max 8388607 objects, including 0 objects not considered by GC, pre-allocating 0 bytes for permanent pool.
LogInit: Object subsystem initialized
[2018.01.25-08.44.15:347][  0]LogInit: Selected Device Profile: [Windows]
[2018.01.25-08.44.15:347][  0]LogInit: Applying CVar settings loaded from the selected device profile: [Windows]
[2018.01.25-08.44.15:359][  0]LogInit: Computer: DESKTOP-3HBJQFL
[2018.01.25-08.44.15:359][  0]LogInit: User: Luke
[2018.01.25-08.44.15:359][  0]LogInit: CPU Page size=4096, Cores=4
[2018.01.25-08.44.15:359][  0]LogInit: High frequency timer resolution =2.533208 MHz
[2018.01.25-08.44.15:360][  0]LogMemory: Memory total: Physical=15.9GB (16GB approx)
[2018.01.25-08.44.15:360][  0]LogMemory: Platform Memory Stats for Windows
[2018.01.25-08.44.15:360][  0]LogMemory: Process Physical Memory: 272.48 MB used, 272.48 MB peak
[2018.01.25-08.44.15:360][  0]LogMemory: Process Virtual Memory: 269.71 MB used, 269.71 MB peak
[2018.01.25-08.44.15:360][  0]LogMemory: Physical Memory: 6789.86 MB used,  9513.05 MB free, 16302.92 MB total
[2018.01.25-08.44.15:360][  0]LogMemory: Virtual Memory: 677.66 MB used,  9513.05 MB free, 134217728.00 MB total
[2018.01.25-08.44.15:827][  0]LogInit: Using OS detected language (en-US).
[2018.01.25-08.44.15:827][  0]LogInit: Using OS detected locale (en-US).
[2018.01.25-08.44.15:830][  0]LogTextLocalizationManager: No specific localization for 'en-US' exists, so the 'en' localization will be used.
[2018.01.25-08.44.16:244][  0]LogInit: Setting process to per monitor DPI aware
[2018.01.25-08.44.16:527][  0]LogD3D11RHI: D3D11 adapters:
[2018.01.25-08.44.16:569][  0]LogD3D11RHI:    0. 'NVIDIA GeForce GTX 960M' (Feature Level 11_0)
[2018.01.25-08.44.16:569][  0]LogD3D11RHI:       4055/0/8151 MB DedicatedVideo/DedicatedSystem/SharedSystem, Outputs:1, VendorId:0x10de
[2018.01.25-08.44.16:574][  0]LogD3D11RHI:    1. 'Intel(R) HD Graphics 4600' (Feature Level 11_0)
[2018.01.25-08.44.16:574][  0]LogD3D11RHI:       112/0/2048 MB DedicatedVideo/DedicatedSystem/SharedSystem, Outputs:0, VendorId:0x8086
[2018.01.25-08.44.16:576][  0]LogD3D11RHI:    2. 'Microsoft Basic Render Driver' (Feature Level 11_0)
[2018.01.25-08.44.16:576][  0]LogD3D11RHI:       0/0/8151 MB DedicatedVideo/DedicatedSystem/SharedSystem, Outputs:0, VendorId:0x1414
[2018.01.25-08.44.16:576][  0]LogD3D11RHI: Chosen D3D11 Adapter: 0
[2018.01.25-08.44.16:585][  0]LogD3D11RHI: Creating new Direct3DDevice
[2018.01.25-08.44.16:585][  0]LogD3D11RHI:     GPU DeviceId: 0x139b (for the marketing name, search the web for "GPU Device Id")
[2018.01.25-08.44.16:585][  0]LogWindows: EnumDisplayDevices:
[2018.01.25-08.44.16:585][  0]LogWindows:    0. 'Intel(R) HD Graphics 4600' (P:1 D:1)
[2018.01.25-08.44.16:585][  0]LogWindows:    1. 'Intel(R) HD Graphics 4600' (P:0 D:0)
[2018.01.25-08.44.16:586][  0]LogWindows:    2. 'Intel(R) HD Graphics 4600' (P:0 D:0)
[2018.01.25-08.44.16:586][  0]LogWindows: DebugString: GetVideoDriverDetailsInvalid PrimaryIsNotTheChoosenAdapter GetVideoDriverDetailsInvalid PrimaryIsNotTheChoosenAdapter GetVideoDriverDetailsInvalid PrimaryIsNotTheChoosenAdapter FoundDriverCount:0 
[2018.01.25-08.44.16:586][  0]LogD3D11RHI:     Adapter Name: NVIDIA GeForce GTX 960M
[2018.01.25-08.44.16:586][  0]LogD3D11RHI:   Driver Version: Unknown (internal:Unknown, unified:Unknown)
[2018.01.25-08.44.16:586][  0]LogD3D11RHI:      Driver Date: Unknown
[2018.01.25-08.44.16:586][  0]LogRHI: Texture pool is 2839 MB (70% of 4055 MB)
[2018.01.25-08.44.16:612][  0]LogD3D11RHI: Async texture creation enabled
[2018.01.25-08.44.16:630][  0]LogD3D11RHI: GPU Timing Frequency: 1000.000000 (Debug: 2 2)
[2018.01.25-08.44.16:631][  0]LogShaderCompilers: Guid format shader working directory is -33 characters bigger than the processId version (../../../../../../Users/Luke/Documents/Unreal Projects/bomberman-ue4/Bomberman/Intermediate/Shaders/WorkingDirectory/5684/).
[2018.01.25-08.44.16:631][  0]LogShaderCompilers: Cleaned the shader compiler working directory 'C:/Users/Luke/AppData/Local/Temp/UnrealShaderWorkingDir/2FBA3AB04DBFF89EA4E6D780B844CF38/'.
[2018.01.25-08.44.16:631][  0]LogShaderCompilers: Display: Using Local Shader Compiler.
[2018.01.25-08.44.17:637][  0]LogTemp: Display: Loaded TP AllDesktopTargetPlatform
[2018.01.25-08.44.17:697][  0]LogTemp: Display: Loaded TP MacClientTargetPlatform
[2018.01.25-08.44.17:755][  0]LogTemp: Display: Loaded TP MacNoEditorTargetPlatform
[2018.01.25-08.44.17:815][  0]LogTemp: Display: Loaded TP MacServerTargetPlatform
[2018.01.25-08.44.17:873][  0]LogTemp: Display: Loaded TP MacTargetPlatform
[2018.01.25-08.44.17:927][  0]LogTemp: Display: Loaded TP WindowsClientTargetPlatform
[2018.01.25-08.44.17:984][  0]LogTemp: Display: Loaded TP WindowsNoEditorTargetPlatform
[2018.01.25-08.44.18:043][  0]LogTemp: Display: Loaded TP WindowsServerTargetPlatform
[2018.01.25-08.44.18:105][  0]LogTemp: Display: Loaded TP WindowsTargetPlatform
[2018.01.25-08.44.18:169][  0]LogTemp: Display: Loaded TP Android_ASTCTargetPlatform
[2018.01.25-08.44.18:230][  0]LogTemp: Display: Loaded TP Android_ATCTargetPlatform
[2018.01.25-08.44.18:288][  0]LogTemp: Display: Loaded TP Android_DXTTargetPlatform
[2018.01.25-08.44.18:339][  0]LogTemp: Display: Loaded TP Android_ETC1TargetPlatform
[2018.01.25-08.44.18:392][  0]LogTemp: Display: Loaded TP Android_ETC2TargetPlatform
[2018.01.25-08.44.18:530][  0]LogTemp: Display: Loaded TP Android_MultiTargetPlatform
[2018.01.25-08.44.18:530][  0]LogTemp: Display: Loaded TP Android_PVRTCTargetPlatform
[2018.01.25-08.44.18:582][  0]LogTemp: Display: Loaded TP AndroidTargetPlatform
[2018.01.25-08.44.18:626][  0]LogTemp: Display: Loaded TP HTML5TargetPlatform
[2018.01.25-08.44.18:729][  0]LogTemp: Display: Loaded TP IOSTargetPlatform
[2018.01.25-08.44.18:756][  0]LogTemp: Display: Loaded TP TVOSTargetPlatform
[2018.01.25-08.44.18:809][  0]LogTemp: Display: Loaded TP LinuxClientTargetPlatform
[2018.01.25-08.44.18:863][  0]LogTemp: Display: Loaded TP LinuxNoEditorTargetPlatform
[2018.01.25-08.44.18:921][  0]LogTemp: Display: Loaded TP LinuxServerTargetPlatform
[2018.01.25-08.44.18:977][  0]LogTemp: Display: Loaded TP LinuxTargetPlatform
[2018.01.25-08.44.18:977][  0]LogTargetPlatformManager: Display: Building Assets For Windows
[2018.01.25-08.44.19:500][  0]LogDerivedDataCache: Display: Max Cache Size: 512 MB
[2018.01.25-08.44.19:571][  0]LogDerivedDataCache: Loaded boot cache 0.07s 78MB C:/Users/Luke/AppData/Local/UnrealEngine/4.18/DerivedDataCache/Boot.ddc.
[2018.01.25-08.44.19:571][  0]LogDerivedDataCache: Display: Loaded Boot cache: C:/Users/Luke/AppData/Local/UnrealEngine/4.18/DerivedDataCache/Boot.ddc
[2018.01.25-08.44.19:571][  0]LogDerivedDataCache: FDerivedDataBackendGraph:  Pak pak cache file ../../../../../../Users/Luke/Documents/Unreal Projects/bomberman-ue4/Bomberman/DerivedDataCache/DDC.ddp not found, will not use a pak cache.
[2018.01.25-08.44.19:571][  0]LogDerivedDataCache: Unable to find inner node Pak for hierarchical cache Hierarchy.
[2018.01.25-08.44.19:571][  0]LogDerivedDataCache: FDerivedDataBackendGraph:  CompressedPak pak cache file ../../../../../../Users/Luke/Documents/Unreal Projects/bomberman-ue4/Bomberman/DerivedDataCache/Compressed.ddp not found, will not use a pak cache.
[2018.01.25-08.44.19:571][  0]LogDerivedDataCache: Unable to find inner node CompressedPak for hierarchical cache Hierarchy.
[2018.01.25-08.44.19:588][  0]LogDerivedDataCache: Display: Pak cache opened for reading ../../../Engine/DerivedDataCache/Compressed.ddp.
[2018.01.25-08.44.19:600][  0]LogDerivedDataCache: Using Local data cache path C:/Users/Luke/AppData/Local/UnrealEngine/Common/DerivedDataCache: Writable
[2018.01.25-08.44.19:610][  0]LogMaterial: Verifying Global Shaders for PCD3D_SM5
[2018.01.25-08.44.19:610][  0]LogSlate: Using Freetype 2.6.0
[2018.01.25-08.44.19:611][  0]LogSlate: SlateFontCache - WITH_FREETYPE: 1, WITH_HARFBUZZ: 1
[2018.01.25-08.44.19:611][  0]LogSlate: SlateFontCache - WITH_FREETYPE: 1, WITH_HARFBUZZ: 1
[2018.01.25-08.44.19:991][  0]LogInit: Selected Device Profile: [Windows]
[2018.01.25-08.44.20:359][  0]LogSimplygon: Simplygon DLL not present - disabling.
[2018.01.25-08.44.20:402][  0]LogMeshReduction: Using SimplygonSwarm for distributed automatic mesh merging
[2018.01.25-08.44.20:402][  0]LogMeshReduction: Using QuadricMeshReduction for automatic static mesh reduction
[2018.01.25-08.44.20:402][  0]LogMeshReduction: No automatic skeletal mesh reduction module available
[2018.01.25-08.44.20:402][  0]LogMeshReduction: No automatic mesh merging module available
[2018.01.25-08.44.20:402][  0]LogMeshMerging: No automatic mesh merging module available
[2018.01.25-08.44.20:431][  0]LogNetVersion: Bomberman , NetCL: 3709383, EngineNetVer: 2, GameNetVer: 0 (Checksum: 2909264662)
[2018.01.25-08.44.20:600][  0]LogAssetRegistry: FAssetRegistry took 0.0261 seconds to start up
[2018.01.25-08.44.21:107][  0]LogPackageLocalizationCache: Processed 7 localized package path(s) for 2 prioritized culture(s) in 0.072533 seconds
[2018.01.25-08.44.21:113][  0]LogUObjectArray: 35870 objects as part of root set at end of initial load.
[2018.01.25-08.44.21:113][  0]LogUObjectAllocator: 7363696 out of 0 bytes used by permanent object pool.
[2018.01.25-08.44.21:113][  0]LogUObjectArray: CloseDisregardForGC: 0/0 objects in disregard for GC pool
[2018.01.25-08.44.21:166][  0]LogInit: WinSock: version 1.1 (2.2), MaxSocks=32767, MaxUdp=65467
[2018.01.25-08.44.24:060][  0]LogTcpMessaging: Initializing TcpMessaging bridge
[2018.01.25-08.44.24:102][  0]LogUdpMessaging: Initializing bridge on interface 0.0.0.0:0 to multicast group 230.0.0.1:6666.
[2018.01.25-08.44.24:907][  0]LogMaterial: Uniform references updated for custom material expression Custom.
[2018.01.25-08.44.25:368][  0]SourceControl: Source control is disabled
[2018.01.25-08.44.25:368][  0]SourceControl: Source control is disabled
[2018.01.25-08.44.25:427][  0]SourceControl: Source control is disabled
[2018.01.25-08.44.25:484][  0]SourceControl: Source control is disabled
[2018.01.25-08.44.26:399][  0]LogAndroidPermission: UAndroidPermissionCallbackProxy::GetInstance
[2018.01.25-08.44.26:708][  0]LogOcInput: OculusInput pre-init called
[2018.01.25-08.44.26:988][  0]LogEngine: Initializing Engine...
[2018.01.25-08.44.26:990][  0]LogHMD: Failed to initialize OpenVR with code 110
[2018.01.25-08.44.27:193][  0]LogStats: UGameplayTagsManager::ConstructGameplayTagTree: Construct from data asset -  0.000 s
[2018.01.25-08.44.27:193][  0]LogStats: UGameplayTagsManager::ConstructGameplayTagTree: GameplayTagTreeChangedEvent.Broadcast -  0.000 s
[2018.01.25-08.44.27:346][  0]LogAIModule: Creating AISystem for world Untitled
[2018.01.25-08.44.27:359][  0]LogInit: XAudio2 using 'Speakers (Realtek High Definition Audio)' : 2 channels at 48 kHz using 32 bits per sample (channel mask 0x3)
[2018.01.25-08.44.27:375][  0]LogInit: FAudioDevice initialized.
[2018.01.25-08.44.27:470][  0]LogDerivedDataCache: Saved boot cache 0.09s 78MB C:/Users/Luke/AppData/Local/UnrealEngine/4.18/DerivedDataCache/Boot.ddc.
[2018.01.25-08.44.27:481][  0]LogInit: Texture streaming: Enabled
[2018.01.25-08.44.27:594][  0]LogEngineSessionManager: EngineSessionManager initialized
[2018.01.25-08.44.27:594][  0]LogEngineSessionManager: EngineSessionManager sent abnormal shutdown report. Type=Crashed, SessionId={CFB9D54F-453A-EFF9-FB0E-42827E1C5EE7}
[2018.01.25-08.44.27:746][  0]LogInit: Transaction tracking system initialized
[2018.01.25-08.44.28:069][  0]BlueprintLog: New page: Editor Load
[2018.01.25-08.44.29:025][  0]LocalizationService: Localization service is disabled
[2018.01.25-08.44.29:855][  0]LogConsoleResponse: Display: 
[2018.01.25-08.44.30:026][  0]LogCook: Display: Max memory allowance for cook 16384mb min free memory 0mb
[2018.01.25-08.44.30:026][  0]LogCook: Display: Mobile HDR setting 1
[2018.01.25-08.44.30:026][  0]LogGameplayTags: Display: UGameplayTagsManager::DoneAddingNativeTags. DelegateIsBound: 0
[2018.01.25-08.44.31:275][  0]LogFileCache: Scanning file cache for directory 'C:/Users/Luke/Documents/Unreal Projects/bomberman-ue4/Bomberman/Content/' took 0.01s
[2018.01.25-08.44.31:324][  0]SourceControl: Source control is disabled
[2018.01.25-08.44.31:325][  0]Cmd: MAP LOAD FILE="../../../../../../Users/Luke/Documents/Unreal Projects/bomberman-ue4/Bomberman/Content/Maps/Bomberman_Level.umap" TEMPLATE=0 SHOWPROGRESS=1 FEATURELEVEL=3
[2018.01.25-08.44.31:325][  0]LightingResults: New page: Lighting Build
[2018.01.25-08.44.31:367][  0]MapCheck: New page: Map Check
[2018.01.25-08.44.31:367][  0]LightingResults: New page: Lighting Build
[2018.01.25-08.44.31:886][  0]LogAIModule: Creating AISystem for world Bomberman_Level
[2018.01.25-08.44.31:890][  0]LogEditorServer: Finished looking for orphan Actors (0.000 secs)
[2018.01.25-08.44.31:903][  0]Cmd: MAP CHECKDEP NOCLEARLOG
[2018.01.25-08.44.31:965][  0]MapCheck: Map check complete: 0 Error(s), 0 Warning(s), took 62.559ms to complete.
[2018.01.25-08.44.31:965][  0]LogFileHelpers: Loading map 'Bomberman_Level' took 0.641
[2018.01.25-08.44.32:032][  0]LogWindowsTextInputMethodSystem: Display: IME system now deactivated.
[2018.01.25-08.44.32:114][  0]LogCollectionManager: Loaded 0 collections in 0.001583 seconds
[2018.01.25-08.44.32:197][  0]LogFileCache: Scanning file cache for directory 'C:/Users/Luke/Documents/Unreal Projects/bomberman-ue4/Bomberman/Saved/Collections/' took 0.01s
[2018.01.25-08.44.32:197][  0]LogFileCache: Scanning file cache for directory 'C:/Users/Luke/Documents/Unreal Projects/bomberman-ue4/Bomberman/Content/Developers/Luke/Collections/' took 0.01s
[2018.01.25-08.44.32:197][  0]LogFileCache: Scanning file cache for directory 'C:/Users/Luke/Documents/Unreal Projects/bomberman-ue4/Bomberman/Content/Collections/' took 0.01s
[2018.01.25-08.44.32:197][  0]LogCollectionManager: Rebuilt the GUID cache for 0 collections in 0.000000 seconds
[2018.01.25-08.44.32:209][  0]LogContentBrowser: Native class hierarchy populated in 0.0116 seconds. Added 2370 classes and 521 folders.
[2018.01.25-08.44.32:288][  0]LogContentBrowser: Native class hierarchy updated for 'WidgetCarousel' in 0.0006 seconds. Added 0 classes and 0 folders.
[2018.01.25-08.44.32:332][  0]LogContentBrowser: Native class hierarchy updated for 'AddContentDialog' in 0.0008 seconds. Added 0 classes and 0 folders.
[2018.01.25-08.44.32:387][  0]LogContentBrowser: Native class hierarchy updated for 'SceneOutliner' in 0.0008 seconds. Added 1 classes and 2 folders.
[2018.01.25-08.44.32:487][  0]LogSlate: Took 0.000253 seconds to synchronously load lazily loaded font '../../../Engine/Content/Slate/Fonts/Roboto-Regular.ttf' (155K)
[2018.01.25-08.44.32:490][  0]LogSlate: Took 0.000347 seconds to synchronously load lazily loaded font '../../../Engine/Content/Slate/Fonts/Roboto-Bold.ttf' (160K)
[2018.01.25-08.44.32:499][  0]LogSlate: Took 0.000198 seconds to synchronously load lazily loaded font '../../../Engine/Content/Editor/Slate/Fonts/FontAwesome.ttf' (139K)
[2018.01.25-08.44.32:609][  0]LogRenderer: Reallocating scene render targets to support 1208x576 Format 10 NumSamples 1 (Frame:1).
[2018.01.25-08.44.32:808][  0]LogContentBrowser: Native class hierarchy updated for 'HierarchicalLODOutliner' in 0.0006 seconds. Added 1 classes and 2 folders.
[2018.01.25-08.44.32:808][  0]LogLoad: (Engine Initialization) Total time: 20.08 seconds
[2018.01.25-08.44.32:808][  0]LogLoad: (Engine Initialization) Total Blueprint compile time: 0.00 seconds
[2018.01.25-08.44.32:808][  0]LogExternalProfiler: Found external profiler: VSPerf
[2018.01.25-08.44.32:808][  0]LogExternalProfiler: Using external profiler: VSPerf
[2018.01.25-08.44.32:847][  0]LogContentStreaming: Texture pool size now 1000 MB
[2018.01.25-08.44.32:891][  0]LogSlate: Took 0.000161 seconds to synchronously load lazily loaded font '../../../Engine/Content/Slate/Fonts/Roboto-Light.ttf' (159K)
[2018.01.25-08.44.32:920][  1]LogAssetRegistry: Asset discovery search completed in 12.3423 seconds
[2018.01.25-08.44.32:923][  1]LogCollectionManager: Rebuilt the object cache for 0 collections in 0.000000 seconds (found 0 objects)
[2018.01.25-08.44.32:923][  1]LogCollectionManager: Fixed up redirectors for 0 collections in 0.000118 seconds (updated 0 objects)
[2018.01.25-08.44.33:880][ 39]LogVSAccessor: Warning: Couldn't access Visual Studio
[2018.01.25-08.44.33:884][ 39]Candidate modules for hot reload:
[2018.01.25-08.44.33:884][ 39]  Bomberman
[2018.01.25-08.44.33:884][ 39]Launching UnrealBuildTool... [C:/Program Files/Epic Games/UE_4.18/Engine/Binaries/DotNET/UnrealBuildTool.exe Bomberman -ModuleWithSuffix Bomberman 2225 Win64 Development -editorrecompile -canskiplink "C:/Users/Luke/Documents/Unreal Projects/bomberman-ue4/Bomberman/Bomberman.uproject" ]
[2018.01.25-08.44.33:887][ 39]Warning: Starting HotReload took  0.0s.
[2018.01.25-08.44.34:949][103]CompilerResultsLog: New page: Compilation - Jan 25, 2018, 8:44:34 AM
[2018.01.25-08.44.34:949][103]CompilerResultsLog: Using 'git status' to determine working set for adaptive non-unity build.
[2018.01.25-08.44.34:949][103]CompilerResultsLog: Compiling game modules for hot reload
[2018.01.25-08.44.34:949][103]CompilerResultsLog: Target is up to date
[2018.01.25-08.44.34:949][103]CompilerResultsLog: Total build time: 0.81 seconds (NoActionsToExecute executor: 0.00 seconds)
[2018.01.25-08.44.34:949][103]LogMainFrame: MainFrame: Module compiling took 1.069 seconds
[2018.01.25-08.44.34:970][103]LogContentBrowser: Native class hierarchy populated in 0.0088 seconds. Added 2372 classes and 525 folders.
[2018.01.25-08.44.34:970][103]Display: HotReload took  1.1s.
[2018.01.25-08.44.59:348][536]LogTemp: Repeating last play command: Selected Viewport
[2018.01.25-08.44.59:398][536]LogPlayLevel: PlayLevel: No blueprints needed recompiling
[2018.01.25-08.44.59:398][536]PIE: New page: PIE session: Bomberman_Level (Jan 25, 2018, 8:44:59 AM)
[2018.01.25-08.44.59:398][536]LogPlayLevel: Creating play world package: /Game/Maps/UEDPIE_0_Bomberman_Level
[2018.01.25-08.44.59:399][536]LogPlayLevel: PIE: StaticDuplicateObject took: (0.001097s)
[2018.01.25-08.44.59:400][536]LogAIModule: Creating AISystem for world Bomberman_Level
[2018.01.25-08.44.59:400][536]LogPlayLevel: PIE: World Init took: (0.000759s)
[2018.01.25-08.44.59:401][536]LogPlayLevel: PIE: Created PIE world by copying editor world from /Game/Maps/Bomberman_Level.Bomberman_Level to /Game/Maps/UEDPIE_0_Bomberman_Level.Bomberman_Level (0.002378s)
[2018.01.25-08.44.59:417][536]LogInit: XAudio2 using 'Speakers (Realtek High Definition Audio)' : 2 channels at 48 kHz using 32 bits per sample (channel mask 0x3)
[2018.01.25-08.44.59:431][536]LogInit: FAudioDevice initialized.
[2018.01.25-08.44.59:486][536]LogLoad: Game class is 'BP_Bomberman_GameMode_C'
[2018.01.25-08.44.59:489][536]LogWorld: Bringing World /Game/Maps/UEDPIE_0_Bomberman_Level.Bomberman_Level up for play (max tick rate 60) at 2018.01.25-08.44.59
[2018.01.25-08.44.59:489][536]LogWorld: Bringing up level for play took: 0.000829
[2018.01.25-08.44.59:561][536]LogContentBrowser: Native class hierarchy updated for 'MovieSceneCapture' in 0.0006 seconds. Added 11 classes and 0 folders.
[2018.01.25-08.44.59:563][536]LogTemp: Warning: Beginning Bomberman game...
[2018.01.25-08.44.59:614][536]PIE: Play in editor start time for /Game/Maps/UEDPIE_0_Bomberman_Level 0.459
[2018.01.25-08.44.59:626][536]LogScript: Warning: Accessed None trying to read property Red Player
	BP_HUD_C /Engine/Transient.UnrealEdEngine_0:GameInstance_0.BP_HUD_C_0
	Function /Game/Blueprints/BP_HUD.BP_HUD_C:Get Red Bombs:003D
[2018.01.25-08.44.59:626][536]LogScript: Warning: Accessed None trying to read property Red Player
	BP_HUD_C /Engine/Transient.UnrealEdEngine_0:GameInstance_0.BP_HUD_C_0
	Function /Game/Blueprints/BP_HUD.BP_HUD_C:Get Red Range:003D
[2018.01.25-08.44.59:627][536]LogScript: Warning: Accessed None trying to read property Blue Player
	BP_HUD_C /Engine/Transient.UnrealEdEngine_0:GameInstance_0.BP_HUD_C_0
	Function /Game/Blueprints/BP_HUD.BP_HUD_C:Get Blue Bombs:003D
[2018.01.25-08.44.59:627][536]LogScript: Warning: Accessed None trying to read property Blue Player
	BP_HUD_C /Engine/Transient.UnrealEdEngine_0:GameInstance_0.BP_HUD_C_0
	Function /Game/Blueprints/BP_HUD.BP_HUD_C:Get Blue Range:003D
[2018.01.25-08.45.19:523][719]LogScript: Warning: Attempted to access BP_Bomberman_P2_C_0 via property Blue Player, but BP_Bomberman_P2_C_0 is pending kill
	BP_HUD_C /Engine/Transient.UnrealEdEngine_0:GameInstance_0.BP_HUD_C_0
	Function /Game/Blueprints/BP_HUD.BP_HUD_C:Get Blue Bombs:003D
[2018.01.25-08.45.19:524][719]LogScript: Warning: Attempted to access BP_Bomberman_P2_C_0 via property Blue Player, but BP_Bomberman_P2_C_0 is pending kill
	BP_HUD_C /Engine/Transient.UnrealEdEngine_0:GameInstance_0.BP_HUD_C_0
	Function /Game/Blueprints/BP_HUD.BP_HUD_C:Get Blue Range:003D
[2018.01.25-08.45.19:537][720]LogScript: Warning: Attempted to access BP_Bomberman_P2_C_0 via property Blue Player, but BP_Bomberman_P2_C_0 is pending kill
	BP_HUD_C /Engine/Transient.UnrealEdEngine_0:GameInstance_0.BP_HUD_C_0
	Function /Game/Blueprints/BP_HUD.BP_HUD_C:Get Blue Bombs:003D
[2018.01.25-08.45.19:538][720]LogScript: Warning: Attempted to access BP_Bomberman_P2_C_0 via property Blue Player, but BP_Bomberman_P2_C_0 is pending kill
	BP_HUD_C /Engine/Transient.UnrealEdEngine_0:GameInstance_0.BP_HUD_C_0
	Function /Game/Blueprints/BP_HUD.BP_HUD_C:Get Blue Range:003D
[2018.01.25-08.45.19:554][721]LogScript: Warning: Attempted to access BP_Bomberman_P2_C_0 via property Blue Player, but BP_Bomberman_P2_C_0 is pending kill
	BP_HUD_C /Engine/Transient.UnrealEdEngine_0:GameInstance_0.BP_HUD_C_0
	Function /Game/Blueprints/BP_HUD.BP_HUD_C:Get Blue Bombs:003D
[2018.01.25-08.45.19:554][721]LogScript: Warning: Attempted to access BP_Bomberman_P2_C_0 via property Blue Player, but BP_Bomberman_P2_C_0 is pending kill
	BP_HUD_C /Engine/Transient.UnrealEdEngine_0:GameInstance_0.BP_HUD_C_0
	Function /Game/Blueprints/BP_HUD.BP_HUD_C:Get Blue Range:003D
[2018.01.25-08.45.19:571][722]LogScript: Warning: Attempted to access BP_Bomberman_P2_C_0 via property Blue Player, but BP_Bomberman_P2_C_0 is pending kill
	BP_HUD_C /Engine/Transient.UnrealEdEngine_0:GameInstance_0.BP_HUD_C_0
	Function /Game/Blueprints/BP_HUD.BP_HUD_C:Get Blue Bombs:003D
[2018.01.25-08.45.19:571][722]LogScript: Warning: Attempted to access BP_Bomberman_P2_C_0 via property Blue Player, but BP_Bomberman_P2_C_0 is pending kill
	BP_HUD_C /Engine/Transient.UnrealEdEngine_0:GameInstance_0.BP_HUD_C_0
	Function /Game/Blueprints/BP_HUD.BP_HUD_C:Get Blue Range:003D
[2018.01.25-08.45.19:588][723]LogScript: Warning: Attempted to access BP_Bomberman_P2_C_0 via property Blue Player, but BP_Bomberman_P2_C_0 is pending kill
	BP_HUD_C /Engine/Transient.UnrealEdEngine_0:GameInstance_0.BP_HUD_C_0
	Function /Game/Blueprints/BP_HUD.BP_HUD_C:Get Blue Bombs:003D
[2018.01.25-08.45.19:588][723]LogScript: Warning: Attempted to access BP_Bomberman_P2_C_0 via property Blue Player, but BP_Bomberman_P2_C_0 is pending kill
	BP_HUD_C /Engine/Transient.UnrealEdEngine_0:GameInstance_0.BP_HUD_C_0
	Function /Game/Blueprints/BP_HUD.BP_HUD_C:Get Blue Range:003D
[2018.01.25-08.45.19:604][724]LogScript: Warning: Attempted to access BP_Bomberman_P2_C_0 via property Blue Player, but BP_Bomberman_P2_C_0 is pending kill
	BP_HUD_C /Engine/Transient.UnrealEdEngine_0:GameInstance_0.BP_HUD_C_0
	Function /Game/Blueprints/BP_HUD.BP_HUD_C:Get Blue Bombs:003D
[2018.01.25-08.45.19:605][724]LogScript: Warning: Attempted to access BP_Bomberman_P2_C_0 via property Blue Player, but BP_Bomberman_P2_C_0 is pending kill
	BP_HUD_C /Engine/Transient.UnrealEdEngine_0:GameInstance_0.BP_HUD_C_0
	Function /Game/Blueprints/BP_HUD.BP_HUD_C:Get Blue Range:003D
[2018.01.25-08.45.19:621][725]LogScript: Warning: Attempted to access BP_Bomberman_P2_C_0 via property Blue Player, but BP_Bomberman_P2_C_0 is pending kill
	BP_HUD_C /Engine/Transient.UnrealEdEngine_0:GameInstance_0.BP_HUD_C_0
	Function /Game/Blueprints/BP_HUD.BP_HUD_C:Get Blue Bombs:003D
[2018.01.25-08.46.47:997][ 95]LogOutputDevice: Warning: 

Script Stack:
BP_Wall_Breakable_C.ExecuteUbergraph_BP_Wall_Breakable
BP_Wall_Breakable_C.ReceiveDestroyed
BP_WinScreen_C.ExecuteUbergraph_BP_WinScreen
BP_WinScreen_C.BndEvt__Button_199_K2Node_ComponentBoundEvent_10_OnButtonClickedEvent__DelegateSignature

[2018.01.25-08.47.17:622][ 95]LogWindows: Error: === Critical error: ===
[2018.01.25-08.47.17:622][ 95]LogWindows: Error: 
[2018.01.25-08.47.17:622][ 95]LogWindows: Error: Assertion failed: (Index >= 0) & (Index < ArrayNum) [File:C:\Program Files\Epic Games\UE_4.18\Engine\Source\Runtime\Core\Public\Containers/Array.h] [Line: 610] 
[2018.01.25-08.47.17:622][ 95]LogWindows: Error: Array index out of bounds: 7 from an array of size 6
[2018.01.25-08.47.17:622][ 95]LogWindows: Error: 
[2018.01.25-08.47.17:622][ 95]LogWindows: Error: 
[2018.01.25-08.47.17:622][ 95]LogWindows: Error: Unhandled Exception: 0x80000003
[2018.01.25-08.47.17:622][ 95]LogWindows: Error: 
[2018.01.25-08.47.17:622][ 95]LogWindows: Error: [Callstack] 0x00000000F16F44CC UE4Editor-Bomberman-8647.dll!ABombermanGameModeBase::DropPowerup() [c:\users\luke\documents\unreal projects\bomberman-ue4\bomberman\source\bomberman\bombermangamemodebase.cpp:166]
[2018.01.25-08.47.17:622][ 95]LogWindows: Error: [Callstack] 0x00000000F16F7908 UE4Editor-Bomberman-8647.dll!ABombermanGameModeBase::execDropPowerup() [c:\users\luke\documents\unreal projects\bomberman-ue4\bomberman\source\bomberman\bombermangamemodebase.h:45]
[2018.01.25-08.47.17:622][ 95]LogWindows: Error: [Callstack] 0x00000000137B5264 UE4Editor-CoreUObject.dll!UnknownFunction []
[2018.01.25-08.47.17:622][ 95]LogWindows: Error: [Callstack] 0x0000000013979B74 UE4Editor-CoreUObject.dll!UnknownFunction []
[2018.01.25-08.47.17:622][ 95]LogWindows: Error: [Callstack] 0x000000001398FA41 UE4Editor-CoreUObject.dll!UnknownFunction []
[2018.01.25-08.47.17:622][ 95]LogWindows: Error: [Callstack] 0x0000000013991B72 UE4Editor-CoreUObject.dll!UnknownFunction []
[2018.01.25-08.47.17:622][ 95]LogWindows: Error: [Callstack] 0x000000001397A57E UE4Editor-CoreUObject.dll!UnknownFunction []
[2018.01.25-08.47.17:622][ 95]LogWindows: Error: [Callstack] 0x0000000013991B72 UE4Editor-CoreUObject.dll!UnknownFunction []
[2018.01.25-08.47.17:622][ 95]LogWindows: Error: [Callstack] 0x00000000137B5264 UE4Editor-CoreUObject.dll!UnknownFunction []
[2018.01.25-08.47.17:622][ 95]LogWindows: Error: [Callstack] 0x0000000013990F66 UE4Editor-CoreUObject.dll!UnknownFunction []
[2018.01.25-08.47.17:622][ 95]LogWindows: Error: [Callstack] 0x0000000008CCE64B UE4Editor-Engine.dll!UnknownFunction []
[2018.01.25-08.47.17:622][ 95]LogWindows: Error: [Callstack] 0x0000000008C9C34B UE4Editor-Engine.dll!UnknownFunction []
[2018.01.25-08.47.17:622][ 95]LogWindows: Error: [Callstack] 0x0000000009538897 UE4Editor-Engine.dll!UnknownFunction []
[2018.01.25-08.47.17:622][ 95]LogWindows: Error: [Callstack] 0x0000000008C9B9F4 UE4Editor-Engine.dll!UnknownFunction []
[2018.01.25-08.47.17:622][ 95]LogWindows: Error: [Callstack] 0x00000000F16F6A04 UE4Editor-Bomberman-8647.dll!ABombermanGameModeBase::ResetGame() [c:\users\luke\documents\unreal projects\bomberman-ue4\bomberman\source\bomberman\bombermangamemodebase.cpp:274]
[2018.01.25-08.47.17:622][ 95]LogWindows: Error: [Callstack] 0x00000000137B5264 UE4Editor-CoreUObject.dll!UnknownFunction []
[2018.01.25-08.47.17:622][ 95]LogWindows: Error: [Callstack] 0x0000000013979B74 UE4Editor-CoreUObject.dll!UnknownFunction []
[2018.01.25-08.47.17:622][ 95]LogWindows: Error: [Callstack] 0x000000001398FA41 UE4Editor-CoreUObject.dll!UnknownFunction []
[2018.01.25-08.47.17:622][ 95]LogWindows: Error: [Callstack] 0x0000000013991B72 UE4Editor-CoreUObject.dll!UnknownFunction []
[2018.01.25-08.47.17:623][ 95]LogWindows: Error: [Callstack] 0x000000001397A57E UE4Editor-CoreUObject.dll!UnknownFunction []
[2018.01.25-08.47.17:623][ 95]LogWindows: Error: [Callstack] 0x0000000013991B72 UE4Editor-CoreUObject.dll!UnknownFunction []
[2018.01.25-08.47.17:623][ 95]LogWindows: Error: [Callstack] 0x00000000137B5264 UE4Editor-CoreUObject.dll!UnknownFunction []
[2018.01.25-08.47.17:623][ 95]LogWindows: Error: [Callstack] 0x0000000013990F66 UE4Editor-CoreUObject.dll!UnknownFunction []
[2018.01.25-08.47.17:623][ 95]LogWindows: Error: [Callstack] 0x000000001204E139 UE4Editor-UMG.dll!UnknownFunction []
[2018.01.25-08.47.17:623][ 95]LogWindows: Error: [Callstack] 0x000000001214C83F UE4Editor-UMG.dll!UnknownFunction []
[2018.01.25-08.47.17:623][ 95]LogWindows: Error: [Callstack] 0x000000001202838E UE4Editor-UMG.dll!UnknownFunction []
[2018.01.25-08.47.17:623][ 95]LogWindows: Error: [Callstack] 0x000000001202A749 UE4Editor-UMG.dll!UnknownFunction []
[2018.01.25-08.47.17:623][ 95]LogWindows: Error: [Callstack] 0x00000000120D3221 UE4Editor-UMG.dll!UnknownFunction []
[2018.01.25-08.47.17:623][ 95]LogWindows: Error: [Callstack] 0x0000000013342B27 UE4Editor-Slate.dll!UnknownFunction []
[2018.01.25-08.47.17:623][ 95]LogWindows: Error: [Callstack] 0x000000001336EA04 UE4Editor-Slate.dll!UnknownFunction []
[2018.01.25-08.47.17:623][ 95]LogWindows: Error: [Callstack] 0x0000000013185EFC UE4Editor-Slate.dll!UnknownFunction []
[2018.01.25-08.47.17:623][ 95]LogWindows: Error: [Callstack] 0x0000000013158095 UE4Editor-Slate.dll!UnknownFunction []
[2018.01.25-08.47.17:623][ 95]LogWindows: Error: [Callstack] 0x00000000131F28A7 UE4Editor-Slate.dll!UnknownFunction []
[2018.01.25-08.47.17:623][ 95]LogWindows: Error: [Callstack] 0x00000000131DB092 UE4Editor-Slate.dll!UnknownFunction []
[2018.01.25-08.47.17:623][ 95]LogWindows: Error: [Callstack] 0x00000000131CD902 UE4Editor-Slate.dll!UnknownFunction []
[2018.01.25-08.47.17:623][ 95]LogWindows: Error: [Callstack] 0x000000003514E54B UE4Editor-ApplicationCore.dll!UnknownFunction []
[2018.01.25-08.47.17:623][ 95]LogWindows: Error: [Callstack] 0x0000000035141A48 UE4Editor-ApplicationCore.dll!UnknownFunction []
[2018.01.25-08.47.17:623][ 95]LogWindows: Error: [Callstack] 0x00000000351503EC UE4Editor-ApplicationCore.dll!UnknownFunction []
[2018.01.25-08.47.17:623][ 95]LogWindows: Error: [Callstack] 0x000000003513D5A9 UE4Editor-ApplicationCore.dll!UnknownFunction []
[2018.01.25-08.47.17:623][ 95]LogWindows: Error: [Callstack] 0x000000004055B85D USER32.dll!UnknownFunction []
[2018.01.25-08.47.17:623][ 95]LogWindows: Error: [Callstack] 0x000000004055B1EF USER32.dll!UnknownFunction []
[2018.01.25-08.47.17:623][ 95]LogWindows: Error: [Callstack] 0x0000000035151516 UE4Editor-ApplicationCore.dll!UnknownFunction []
[2018.01.25-08.47.17:623][ 95]LogWindows: Error: [Callstack] 0x000000009CAD50C8 UE4Editor.exe!UnknownFunction []
[2018.01.25-08.47.17:623][ 95]LogWindows: Error: [Callstack] 0x000000009CAE5430 UE4Editor.exe!UnknownFunction []
[2018.01.25-08.47.17:623][ 95]LogWindows: Error: [Callstack] 0x000000009CAE54AA UE4Editor.exe!UnknownFunction []
[2018.01.25-08.47.17:623][ 95]LogWindows: Error: [Callstack] 0x000000009CAF2379 UE4Editor.exe!UnknownFunction []
[2018.01.25-08.47.17:623][ 95]LogWindows: Error: [Callstack] 0x000000009CAF3D57 UE4Editor.exe!UnknownFunction []
[2018.01.25-08.47.17:623][ 95]LogWindows: Error: [Callstack] 0x0000000040821FE4 KERNEL32.DLL!UnknownFunction []
[2018.01.25-08.47.17:623][ 95]LogWindows: Error: [Callstack] 0x000000004096EFB1 ntdll.dll!UnknownFunction []
[2018.01.25-08.47.17:623][ 95]LogWindows: Error: [Callstack] 0x000000004096EFB1 ntdll.dll!UnknownFunction []
[2018.01.25-08.47.17:623][ 95]LogWindows: Error: 
[2018.01.25-08.47.17:636][ 95]LogExit: Executing StaticShutdownAfterError
[2018.01.25-08.47.17:641][ 95]LogWindows: FPlatformMisc::RequestExit(1)
[2018.01.25-08.47.17:641][ 95]Log file closed, 01/25/18 08:47:17
